<?xml version="1.0" encoding="UTF-8"?>
<!-- Generated by org.testng.reporters.JUnitReportReporter -->
<testsuite hostname="DESKTOP-GDN8ABU" failures="0" tests="6" name="test.TC_001_RegisterTest" time="20.835" errors="2" timestamp="2024-12-11T17:29:06 IST" skipped="2">
  <testcase classname="test.TC_001_RegisterTest" name="browserClose" time="6.075">
    <error type="java.lang.StackOverflowError">
      <![CDATA[java.lang.StackOverflowError
at base.ProjectSpecificationMethods.browserClose(ProjectSpecificationMethods.java:21)
at base.ProjectSpecificationMethods.browserClose(ProjectSpecificationMethods.java:21)
at base.ProjectSpecificationMethods.browserClose(ProjectSpecificationMethods.java:21)
at base.ProjectSpecificationMethods.browserClose(ProjectSpecificationMethods.java:21)
at base.ProjectSpecificationMethods.browserClose(ProjectSpecificationMethods.java:21)
at base.ProjectSpecificationMethods.browserClose(ProjectSpecificationMethods.java:21)
at base.ProjectSpecificationMethods.browserClose(ProjectSpecificationMethods.java:21)
at base.ProjectSpecificationMethods.browserClose(ProjectSpecificationMethods.java:21)
at base.ProjectSpecificationMethods.browserClose(ProjectSpecificationMethods.java:21)
at base.ProjectSpecificationMethods.browserClose(ProjectSpecificationMethods.java:21)
at base.ProjectSpecificationMethods.browserClose(ProjectSpecificationMethods.java:21)
at base.ProjectSpecificationMethods.browserClose(ProjectSpecificationMethods.java:21)
at base.ProjectSpecificationMethods.browserClose(ProjectSpecificationMethods.java:21)
at base.ProjectSpecificationMethods.browserClose(ProjectSpecificationMethods.java:21)
at base.ProjectSpecificationMethods.browserClose(ProjectSpecificationMethods.java:21)
at base.ProjectSpecificationMethods.browserClose(ProjectSpecificationMethods.java:21)
at base.ProjectSpecificationMethods.browserClose(ProjectSpecificationMethods.java:21)
at base.ProjectSpecificationMethods.browserClose(ProjectSpecificationMethods.java:21)
at base.ProjectSpecificationMethods.browserClose(ProjectSpecificationMethods.java:21)
at base.ProjectSpecificationMethods.browserClose(ProjectSpecificationMethods.java:21)
at base.ProjectSpecificationMethods.browserClose(ProjectSpecificationMethods.java:21)
at base.ProjectSpecificationMethods.browserClose(ProjectSpecificationMethods.java:21)
at base.ProjectSpecificationMethods.browserClose(ProjectSpecificationMethods.java:21)
at base.ProjectSpecificationMethods.browserClose(ProjectSpecificationMethods.java:21)
at base.ProjectSpecificationMethods.browserClose(ProjectSpecificationMethods.java:21)
at base.ProjectSpecificationMethods.browserClose(ProjectSpecificationMethods.java:21)
at base.ProjectSpecificationMethods.browserClose(ProjectSpecificationMethods.java:21)
at base.ProjectSpecificationMethods.browserClose(ProjectSpecificationMethods.java:21)
at base.ProjectSpecificationMethods.browserClose(ProjectSpecificationMethods.java:21)
at base.ProjectSpecificationMethods.browserClose(ProjectSpecificationMethods.java:21)
at base.ProjectSpecificationMethods.browserClose(ProjectSpecificationMethods.java:21)
at base.ProjectSpecificationMethods.browserClose(ProjectSpecificationMethods.java:21)
at base.ProjectSpecificationMethods.browserClose(ProjectSpecificationMethods.java:21)
at base.ProjectSpecificationMethods.browserClose(ProjectSpecificationMethods.java:21)
at base.ProjectSpecificationMethods.browserClose(ProjectSpecificationMethods.java:21)
at base.ProjectSpecificationMethods.browserClose(ProjectSpecificationMethods.java:21)
at base.ProjectSpecificationMethods.browserClose(ProjectSpecificationMethods.java:21)
at base.ProjectSpecificationMethods.browserClose(ProjectSpecificationMethods.java:21)
at base.ProjectSpecificationMethods.browserClose(ProjectSpecificationMethods.java:21)
at base.ProjectSpecificationMethods.browserClose(ProjectSpecificationMethods.java:21)
at base.ProjectSpecificationMethods.browserClose(ProjectSpecificationMethods.java:21)
at base.ProjectSpecificationMethods.browserClose(ProjectSpecificationMethods.java:21)
at base.ProjectSpecificationMethods.browserClose(ProjectSpecificationMethods.java:21)
at base.ProjectSpecificationMethods.browserClose(ProjectSpecificationMethods.java:21)
at base.ProjectSpecificationMethods.browserClose(ProjectSpecificationMethods.java:21)
at base.ProjectSpecificationMethods.browserClose(ProjectSpecificationMethods.java:21)
at base.ProjectSpecificationMethods.browserClose(ProjectSpecificationMethods.java:21)
at base.ProjectSpecificationMethods.browserClose(ProjectSpecificationMethods.java:21)
at base.ProjectSpecificationMethods.browserClose(ProjectSpecificationMethods.java:21)
at base.ProjectSpecificationMethods.browserClose(ProjectSpecificationMethods.java:21)
at base.ProjectSpecificationMethods.browserClose(ProjectSpecificationMethods.java:21)
at base.ProjectSpecificationMethods.browserClose(ProjectSpecificationMethods.java:21)
at base.ProjectSpecificationMethods.browserClose(ProjectSpecificationMethods.java:21)
at base.ProjectSpecificationMethods.browserClose(ProjectSpecificationMethods.java:21)
at base.ProjectSpecificationMethods.browserClose(ProjectSpecificationMethods.java:21)
at base.ProjectSpecificationMethods.browserClose(ProjectSpecificationMethods.java:21)
at base.ProjectSpecificationMethods.browserClose(ProjectSpecificationMethods.java:21)
at base.ProjectSpecificationMethods.browserClose(ProjectSpecificationMethods.java:21)
at base.ProjectSpecificationMethods.browserClose(ProjectSpecificationMethods.java:21)
at base.ProjectSpecificationMethods.browserClose(ProjectSpecificationMethods.java:21)
at base.ProjectSpecificationMethods.browserClose(ProjectSpecificationMethods.java:21)
at base.ProjectSpecificationMethods.browserClose(ProjectSpecificationMethods.java:21)
at base.ProjectSpecificationMethods.browserClose(ProjectSpecificationMethods.java:21)
at base.ProjectSpecificationMethods.browserClose(ProjectSpecificationMethods.java:21)
at base.ProjectSpecificationMethods.browserClose(ProjectSpecificationMethods.java:21)
at base.ProjectSpecificationMethods.browserClose(ProjectSpecificationMethods.java:21)
at base.ProjectSpecificationMethods.browserClose(ProjectSpecificationMethods.java:21)
at base.ProjectSpecificationMethods.browserClose(ProjectSpecificationMethods.java:21)
at base.ProjectSpecificationMethods.browserClose(ProjectSpecificationMethods.java:21)
at base.ProjectSpecificationMethods.browserClose(ProjectSpecificationMethods.java:21)
at base.ProjectSpecificationMethods.browserClose(ProjectSpecificationMethods.java:21)
at base.ProjectSpecificationMethods.browserClose(ProjectSpecificationMethods.java:21)
at base.ProjectSpecificationMethods.browserClose(ProjectSpecificationMethods.java:21)
at base.ProjectSpecificationMethods.browserClose(ProjectSpecificationMethods.java:21)
at base.ProjectSpecificationMethods.browserClose(ProjectSpecificationMethods.java:21)
at base.ProjectSpecificationMethods.browserClose(ProjectSpecificationMethods.java:21)
at base.ProjectSpecificationMethods.browserClose(ProjectSpecificationMethods.java:21)
at base.ProjectSpecificationMethods.browserClose(ProjectSpecificationMethods.java:21)
at base.ProjectSpecificationMethods.browserClose(ProjectSpecificationMethods.java:21)
at base.ProjectSpecificationMethods.browserClose(ProjectSpecificationMethods.java:21)
at base.ProjectSpecificationMethods.browserClose(ProjectSpecificationMethods.java:21)
at base.ProjectSpecificationMethods.browserClose(ProjectSpecificationMethods.java:21)
at base.ProjectSpecificationMethods.browserClose(ProjectSpecificationMethods.java:21)
at base.ProjectSpecificationMethods.browserClose(ProjectSpecificationMethods.java:21)
at base.ProjectSpecificationMethods.browserClose(ProjectSpecificationMethods.java:21)
at base.ProjectSpecificationMethods.browserClose(ProjectSpecificationMethods.java:21)
at base.ProjectSpecificationMethods.browserClose(ProjectSpecificationMethods.java:21)
at base.ProjectSpecificationMethods.browserClose(ProjectSpecificationMethods.java:21)
at base.ProjectSpecificationMethods.browserClose(ProjectSpecificationMethods.java:21)
at base.ProjectSpecificationMethods.browserClose(ProjectSpecificationMethods.java:21)
at base.ProjectSpecificationMethods.browserClose(ProjectSpecificationMethods.java:21)
at base.ProjectSpecificationMethods.browserClose(ProjectSpecificationMethods.java:21)
at base.ProjectSpecificationMethods.browserClose(ProjectSpecificationMethods.java:21)
at base.ProjectSpecificationMethods.browserClose(ProjectSpecificationMethods.java:21)
at base.ProjectSpecificationMethods.browserClose(ProjectSpecificationMethods.java:21)
at base.ProjectSpecificationMethods.browserClose(ProjectSpecificationMethods.java:21)
at base.ProjectSpecificationMethods.browserClose(ProjectSpecificationMethods.java:21)
at base.ProjectSpecificationMethods.browserClose(ProjectSpecificationMethods.java:21)
at base.ProjectSpecificationMethods.browserClose(ProjectSpecificationMethods.java:21)
at base.ProjectSpecificationMethods.browserClose(ProjectSpecificationMethods.java:21)
at base.ProjectSpecificationMethods.browserClose(ProjectSpecificationMethods.java:21)
at base.ProjectSpecificationMethods.browserClose(ProjectSpecificationMethods.java:21)
at base.ProjectSpecificationMethods.browserClose(ProjectSpecificationMethods.java:21)
at base.ProjectSpecificationMethods.browserClose(ProjectSpecificationMethods.java:21)
at base.ProjectSpecificationMethods.browserClose(ProjectSpecificationMethods.java:21)
at base.ProjectSpecificationMethods.browserClose(ProjectSpecificationMethods.java:21)
at base.ProjectSpecificationMethods.browserClose(ProjectSpecificationMethods.java:21)
at base.ProjectSpecificationMethods.browserClose(ProjectSpecificationMethods.java:21)
at base.ProjectSpecificationMethods.browserClose(ProjectSpecificationMethods.java:21)
at base.ProjectSpecificationMethods.browserClose(ProjectSpecificationMethods.java:21)
at base.ProjectSpecificationMethods.browserClose(ProjectSpecificationMethods.java:21)
at base.ProjectSpecificationMethods.browserClose(ProjectSpecificationMethods.java:21)
at base.ProjectSpecificationMethods.browserClose(ProjectSpecificationMethods.java:21)
at base.ProjectSpecificationMethods.browserClose(ProjectSpecificationMethods.java:21)
at base.ProjectSpecificationMethods.browserClose(ProjectSpecificationMethods.java:21)
at base.ProjectSpecificationMethods.browserClose(ProjectSpecificationMethods.java:21)
at base.ProjectSpecificationMethods.browserClose(ProjectSpecificationMethods.java:21)
at base.ProjectSpecificationMethods.browserClose(ProjectSpecificationMethods.java:21)
at base.ProjectSpecificationMethods.browserClose(ProjectSpecificationMethods.java:21)
at base.ProjectSpecificationMethods.browserClose(ProjectSpecificationMethods.java:21)
at base.ProjectSpecificationMethods.browserClose(ProjectSpecificationMethods.java:21)
at base.ProjectSpecificationMethods.browserClose(ProjectSpecificationMethods.java:21)
at base.ProjectSpecificationMethods.browserClose(ProjectSpecificationMethods.java:21)
at base.ProjectSpecificationMethods.browserClose(ProjectSpecificationMethods.java:21)
at base.ProjectSpecificationMethods.browserClose(ProjectSpecificationMethods.java:21)
at base.ProjectSpecificationMethods.browserClose(ProjectSpecificationMethods.java:21)
at base.ProjectSpecificationMethods.browserClose(ProjectSpecificationMethods.java:21)
at base.ProjectSpecificationMethods.browserClose(ProjectSpecificationMethods.java:21)
at base.ProjectSpecificationMethods.browserClose(ProjectSpecificationMethods.java:21)
at base.ProjectSpecificationMethods.browserClose(ProjectSpecificationMethods.java:21)
at base.ProjectSpecificationMethods.browserClose(ProjectSpecificationMethods.java:21)
at base.ProjectSpecificationMethods.browserClose(ProjectSpecificationMethods.java:21)
at base.ProjectSpecificationMethods.browserClose(ProjectSpecificationMethods.java:21)
at base.ProjectSpecificationMethods.browserClose(ProjectSpecificationMethods.java:21)
at base.ProjectSpecificationMethods.browserClose(ProjectSpecificationMethods.java:21)
at base.ProjectSpecificationMethods.browserClose(ProjectSpecificationMethods.java:21)
at base.ProjectSpecificationMethods.browserClose(ProjectSpecificationMethods.java:21)
at base.ProjectSpecificationMethods.browserClose(ProjectSpecificationMethods.java:21)
at base.ProjectSpecificationMethods.browserClose(ProjectSpecificationMethods.java:21)
at base.ProjectSpecificationMethods.browserClose(ProjectSpecificationMethods.java:21)
at base.ProjectSpecificationMethods.browserClose(ProjectSpecificationMethods.java:21)
at base.ProjectSpecificationMethods.browserClose(ProjectSpecificationMethods.java:21)
at base.ProjectSpecificationMethods.browserClose(ProjectSpecificationMethods.java:21)
at base.ProjectSpecificationMethods.browserClose(ProjectSpecificationMethods.java:21)
at base.ProjectSpecificationMethods.browserClose(ProjectSpecificationMethods.java:21)
at base.ProjectSpecificationMethods.browserClose(ProjectSpecificationMethods.java:21)
at base.ProjectSpecificationMethods.browserClose(ProjectSpecificationMethods.java:21)
at base.ProjectSpecificationMethods.browserClose(ProjectSpecificationMethods.java:21)
at base.ProjectSpecificationMethods.browserClose(ProjectSpecificationMethods.java:21)
at base.ProjectSpecificationMethods.browserClose(ProjectSpecificationMethods.java:21)
at base.ProjectSpecificationMethods.browserClose(ProjectSpecificationMethods.java:21)
at base.ProjectSpecificationMethods.browserClose(ProjectSpecificationMethods.java:21)
at base.ProjectSpecificationMethods.browserClose(ProjectSpecificationMethods.java:21)
at base.ProjectSpecificationMethods.browserClose(ProjectSpecificationMethods.java:21)
at base.ProjectSpecificationMethods.browserClose(ProjectSpecificationMethods.java:21)
at base.ProjectSpecificationMethods.browserClose(ProjectSpecificationMethods.java:21)
at base.ProjectSpecificationMethods.browserClose(ProjectSpecificationMethods.java:21)
at base.ProjectSpecificationMethods.browserClose(ProjectSpecificationMethods.java:21)
at base.ProjectSpecificationMethods.browserClose(ProjectSpecificationMethods.java:21)
at base.ProjectSpecificationMethods.browserClose(ProjectSpecificationMethods.java:21)
at base.ProjectSpecificationMethods.browserClose(ProjectSpecificationMethods.java:21)
at base.ProjectSpecificationMethods.browserClose(ProjectSpecificationMethods.java:21)
at base.ProjectSpecificationMethods.browserClose(ProjectSpecificationMethods.java:21)
at base.ProjectSpecificationMethods.browserClose(ProjectSpecificationMethods.java:21)
at base.ProjectSpecificationMethods.browserClose(ProjectSpecificationMethods.java:21)
at base.ProjectSpecificationMethods.browserClose(ProjectSpecificationMethods.java:21)
at base.ProjectSpecificationMethods.browserClose(ProjectSpecificationMethods.java:21)
at base.ProjectSpecificationMethods.browserClose(ProjectSpecificationMethods.java:21)
at base.ProjectSpecificationMethods.browserClose(ProjectSpecificationMethods.java:21)
at base.ProjectSpecificationMethods.browserClose(ProjectSpecificationMethods.java:21)
at base.ProjectSpecificationMethods.browserClose(ProjectSpecificationMethods.java:21)
at base.ProjectSpecificationMethods.browserClose(ProjectSpecificationMethods.java:21)
at base.ProjectSpecificationMethods.browserClose(ProjectSpecificationMethods.java:21)
at base.ProjectSpecificationMethods.browserClose(ProjectSpecificationMethods.java:21)
at base.ProjectSpecificationMethods.browserClose(ProjectSpecificationMethods.java:21)
at base.ProjectSpecificationMethods.browserClose(ProjectSpecificationMethods.java:21)
at base.ProjectSpecificationMethods.browserClose(ProjectSpecificationMethods.java:21)
at base.ProjectSpecificationMethods.browserClose(ProjectSpecificationMethods.java:21)
at base.ProjectSpecificationMethods.browserClose(ProjectSpecificationMethods.java:21)
at base.ProjectSpecificationMethods.browserClose(ProjectSpecificationMethods.java:21)
at base.ProjectSpecificationMethods.browserClose(ProjectSpecificationMethods.java:21)
at base.ProjectSpecificationMethods.browserClose(ProjectSpecificationMethods.java:21)
at base.ProjectSpecificationMethods.browserClose(ProjectSpecificationMethods.java:21)
at base.ProjectSpecificationMethods.browserClose(ProjectSpecificationMethods.java:21)
at base.ProjectSpecificationMethods.browserClose(ProjectSpecificationMethods.java:21)
at base.ProjectSpecificationMethods.browserClose(ProjectSpecificationMethods.java:21)
at base.ProjectSpecificationMethods.browserClose(ProjectSpecificationMethods.java:21)
at base.ProjectSpecificationMethods.browserClose(ProjectSpecificationMethods.java:21)
at base.ProjectSpecificationMethods.browserClose(ProjectSpecificationMethods.java:21)
at base.ProjectSpecificationMethods.browserClose(ProjectSpecificationMethods.java:21)
at base.ProjectSpecificationMethods.browserClose(ProjectSpecificationMethods.java:21)
at base.ProjectSpecificationMethods.browserClose(ProjectSpecificationMethods.java:21)
at base.ProjectSpecificationMethods.browserClose(ProjectSpecificationMethods.java:21)
at base.ProjectSpecificationMethods.browserClose(ProjectSpecificationMethods.java:21)
at base.ProjectSpecificationMethods.browserClose(ProjectSpecificationMethods.java:21)
at base.ProjectSpecificationMethods.browserClose(ProjectSpecificationMethods.java:21)
at base.ProjectSpecificationMethods.browserClose(ProjectSpecificationMethods.java:21)
at base.ProjectSpecificationMethods.browserClose(ProjectSpecificationMethods.java:21)
at base.ProjectSpecificationMethods.browserClose(ProjectSpecificationMethods.java:21)
at base.ProjectSpecificationMethods.browserClose(ProjectSpecificationMethods.java:21)
at base.ProjectSpecificationMethods.browserClose(ProjectSpecificationMethods.java:21)
at base.ProjectSpecificationMethods.browserClose(ProjectSpecificationMethods.java:21)
at base.ProjectSpecificationMethods.browserClose(ProjectSpecificationMethods.java:21)
at base.ProjectSpecificationMethods.browserClose(ProjectSpecificationMethods.java:21)
at base.ProjectSpecificationMethods.browserClose(ProjectSpecificationMethods.java:21)
at base.ProjectSpecificationMethods.browserClose(ProjectSpecificationMethods.java:21)
at base.ProjectSpecificationMethods.browserClose(ProjectSpecificationMethods.java:21)
at base.ProjectSpecificationMethods.browserClose(ProjectSpecificationMethods.java:21)
at base.ProjectSpecificationMethods.browserClose(ProjectSpecificationMethods.java:21)
at base.ProjectSpecificationMethods.browserClose(ProjectSpecificationMethods.java:21)
at base.ProjectSpecificationMethods.browserClose(ProjectSpecificationMethods.java:21)
at base.ProjectSpecificationMethods.browserClose(ProjectSpecificationMethods.java:21)
at base.ProjectSpecificationMethods.browserClose(ProjectSpecificationMethods.java:21)
at base.ProjectSpecificationMethods.browserClose(ProjectSpecificationMethods.java:21)
at base.ProjectSpecificationMethods.browserClose(ProjectSpecificationMethods.java:21)
at base.ProjectSpecificationMethods.browserClose(ProjectSpecificationMethods.java:21)
at base.ProjectSpecificationMethods.browserClose(ProjectSpecificationMethods.java:21)
at base.ProjectSpecificationMethods.browserClose(ProjectSpecificationMethods.java:21)
at base.ProjectSpecificationMethods.browserClose(ProjectSpecificationMethods.java:21)
at base.ProjectSpecificationMethods.browserClose(ProjectSpecificationMethods.java:21)
at base.ProjectSpecificationMethods.browserClose(ProjectSpecificationMethods.java:21)
at base.ProjectSpecificationMethods.browserClose(ProjectSpecificationMethods.java:21)
at base.ProjectSpecificationMethods.browserClose(ProjectSpecificationMethods.java:21)
at base.ProjectSpecificationMethods.browserClose(ProjectSpecificationMethods.java:21)
at base.ProjectSpecificationMethods.browserClose(ProjectSpecificationMethods.java:21)
at base.ProjectSpecificationMethods.browserClose(ProjectSpecificationMethods.java:21)
at base.ProjectSpecificationMethods.browserClose(ProjectSpecificationMethods.java:21)
at base.ProjectSpecificationMethods.browserClose(ProjectSpecificationMethods.java:21)
at base.ProjectSpecificationMethods.browserClose(ProjectSpecificationMethods.java:21)
at base.ProjectSpecificationMethods.browserClose(ProjectSpecificationMethods.java:21)
at base.ProjectSpecificationMethods.browserClose(ProjectSpecificationMethods.java:21)
at base.ProjectSpecificationMethods.browserClose(ProjectSpecificationMethods.java:21)
at base.ProjectSpecificationMethods.browserClose(ProjectSpecificationMethods.java:21)
at base.ProjectSpecificationMethods.browserClose(ProjectSpecificationMethods.java:21)
at base.ProjectSpecificationMethods.browserClose(ProjectSpecificationMethods.java:21)
at base.ProjectSpecificationMethods.browserClose(ProjectSpecificationMethods.java:21)
at base.ProjectSpecificationMethods.browserClose(ProjectSpecificationMethods.java:21)
at base.ProjectSpecificationMethods.browserClose(ProjectSpecificationMethods.java:21)
at base.ProjectSpecificationMethods.browserClose(ProjectSpecificationMethods.java:21)
at base.ProjectSpecificationMethods.browserClose(ProjectSpecificationMethods.java:21)
at base.ProjectSpecificationMethods.browserClose(ProjectSpecificationMethods.java:21)
at base.ProjectSpecificationMethods.browserClose(ProjectSpecificationMethods.java:21)
at base.ProjectSpecificationMethods.browserClose(ProjectSpecificationMethods.java:21)
at base.ProjectSpecificationMethods.browserClose(ProjectSpecificationMethods.java:21)
at base.ProjectSpecificationMethods.browserClose(ProjectSpecificationMethods.java:21)
at base.ProjectSpecificationMethods.browserClose(ProjectSpecificationMethods.java:21)
at base.ProjectSpecificationMethods.browserClose(ProjectSpecificationMethods.java:21)
at base.ProjectSpecificationMethods.browserClose(ProjectSpecificationMethods.java:21)
at base.ProjectSpecificationMethods.browserClose(ProjectSpecificationMethods.java:21)
at base.ProjectSpecificationMethods.browserClose(ProjectSpecificationMethods.java:21)
at base.ProjectSpecificationMethods.browserClose(ProjectSpecificationMethods.java:21)
at base.ProjectSpecificationMethods.browserClose(ProjectSpecificationMethods.java:21)
at base.ProjectSpecificationMethods.browserClose(ProjectSpecificationMethods.java:21)
at base.ProjectSpecificationMethods.browserClose(ProjectSpecificationMethods.java:21)
at base.ProjectSpecificationMethods.browserClose(ProjectSpecificationMethods.java:21)
at base.ProjectSpecificationMethods.browserClose(ProjectSpecificationMethods.java:21)
at base.ProjectSpecificationMethods.browserClose(ProjectSpecificationMethods.java:21)
at base.ProjectSpecificationMethods.browserClose(ProjectSpecificationMethods.java:21)
at base.ProjectSpecificationMethods.browserClose(ProjectSpecificationMethods.java:21)
at base.ProjectSpecificationMethods.browserClose(ProjectSpecificationMethods.java:21)
at base.ProjectSpecificationMethods.browserClose(ProjectSpecificationMethods.java:21)
at base.ProjectSpecificationMethods.browserClose(ProjectSpecificationMethods.java:21)
at base.ProjectSpecificationMethods.browserClose(ProjectSpecificationMethods.java:21)
at base.ProjectSpecificationMethods.browserClose(ProjectSpecificationMethods.java:21)
at base.ProjectSpecificationMethods.browserClose(ProjectSpecificationMethods.java:21)
at base.ProjectSpecificationMethods.browserClose(ProjectSpecificationMethods.java:21)
at base.ProjectSpecificationMethods.browserClose(ProjectSpecificationMethods.java:21)
at base.ProjectSpecificationMethods.browserClose(ProjectSpecificationMethods.java:21)
at base.ProjectSpecificationMethods.browserClose(ProjectSpecificationMethods.java:21)
at base.ProjectSpecificationMethods.browserClose(ProjectSpecificationMethods.java:21)
at base.ProjectSpecificationMethods.browserClose(ProjectSpecificationMethods.java:21)
at base.ProjectSpecificationMethods.browserClose(ProjectSpecificationMethods.java:21)
at base.ProjectSpecificationMethods.browserClose(ProjectSpecificationMethods.java:21)
at base.ProjectSpecificationMethods.browserClose(ProjectSpecificationMethods.java:21)
at base.ProjectSpecificationMethods.browserClose(ProjectSpecificationMethods.java:21)
at base.ProjectSpecificationMethods.browserClose(ProjectSpecificationMethods.java:21)
at base.ProjectSpecificationMethods.browserClose(ProjectSpecificationMethods.java:21)
at base.ProjectSpecificationMethods.browserClose(ProjectSpecificationMethods.java:21)
at base.ProjectSpecificationMethods.browserClose(ProjectSpecificationMethods.java:21)
at base.ProjectSpecificationMethods.browserClose(ProjectSpecificationMethods.java:21)
at base.ProjectSpecificationMethods.browserClose(ProjectSpecificationMethods.java:21)
at base.ProjectSpecificationMethods.browserClose(ProjectSpecificationMethods.java:21)
at base.ProjectSpecificationMethods.browserClose(ProjectSpecificationMethods.java:21)
at base.ProjectSpecificationMethods.browserClose(ProjectSpecificationMethods.java:21)
at base.ProjectSpecificationMethods.browserClose(ProjectSpecificationMethods.java:21)
at base.ProjectSpecificationMethods.browserClose(ProjectSpecificationMethods.java:21)
at base.ProjectSpecificationMethods.browserClose(ProjectSpecificationMethods.java:21)
at base.ProjectSpecificationMethods.browserClose(ProjectSpecificationMethods.java:21)
at base.ProjectSpecificationMethods.browserClose(ProjectSpecificationMethods.java:21)
at base.ProjectSpecificationMethods.browserClose(ProjectSpecificationMethods.java:21)
at base.ProjectSpecificationMethods.browserClose(ProjectSpecificationMethods.java:21)
at base.ProjectSpecificationMethods.browserClose(ProjectSpecificationMethods.java:21)
at base.ProjectSpecificationMethods.browserClose(ProjectSpecificationMethods.java:21)
at base.ProjectSpecificationMethods.browserClose(ProjectSpecificationMethods.java:21)
at base.ProjectSpecificationMethods.browserClose(ProjectSpecificationMethods.java:21)
at base.ProjectSpecificationMethods.browserClose(ProjectSpecificationMethods.java:21)
at base.ProjectSpecificationMethods.browserClose(ProjectSpecificationMethods.java:21)
at base.ProjectSpecificationMethods.browserClose(ProjectSpecificationMethods.java:21)
at base.ProjectSpecificationMethods.browserClose(ProjectSpecificationMethods.java:21)
at base.ProjectSpecificationMethods.browserClose(ProjectSpecificationMethods.java:21)
at base.ProjectSpecificationMethods.browserClose(ProjectSpecificationMethods.java:21)
at base.ProjectSpecificationMethods.browserClose(ProjectSpecificationMethods.java:21)
at base.ProjectSpecificationMethods.browserClose(ProjectSpecificationMethods.java:21)
at base.ProjectSpecificationMethods.browserClose(ProjectSpecificationMethods.java:21)
at base.ProjectSpecificationMethods.browserClose(ProjectSpecificationMethods.java:21)
at base.ProjectSpecificationMethods.browserClose(ProjectSpecificationMethods.java:21)
at base.ProjectSpecificationMethods.browserClose(ProjectSpecificationMethods.java:21)
at base.ProjectSpecificationMethods.browserClose(ProjectSpecificationMethods.java:21)
at base.ProjectSpecificationMethods.browserClose(ProjectSpecificationMethods.java:21)
at base.ProjectSpecificationMethods.browserClose(ProjectSpecificationMethods.java:21)
at base.ProjectSpecificationMethods.browserClose(ProjectSpecificationMethods.java:21)
at base.ProjectSpecificationMethods.browserClose(ProjectSpecificationMethods.java:21)
at base.ProjectSpecificationMethods.browserClose(ProjectSpecificationMethods.java:21)
at base.ProjectSpecificationMethods.browserClose(ProjectSpecificationMethods.java:21)
at base.ProjectSpecificationMethods.browserClose(ProjectSpecificationMethods.java:21)
at base.ProjectSpecificationMethods.browserClose(ProjectSpecificationMethods.java:21)
at base.ProjectSpecificationMethods.browserClose(ProjectSpecificationMethods.java:21)
at base.ProjectSpecificationMethods.browserClose(ProjectSpecificationMethods.java:21)
at base.ProjectSpecificationMethods.browserClose(ProjectSpecificationMethods.java:21)
at base.ProjectSpecificationMethods.browserClose(ProjectSpecificationMethods.java:21)
at base.ProjectSpecificationMethods.browserClose(ProjectSpecificationMethods.java:21)
at base.ProjectSpecificationMethods.browserClose(ProjectSpecificationMethods.java:21)
at base.ProjectSpecificationMethods.browserClose(ProjectSpecificationMethods.java:21)
at base.ProjectSpecificationMethods.browserClose(ProjectSpecificationMethods.java:21)
at base.ProjectSpecificationMethods.browserClose(ProjectSpecificationMethods.java:21)
at base.ProjectSpecificationMethods.browserClose(ProjectSpecificationMethods.java:21)
at base.ProjectSpecificationMethods.browserClose(ProjectSpecificationMethods.java:21)
at base.ProjectSpecificationMethods.browserClose(ProjectSpecificationMethods.java:21)
at base.ProjectSpecificationMethods.browserClose(ProjectSpecificationMethods.java:21)
at base.ProjectSpecificationMethods.browserClose(ProjectSpecificationMethods.java:21)
at base.ProjectSpecificationMethods.browserClose(ProjectSpecificationMethods.java:21)
at base.ProjectSpecificationMethods.browserClose(ProjectSpecificationMethods.java:21)
at base.ProjectSpecificationMethods.browserClose(ProjectSpecificationMethods.java:21)
at base.ProjectSpecificationMethods.browserClose(ProjectSpecificationMethods.java:21)
at base.ProjectSpecificationMethods.browserClose(ProjectSpecificationMethods.java:21)
at base.ProjectSpecificationMethods.browserClose(ProjectSpecificationMethods.java:21)
at base.ProjectSpecificationMethods.browserClose(ProjectSpecificationMethods.java:21)
at base.ProjectSpecificationMethods.browserClose(ProjectSpecificationMethods.java:21)
at base.ProjectSpecificationMethods.browserClose(ProjectSpecificationMethods.java:21)
at base.ProjectSpecificationMethods.browserClose(ProjectSpecificationMethods.java:21)
at base.ProjectSpecificationMethods.browserClose(ProjectSpecificationMethods.java:21)
at base.ProjectSpecificationMethods.browserClose(ProjectSpecificationMethods.java:21)
at base.ProjectSpecificationMethods.browserClose(ProjectSpecificationMethods.java:21)
at base.ProjectSpecificationMethods.browserClose(ProjectSpecificationMethods.java:21)
at base.ProjectSpecificationMethods.browserClose(ProjectSpecificationMethods.java:21)
at base.ProjectSpecificationMethods.browserClose(ProjectSpecificationMethods.java:21)
at base.ProjectSpecificationMethods.browserClose(ProjectSpecificationMethods.java:21)
at base.ProjectSpecificationMethods.browserClose(ProjectSpecificationMethods.java:21)
at base.ProjectSpecificationMethods.browserClose(ProjectSpecificationMethods.java:21)
at base.ProjectSpecificationMethods.browserClose(ProjectSpecificationMethods.java:21)
at base.ProjectSpecificationMethods.browserClose(ProjectSpecificationMethods.java:21)
at base.ProjectSpecificationMethods.browserClose(ProjectSpecificationMethods.java:21)
at base.ProjectSpecificationMethods.browserClose(ProjectSpecificationMethods.java:21)
at base.ProjectSpecificationMethods.browserClose(ProjectSpecificationMethods.java:21)
at base.ProjectSpecificationMethods.browserClose(ProjectSpecificationMethods.java:21)
at base.ProjectSpecificationMethods.browserClose(ProjectSpecificationMethods.java:21)
at base.ProjectSpecificationMethods.browserClose(ProjectSpecificationMethods.java:21)
at base.ProjectSpecificationMethods.browserClose(ProjectSpecificationMethods.java:21)
at base.ProjectSpecificationMethods.browserClose(ProjectSpecificationMethods.java:21)
at base.ProjectSpecificationMethods.browserClose(ProjectSpecificationMethods.java:21)
at base.ProjectSpecificationMethods.browserClose(ProjectSpecificationMethods.java:21)
at base.ProjectSpecificationMethods.browserClose(ProjectSpecificationMethods.java:21)
at base.ProjectSpecificationMethods.browserClose(ProjectSpecificationMethods.java:21)
at base.ProjectSpecificationMethods.browserClose(ProjectSpecificationMethods.java:21)
at base.ProjectSpecificationMethods.browserClose(ProjectSpecificationMethods.java:21)
at base.ProjectSpecificationMethods.browserClose(ProjectSpecificationMethods.java:21)
at base.ProjectSpecificationMethods.browserClose(ProjectSpecificationMethods.java:21)
at base.ProjectSpecificationMethods.browserClose(ProjectSpecificationMethods.java:21)
at base.ProjectSpecificationMethods.browserClose(ProjectSpecificationMethods.java:21)
at base.ProjectSpecificationMethods.browserClose(ProjectSpecificationMethods.java:21)
at base.ProjectSpecificationMethods.browserClose(ProjectSpecificationMethods.java:21)
at base.ProjectSpecificationMethods.browserClose(ProjectSpecificationMethods.java:21)
at base.ProjectSpecificationMethods.browserClose(ProjectSpecificationMethods.java:21)
at base.ProjectSpecificationMethods.browserClose(ProjectSpecificationMethods.java:21)
at base.ProjectSpecificationMethods.browserClose(ProjectSpecificationMethods.java:21)
at base.ProjectSpecificationMethods.browserClose(ProjectSpecificationMethods.java:21)
at base.ProjectSpecificationMethods.browserClose(ProjectSpecificationMethods.java:21)
at base.ProjectSpecificationMethods.browserClose(ProjectSpecificationMethods.java:21)
at base.ProjectSpecificationMethods.browserClose(ProjectSpecificationMethods.java:21)
at base.ProjectSpecificationMethods.browserClose(ProjectSpecificationMethods.java:21)
at base.ProjectSpecificationMethods.browserClose(ProjectSpecificationMethods.java:21)
at base.ProjectSpecificationMethods.browserClose(ProjectSpecificationMethods.java:21)
at base.ProjectSpecificationMethods.browserClose(ProjectSpecificationMethods.java:21)
at base.ProjectSpecificationMethods.browserClose(ProjectSpecificationMethods.java:21)
at base.ProjectSpecificationMethods.browserClose(ProjectSpecificationMethods.java:21)
at base.ProjectSpecificationMethods.browserClose(ProjectSpecificationMethods.java:21)
at base.ProjectSpecificationMethods.browserClose(ProjectSpecificationMethods.java:21)
at base.ProjectSpecificationMethods.browserClose(ProjectSpecificationMethods.java:21)
at base.ProjectSpecificationMethods.browserClose(ProjectSpecificationMethods.java:21)
at base.ProjectSpecificationMethods.browserClose(ProjectSpecificationMethods.java:21)
at base.ProjectSpecificationMethods.browserClose(ProjectSpecificationMethods.java:21)
at base.ProjectSpecificationMethods.browserClose(ProjectSpecificationMethods.java:21)
at base.ProjectSpecificationMethods.browserClose(ProjectSpecificationMethods.java:21)
at base.ProjectSpecificationMethods.browserClose(ProjectSpecificationMethods.java:21)
at base.ProjectSpecificationMethods.browserClose(ProjectSpecificationMethods.java:21)
at base.ProjectSpecificationMethods.browserClose(ProjectSpecificationMethods.java:21)
at base.ProjectSpecificationMethods.browserClose(ProjectSpecificationMethods.java:21)
at base.ProjectSpecificationMethods.browserClose(ProjectSpecificationMethods.java:21)
at base.ProjectSpecificationMethods.browserClose(ProjectSpecificationMethods.java:21)
at base.ProjectSpecificationMethods.browserClose(ProjectSpecificationMethods.java:21)
at base.ProjectSpecificationMethods.browserClose(ProjectSpecificationMethods.java:21)
at base.ProjectSpecificationMethods.browserClose(ProjectSpecificationMethods.java:21)
at base.ProjectSpecificationMethods.browserClose(ProjectSpecificationMethods.java:21)
at base.ProjectSpecificationMethods.browserClose(ProjectSpecificationMethods.java:21)
at base.ProjectSpecificationMethods.browserClose(ProjectSpecificationMethods.java:21)
at base.ProjectSpecificationMethods.browserClose(ProjectSpecificationMethods.java:21)
at base.ProjectSpecificationMethods.browserClose(ProjectSpecificationMethods.java:21)
at base.ProjectSpecificationMethods.browserClose(ProjectSpecificationMethods.java:21)
at base.ProjectSpecificationMethods.browserClose(ProjectSpecificationMethods.java:21)
at base.ProjectSpecificationMethods.browserClose(ProjectSpecificationMethods.java:21)
at base.ProjectSpecificationMethods.browserClose(ProjectSpecificationMethods.java:21)
at base.ProjectSpecificationMethods.browserClose(ProjectSpecificationMethods.java:21)
at base.ProjectSpecificationMethods.browserClose(ProjectSpecificationMethods.java:21)
at base.ProjectSpecificationMethods.browserClose(ProjectSpecificationMethods.java:21)
at base.ProjectSpecificationMethods.browserClose(ProjectSpecificationMethods.java:21)
at base.ProjectSpecificationMethods.browserClose(ProjectSpecificationMethods.java:21)
at base.ProjectSpecificationMethods.browserClose(ProjectSpecificationMethods.java:21)
at base.ProjectSpecificationMethods.browserClose(ProjectSpecificationMethods.java:21)
at base.ProjectSpecificationMethods.browserClose(ProjectSpecificationMethods.java:21)
at base.ProjectSpecificationMethods.browserClose(ProjectSpecificationMethods.java:21)
at base.ProjectSpecificationMethods.browserClose(ProjectSpecificationMethods.java:21)
at base.ProjectSpecificationMethods.browserClose(ProjectSpecificationMethods.java:21)
at base.ProjectSpecificationMethods.browserClose(ProjectSpecificationMethods.java:21)
at base.ProjectSpecificationMethods.browserClose(ProjectSpecificationMethods.java:21)
at base.ProjectSpecificationMethods.browserClose(ProjectSpecificationMethods.java:21)
at base.ProjectSpecificationMethods.browserClose(ProjectSpecificationMethods.java:21)
at base.ProjectSpecificationMethods.browserClose(ProjectSpecificationMethods.java:21)
at base.ProjectSpecificationMethods.browserClose(ProjectSpecificationMethods.java:21)
at base.ProjectSpecificationMethods.browserClose(ProjectSpecificationMethods.java:21)
at base.ProjectSpecificationMethods.browserClose(ProjectSpecificationMethods.java:21)
at base.ProjectSpecificationMethods.browserClose(ProjectSpecificationMethods.java:21)
at base.ProjectSpecificationMethods.browserClose(ProjectSpecificationMethods.java:21)
at base.ProjectSpecificationMethods.browserClose(ProjectSpecificationMethods.java:21)
at base.ProjectSpecificationMethods.browserClose(ProjectSpecificationMethods.java:21)
at base.ProjectSpecificationMethods.browserClose(ProjectSpecificationMethods.java:21)
at base.ProjectSpecificationMethods.browserClose(ProjectSpecificationMethods.java:21)
at base.ProjectSpecificationMethods.browserClose(ProjectSpecificationMethods.java:21)
at base.ProjectSpecificationMethods.browserClose(ProjectSpecificationMethods.java:21)
at base.ProjectSpecificationMethods.browserClose(ProjectSpecificationMethods.java:21)
at base.ProjectSpecificationMethods.browserClose(ProjectSpecificationMethods.java:21)
at base.ProjectSpecificationMethods.browserClose(ProjectSpecificationMethods.java:21)
at base.ProjectSpecificationMethods.browserClose(ProjectSpecificationMethods.java:21)
at base.ProjectSpecificationMethods.browserClose(ProjectSpecificationMethods.java:21)
at base.ProjectSpecificationMethods.browserClose(ProjectSpecificationMethods.java:21)
at base.ProjectSpecificationMethods.browserClose(ProjectSpecificationMethods.java:21)
at base.ProjectSpecificationMethods.browserClose(ProjectSpecificationMethods.java:21)
at base.ProjectSpecificationMethods.browserClose(ProjectSpecificationMethods.java:21)
at base.ProjectSpecificationMethods.browserClose(ProjectSpecificationMethods.java:21)
at base.ProjectSpecificationMethods.browserClose(ProjectSpecificationMethods.java:21)
at base.ProjectSpecificationMethods.browserClose(ProjectSpecificationMethods.java:21)
at base.ProjectSpecificationMethods.browserClose(ProjectSpecificationMethods.java:21)
at base.ProjectSpecificationMethods.browserClose(ProjectSpecificationMethods.java:21)
at base.ProjectSpecificationMethods.browserClose(ProjectSpecificationMethods.java:21)
at base.ProjectSpecificationMethods.browserClose(ProjectSpecificationMethods.java:21)
at base.ProjectSpecificationMethods.browserClose(ProjectSpecificationMethods.java:21)
at base.ProjectSpecificationMethods.browserClose(ProjectSpecificationMethods.java:21)
at base.ProjectSpecificationMethods.browserClose(ProjectSpecificationMethods.java:21)
at base.ProjectSpecificationMethods.browserClose(ProjectSpecificationMethods.java:21)
at base.ProjectSpecificationMethods.browserClose(ProjectSpecificationMethods.java:21)
at base.ProjectSpecificationMethods.browserClose(ProjectSpecificationMethods.java:21)
at base.ProjectSpecificationMethods.browserClose(ProjectSpecificationMethods.java:21)
at base.ProjectSpecificationMethods.browserClose(ProjectSpecificationMethods.java:21)
at base.ProjectSpecificationMethods.browserClose(ProjectSpecificationMethods.java:21)
at base.ProjectSpecificationMethods.browserClose(ProjectSpecificationMethods.java:21)
at base.ProjectSpecificationMethods.browserClose(ProjectSpecificationMethods.java:21)
at base.ProjectSpecificationMethods.browserClose(ProjectSpecificationMethods.java:21)
at base.ProjectSpecificationMethods.browserClose(ProjectSpecificationMethods.java:21)
at base.ProjectSpecificationMethods.browserClose(ProjectSpecificationMethods.java:21)
at base.ProjectSpecificationMethods.browserClose(ProjectSpecificationMethods.java:21)
at base.ProjectSpecificationMethods.browserClose(ProjectSpecificationMethods.java:21)
at base.ProjectSpecificationMethods.browserClose(ProjectSpecificationMethods.java:21)
at base.ProjectSpecificationMethods.browserClose(ProjectSpecificationMethods.java:21)
at base.ProjectSpecificationMethods.browserClose(ProjectSpecificationMethods.java:21)
at base.ProjectSpecificationMethods.browserClose(ProjectSpecificationMethods.java:21)
at base.ProjectSpecificationMethods.browserClose(ProjectSpecificationMethods.java:21)
at base.ProjectSpecificationMethods.browserClose(ProjectSpecificationMethods.java:21)
at base.ProjectSpecificationMethods.browserClose(ProjectSpecificationMethods.java:21)
at base.ProjectSpecificationMethods.browserClose(ProjectSpecificationMethods.java:21)
at base.ProjectSpecificationMethods.browserClose(ProjectSpecificationMethods.java:21)
at base.ProjectSpecificationMethods.browserClose(ProjectSpecificationMethods.java:21)
at base.ProjectSpecificationMethods.browserClose(ProjectSpecificationMethods.java:21)
at base.ProjectSpecificationMethods.browserClose(ProjectSpecificationMethods.java:21)
at base.ProjectSpecificationMethods.browserClose(ProjectSpecificationMethods.java:21)
at base.ProjectSpecificationMethods.browserClose(ProjectSpecificationMethods.java:21)
at base.ProjectSpecificationMethods.browserClose(ProjectSpecificationMethods.java:21)
at base.ProjectSpecificationMethods.browserClose(ProjectSpecificationMethods.java:21)
at base.ProjectSpecificationMethods.browserClose(ProjectSpecificationMethods.java:21)
at base.ProjectSpecificationMethods.browserClose(ProjectSpecificationMethods.java:21)
at base.ProjectSpecificationMethods.browserClose(ProjectSpecificationMethods.java:21)
at base.ProjectSpecificationMethods.browserClose(ProjectSpecificationMethods.java:21)
at base.ProjectSpecificationMethods.browserClose(ProjectSpecificationMethods.java:21)
at base.ProjectSpecificationMethods.browserClose(ProjectSpecificationMethods.java:21)
at base.ProjectSpecificationMethods.browserClose(ProjectSpecificationMethods.java:21)
at base.ProjectSpecificationMethods.browserClose(ProjectSpecificationMethods.java:21)
at base.ProjectSpecificationMethods.browserClose(ProjectSpecificationMethods.java:21)
at base.ProjectSpecificationMethods.browserClose(ProjectSpecificationMethods.java:21)
at base.ProjectSpecificationMethods.browserClose(ProjectSpecificationMethods.java:21)
at base.ProjectSpecificationMethods.browserClose(ProjectSpecificationMethods.java:21)
at base.ProjectSpecificationMethods.browserClose(ProjectSpecificationMethods.java:21)
at base.ProjectSpecificationMethods.browserClose(ProjectSpecificationMethods.java:21)
at base.ProjectSpecificationMethods.browserClose(ProjectSpecificationMethods.java:21)
at base.ProjectSpecificationMethods.browserClose(ProjectSpecificationMethods.java:21)
at base.ProjectSpecificationMethods.browserClose(ProjectSpecificationMethods.java:21)
at base.ProjectSpecificationMethods.browserClose(ProjectSpecificationMethods.java:21)
at base.ProjectSpecificationMethods.browserClose(ProjectSpecificationMethods.java:21)
at base.ProjectSpecificationMethods.browserClose(ProjectSpecificationMethods.java:21)
at base.ProjectSpecificationMethods.browserClose(ProjectSpecificationMethods.java:21)
at base.ProjectSpecificationMethods.browserClose(ProjectSpecificationMethods.java:21)
at base.ProjectSpecificationMethods.browserClose(ProjectSpecificationMethods.java:21)
at base.ProjectSpecificationMethods.browserClose(ProjectSpecificationMethods.java:21)
at base.ProjectSpecificationMethods.browserClose(ProjectSpecificationMethods.java:21)
at base.ProjectSpecificationMethods.browserClose(ProjectSpecificationMethods.java:21)
at base.ProjectSpecificationMethods.browserClose(ProjectSpecificationMethods.java:21)
at base.ProjectSpecificationMethods.browserClose(ProjectSpecificationMethods.java:21)
at base.ProjectSpecificationMethods.browserClose(ProjectSpecificationMethods.java:21)
at base.ProjectSpecificationMethods.browserClose(ProjectSpecificationMethods.java:21)
at base.ProjectSpecificationMethods.browserClose(ProjectSpecificationMethods.java:21)
at base.ProjectSpecificationMethods.browserClose(ProjectSpecificationMethods.java:21)
at base.ProjectSpecificationMethods.browserClose(ProjectSpecificationMethods.java:21)
at base.ProjectSpecificationMethods.browserClose(ProjectSpecificationMethods.java:21)
at base.ProjectSpecificationMethods.browserClose(ProjectSpecificationMethods.java:21)
at base.ProjectSpecificationMethods.browserClose(ProjectSpecificationMethods.java:21)
at base.ProjectSpecificationMethods.browserClose(ProjectSpecificationMethods.java:21)
at base.ProjectSpecificationMethods.browserClose(ProjectSpecificationMethods.java:21)
at base.ProjectSpecificationMethods.browserClose(ProjectSpecificationMethods.java:21)
at base.ProjectSpecificationMethods.browserClose(ProjectSpecificationMethods.java:21)
at base.ProjectSpecificationMethods.browserClose(ProjectSpecificationMethods.java:21)
at base.ProjectSpecificationMethods.browserClose(ProjectSpecificationMethods.java:21)
at base.ProjectSpecificationMethods.browserClose(ProjectSpecificationMethods.java:21)
at base.ProjectSpecificationMethods.browserClose(ProjectSpecificationMethods.java:21)
at base.ProjectSpecificationMethods.browserClose(ProjectSpecificationMethods.java:21)
at base.ProjectSpecificationMethods.browserClose(ProjectSpecificationMethods.java:21)
at base.ProjectSpecificationMethods.browserClose(ProjectSpecificationMethods.java:21)
at base.ProjectSpecificationMethods.browserClose(ProjectSpecificationMethods.java:21)
at base.ProjectSpecificationMethods.browserClose(ProjectSpecificationMethods.java:21)
at base.ProjectSpecificationMethods.browserClose(ProjectSpecificationMethods.java:21)
at base.ProjectSpecificationMethods.browserClose(ProjectSpecificationMethods.java:21)
at base.ProjectSpecificationMethods.browserClose(ProjectSpecificationMethods.java:21)
at base.ProjectSpecificationMethods.browserClose(ProjectSpecificationMethods.java:21)
at base.ProjectSpecificationMethods.browserClose(ProjectSpecificationMethods.java:21)
at base.ProjectSpecificationMethods.browserClose(ProjectSpecificationMethods.java:21)
at base.ProjectSpecificationMethods.browserClose(ProjectSpecificationMethods.java:21)
at base.ProjectSpecificationMethods.browserClose(ProjectSpecificationMethods.java:21)
at base.ProjectSpecificationMethods.browserClose(ProjectSpecificationMethods.java:21)
at base.ProjectSpecificationMethods.browserClose(ProjectSpecificationMethods.java:21)
at base.ProjectSpecificationMethods.browserClose(ProjectSpecificationMethods.java:21)
at base.ProjectSpecificationMethods.browserClose(ProjectSpecificationMethods.java:21)
at base.ProjectSpecificationMethods.browserClose(ProjectSpecificationMethods.java:21)
at base.ProjectSpecificationMethods.browserClose(ProjectSpecificationMethods.java:21)
at base.ProjectSpecificationMethods.browserClose(ProjectSpecificationMethods.java:21)
at base.ProjectSpecificationMethods.browserClose(ProjectSpecificationMethods.java:21)
at base.ProjectSpecificationMethods.browserClose(ProjectSpecificationMethods.java:21)
at base.ProjectSpecificationMethods.browserClose(ProjectSpecificationMethods.java:21)
at base.ProjectSpecificationMethods.browserClose(ProjectSpecificationMethods.java:21)
at base.ProjectSpecificationMethods.browserClose(ProjectSpecificationMethods.java:21)
at base.ProjectSpecificationMethods.browserClose(ProjectSpecificationMethods.java:21)
at base.ProjectSpecificationMethods.browserClose(ProjectSpecificationMethods.java:21)
at base.ProjectSpecificationMethods.browserClose(ProjectSpecificationMethods.java:21)
at base.ProjectSpecificationMethods.browserClose(ProjectSpecificationMethods.java:21)
at base.ProjectSpecificationMethods.browserClose(ProjectSpecificationMethods.java:21)
at base.ProjectSpecificationMethods.browserClose(ProjectSpecificationMethods.java:21)
at base.ProjectSpecificationMethods.browserClose(ProjectSpecificationMethods.java:21)
at base.ProjectSpecificationMethods.browserClose(ProjectSpecificationMethods.java:21)
at base.ProjectSpecificationMethods.browserClose(ProjectSpecificationMethods.java:21)
at base.ProjectSpecificationMethods.browserClose(ProjectSpecificationMethods.java:21)
at base.ProjectSpecificationMethods.browserClose(ProjectSpecificationMethods.java:21)
at base.ProjectSpecificationMethods.browserClose(ProjectSpecificationMethods.java:21)
at base.ProjectSpecificationMethods.browserClose(ProjectSpecificationMethods.java:21)
at base.ProjectSpecificationMethods.browserClose(ProjectSpecificationMethods.java:21)
at base.ProjectSpecificationMethods.browserClose(ProjectSpecificationMethods.java:21)
at base.ProjectSpecificationMethods.browserClose(ProjectSpecificationMethods.java:21)
at base.ProjectSpecificationMethods.browserClose(ProjectSpecificationMethods.java:21)
at base.ProjectSpecificationMethods.browserClose(ProjectSpecificationMethods.java:21)
at base.ProjectSpecificationMethods.browserClose(ProjectSpecificationMethods.java:21)
at base.ProjectSpecificationMethods.browserClose(ProjectSpecificationMethods.java:21)
at base.ProjectSpecificationMethods.browserClose(ProjectSpecificationMethods.java:21)
at base.ProjectSpecificationMethods.browserClose(ProjectSpecificationMethods.java:21)
at base.ProjectSpecificationMethods.browserClose(ProjectSpecificationMethods.java:21)
at base.ProjectSpecificationMethods.browserClose(ProjectSpecificationMethods.java:21)
at base.ProjectSpecificationMethods.browserClose(ProjectSpecificationMethods.java:21)
at base.ProjectSpecificationMethods.browserClose(ProjectSpecificationMethods.java:21)
at base.ProjectSpecificationMethods.browserClose(ProjectSpecificationMethods.java:21)
at base.ProjectSpecificationMethods.browserClose(ProjectSpecificationMethods.java:21)
at base.ProjectSpecificationMethods.browserClose(ProjectSpecificationMethods.java:21)
at base.ProjectSpecificationMethods.browserClose(ProjectSpecificationMethods.java:21)
at base.ProjectSpecificationMethods.browserClose(ProjectSpecificationMethods.java:21)
at base.ProjectSpecificationMethods.browserClose(ProjectSpecificationMethods.java:21)
at base.ProjectSpecificationMethods.browserClose(ProjectSpecificationMethods.java:21)
at base.ProjectSpecificationMethods.browserClose(ProjectSpecificationMethods.java:21)
at base.ProjectSpecificationMethods.browserClose(ProjectSpecificationMethods.java:21)
at base.ProjectSpecificationMethods.browserClose(ProjectSpecificationMethods.java:21)
at base.ProjectSpecificationMethods.browserClose(ProjectSpecificationMethods.java:21)
at base.ProjectSpecificationMethods.browserClose(ProjectSpecificationMethods.java:21)
at base.ProjectSpecificationMethods.browserClose(ProjectSpecificationMethods.java:21)
at base.ProjectSpecificationMethods.browserClose(ProjectSpecificationMethods.java:21)
at base.ProjectSpecificationMethods.browserClose(ProjectSpecificationMethods.java:21)
at base.ProjectSpecificationMethods.browserClose(ProjectSpecificationMethods.java:21)
at base.ProjectSpecificationMethods.browserClose(ProjectSpecificationMethods.java:21)
at base.ProjectSpecificationMethods.browserClose(ProjectSpecificationMethods.java:21)
at base.ProjectSpecificationMethods.browserClose(ProjectSpecificationMethods.java:21)
at base.ProjectSpecificationMethods.browserClose(ProjectSpecificationMethods.java:21)
at base.ProjectSpecificationMethods.browserClose(ProjectSpecificationMethods.java:21)
at base.ProjectSpecificationMethods.browserClose(ProjectSpecificationMethods.java:21)
at base.ProjectSpecificationMethods.browserClose(ProjectSpecificationMethods.java:21)
at base.ProjectSpecificationMethods.browserClose(ProjectSpecificationMethods.java:21)
at base.ProjectSpecificationMethods.browserClose(ProjectSpecificationMethods.java:21)
at base.ProjectSpecificationMethods.browserClose(ProjectSpecificationMethods.java:21)
at base.ProjectSpecificationMethods.browserClose(ProjectSpecificationMethods.java:21)
at base.ProjectSpecificationMethods.browserClose(ProjectSpecificationMethods.java:21)
at base.ProjectSpecificationMethods.browserClose(ProjectSpecificationMethods.java:21)
at base.ProjectSpecificationMethods.browserClose(ProjectSpecificationMethods.java:21)
at base.ProjectSpecificationMethods.browserClose(ProjectSpecificationMethods.java:21)
at base.ProjectSpecificationMethods.browserClose(ProjectSpecificationMethods.java:21)
at base.ProjectSpecificationMethods.browserClose(ProjectSpecificationMethods.java:21)
at base.ProjectSpecificationMethods.browserClose(ProjectSpecificationMethods.java:21)
at base.ProjectSpecificationMethods.browserClose(ProjectSpecificationMethods.java:21)
at base.ProjectSpecificationMethods.browserClose(ProjectSpecificationMethods.java:21)
at base.ProjectSpecificationMethods.browserClose(ProjectSpecificationMethods.java:21)
at base.ProjectSpecificationMethods.browserClose(ProjectSpecificationMethods.java:21)
at base.ProjectSpecificationMethods.browserClose(ProjectSpecificationMethods.java:21)
at base.ProjectSpecificationMethods.browserClose(ProjectSpecificationMethods.java:21)
at base.ProjectSpecificationMethods.browserClose(ProjectSpecificationMethods.java:21)
at base.ProjectSpecificationMethods.browserClose(ProjectSpecificationMethods.java:21)
at base.ProjectSpecificationMethods.browserClose(ProjectSpecificationMethods.java:21)
at base.ProjectSpecificationMethods.browserClose(ProjectSpecificationMethods.java:21)
at base.ProjectSpecificationMethods.browserClose(ProjectSpecificationMethods.java:21)
at base.ProjectSpecificationMethods.browserClose(ProjectSpecificationMethods.java:21)
at base.ProjectSpecificationMethods.browserClose(ProjectSpecificationMethods.java:21)
at base.ProjectSpecificationMethods.browserClose(ProjectSpecificationMethods.java:21)
at base.ProjectSpecificationMethods.browserClose(ProjectSpecificationMethods.java:21)
at base.ProjectSpecificationMethods.browserClose(ProjectSpecificationMethods.java:21)
at base.ProjectSpecificationMethods.browserClose(ProjectSpecificationMethods.java:21)
at base.ProjectSpecificationMethods.browserClose(ProjectSpecificationMethods.java:21)
at base.ProjectSpecificationMethods.browserClose(ProjectSpecificationMethods.java:21)
at base.ProjectSpecificationMethods.browserClose(ProjectSpecificationMethods.java:21)
at base.ProjectSpecificationMethods.browserClose(ProjectSpecificationMethods.java:21)
at base.ProjectSpecificationMethods.browserClose(ProjectSpecificationMethods.java:21)
at base.ProjectSpecificationMethods.browserClose(ProjectSpecificationMethods.java:21)
at base.ProjectSpecificationMethods.browserClose(ProjectSpecificationMethods.java:21)
at base.ProjectSpecificationMethods.browserClose(ProjectSpecificationMethods.java:21)
at base.ProjectSpecificationMethods.browserClose(ProjectSpecificationMethods.java:21)
at base.ProjectSpecificationMethods.browserClose(ProjectSpecificationMethods.java:21)
at base.ProjectSpecificationMethods.browserClose(ProjectSpecificationMethods.java:21)
at base.ProjectSpecificationMethods.browserClose(ProjectSpecificationMethods.java:21)
at base.ProjectSpecificationMethods.browserClose(ProjectSpecificationMethods.java:21)
at base.ProjectSpecificationMethods.browserClose(ProjectSpecificationMethods.java:21)
at base.ProjectSpecificationMethods.browserClose(ProjectSpecificationMethods.java:21)
at base.ProjectSpecificationMethods.browserClose(ProjectSpecificationMethods.java:21)
at base.ProjectSpecificationMethods.browserClose(ProjectSpecificationMethods.java:21)
at base.ProjectSpecificationMethods.browserClose(ProjectSpecificationMethods.java:21)
at base.ProjectSpecificationMethods.browserClose(ProjectSpecificationMethods.java:21)
at base.ProjectSpecificationMethods.browserClose(ProjectSpecificationMethods.java:21)
at base.ProjectSpecificationMethods.browserClose(ProjectSpecificationMethods.java:21)
at base.ProjectSpecificationMethods.browserClose(ProjectSpecificationMethods.java:21)
at base.ProjectSpecificationMethods.browserClose(ProjectSpecificationMethods.java:21)
at base.ProjectSpecificationMethods.browserClose(ProjectSpecificationMethods.java:21)
at base.ProjectSpecificationMethods.browserClose(ProjectSpecificationMethods.java:21)
at base.ProjectSpecificationMethods.browserClose(ProjectSpecificationMethods.java:21)
at base.ProjectSpecificationMethods.browserClose(ProjectSpecificationMethods.java:21)
at base.ProjectSpecificationMethods.browserClose(ProjectSpecificationMethods.java:21)
at base.ProjectSpecificationMethods.browserClose(ProjectSpecificationMethods.java:21)
at base.ProjectSpecificationMethods.browserClose(ProjectSpecificationMethods.java:21)
at base.ProjectSpecificationMethods.browserClose(ProjectSpecificationMethods.java:21)
at base.ProjectSpecificationMethods.browserClose(ProjectSpecificationMethods.java:21)
at base.ProjectSpecificationMethods.browserClose(ProjectSpecificationMethods.java:21)
at base.ProjectSpecificationMethods.browserClose(ProjectSpecificationMethods.java:21)
at base.ProjectSpecificationMethods.browserClose(ProjectSpecificationMethods.java:21)
at base.ProjectSpecificationMethods.browserClose(ProjectSpecificationMethods.java:21)
at base.ProjectSpecificationMethods.browserClose(ProjectSpecificationMethods.java:21)
at base.ProjectSpecificationMethods.browserClose(ProjectSpecificationMethods.java:21)
at base.ProjectSpecificationMethods.browserClose(ProjectSpecificationMethods.java:21)
at base.ProjectSpecificationMethods.browserClose(ProjectSpecificationMethods.java:21)
at base.ProjectSpecificationMethods.browserClose(ProjectSpecificationMethods.java:21)
at base.ProjectSpecificationMethods.browserClose(ProjectSpecificationMethods.java:21)
at base.ProjectSpecificationMethods.browserClose(ProjectSpecificationMethods.java:21)
at base.ProjectSpecificationMethods.browserClose(ProjectSpecificationMethods.java:21)
at base.ProjectSpecificationMethods.browserClose(ProjectSpecificationMethods.java:21)
at base.ProjectSpecificationMethods.browserClose(ProjectSpecificationMethods.java:21)
at base.ProjectSpecificationMethods.browserClose(ProjectSpecificationMethods.java:21)
at base.ProjectSpecificationMethods.browserClose(ProjectSpecificationMethods.java:21)
at base.ProjectSpecificationMethods.browserClose(ProjectSpecificationMethods.java:21)
at base.ProjectSpecificationMethods.browserClose(ProjectSpecificationMethods.java:21)
at base.ProjectSpecificationMethods.browserClose(ProjectSpecificationMethods.java:21)
at base.ProjectSpecificationMethods.browserClose(ProjectSpecificationMethods.java:21)
at base.ProjectSpecificationMethods.browserClose(ProjectSpecificationMethods.java:21)
at base.ProjectSpecificationMethods.browserClose(ProjectSpecificationMethods.java:21)
at base.ProjectSpecificationMethods.browserClose(ProjectSpecificationMethods.java:21)
at base.ProjectSpecificationMethods.browserClose(ProjectSpecificationMethods.java:21)
at base.ProjectSpecificationMethods.browserClose(ProjectSpecificationMethods.java:21)
at base.ProjectSpecificationMethods.browserClose(ProjectSpecificationMethods.java:21)
at base.ProjectSpecificationMethods.browserClose(ProjectSpecificationMethods.java:21)
at base.ProjectSpecificationMethods.browserClose(ProjectSpecificationMethods.java:21)
at base.ProjectSpecificationMethods.browserClose(ProjectSpecificationMethods.java:21)
at base.ProjectSpecificationMethods.browserClose(ProjectSpecificationMethods.java:21)
at base.ProjectSpecificationMethods.browserClose(ProjectSpecificationMethods.java:21)
at base.ProjectSpecificationMethods.browserClose(ProjectSpecificationMethods.java:21)
at base.ProjectSpecificationMethods.browserClose(ProjectSpecificationMethods.java:21)
at base.ProjectSpecificationMethods.browserClose(ProjectSpecificationMethods.java:21)
at base.ProjectSpecificationMethods.browserClose(ProjectSpecificationMethods.java:21)
at base.ProjectSpecificationMethods.browserClose(ProjectSpecificationMethods.java:21)
at base.ProjectSpecificationMethods.browserClose(ProjectSpecificationMethods.java:21)
at base.ProjectSpecificationMethods.browserClose(ProjectSpecificationMethods.java:21)
at base.ProjectSpecificationMethods.browserClose(ProjectSpecificationMethods.java:21)
at base.ProjectSpecificationMethods.browserClose(ProjectSpecificationMethods.java:21)
at base.ProjectSpecificationMethods.browserClose(ProjectSpecificationMethods.java:21)
at base.ProjectSpecificationMethods.browserClose(ProjectSpecificationMethods.java:21)
at base.ProjectSpecificationMethods.browserClose(ProjectSpecificationMethods.java:21)
at base.ProjectSpecificationMethods.browserClose(ProjectSpecificationMethods.java:21)
at base.ProjectSpecificationMethods.browserClose(ProjectSpecificationMethods.java:21)
at base.ProjectSpecificationMethods.browserClose(ProjectSpecificationMethods.java:21)
at base.ProjectSpecificationMethods.browserClose(ProjectSpecificationMethods.java:21)
at base.ProjectSpecificationMethods.browserClose(ProjectSpecificationMethods.java:21)
at base.ProjectSpecificationMethods.browserClose(ProjectSpecificationMethods.java:21)
at base.ProjectSpecificationMethods.browserClose(ProjectSpecificationMethods.java:21)
at base.ProjectSpecificationMethods.browserClose(ProjectSpecificationMethods.java:21)
at base.ProjectSpecificationMethods.browserClose(ProjectSpecificationMethods.java:21)
at base.ProjectSpecificationMethods.browserClose(ProjectSpecificationMethods.java:21)
at base.ProjectSpecificationMethods.browserClose(ProjectSpecificationMethods.java:21)
at base.ProjectSpecificationMethods.browserClose(ProjectSpecificationMethods.java:21)
at base.ProjectSpecificationMethods.browserClose(ProjectSpecificationMethods.java:21)
at base.ProjectSpecificationMethods.browserClose(ProjectSpecificationMethods.java:21)
at base.ProjectSpecificationMethods.browserClose(ProjectSpecificationMethods.java:21)
at base.ProjectSpecificationMethods.browserClose(ProjectSpecificationMethods.java:21)
at base.ProjectSpecificationMethods.browserClose(ProjectSpecificationMethods.java:21)
at base.ProjectSpecificationMethods.browserClose(ProjectSpecificationMethods.java:21)
at base.ProjectSpecificationMethods.browserClose(ProjectSpecificationMethods.java:21)
at base.ProjectSpecificationMethods.browserClose(ProjectSpecificationMethods.java:21)
at base.ProjectSpecificationMethods.browserClose(ProjectSpecificationMethods.java:21)
at base.ProjectSpecificationMethods.browserClose(ProjectSpecificationMethods.java:21)
at base.ProjectSpecificationMethods.browserClose(ProjectSpecificationMethods.java:21)
at base.ProjectSpecificationMethods.browserClose(ProjectSpecificationMethods.java:21)
at base.ProjectSpecificationMethods.browserClose(ProjectSpecificationMethods.java:21)
at base.ProjectSpecificationMethods.browserClose(ProjectSpecificationMethods.java:21)
at base.ProjectSpecificationMethods.browserClose(ProjectSpecificationMethods.java:21)
at base.ProjectSpecificationMethods.browserClose(ProjectSpecificationMethods.java:21)
at base.ProjectSpecificationMethods.browserClose(ProjectSpecificationMethods.java:21)
at base.ProjectSpecificationMethods.browserClose(ProjectSpecificationMethods.java:21)
at base.ProjectSpecificationMethods.browserClose(ProjectSpecificationMethods.java:21)
at base.ProjectSpecificationMethods.browserClose(ProjectSpecificationMethods.java:21)
at base.ProjectSpecificationMethods.browserClose(ProjectSpecificationMethods.java:21)
at base.ProjectSpecificationMethods.browserClose(ProjectSpecificationMethods.java:21)
at base.ProjectSpecificationMethods.browserClose(ProjectSpecificationMethods.java:21)
at base.ProjectSpecificationMethods.browserClose(ProjectSpecificationMethods.java:21)
at base.ProjectSpecificationMethods.browserClose(ProjectSpecificationMethods.java:21)
at base.ProjectSpecificationMethods.browserClose(ProjectSpecificationMethods.java:21)
at base.ProjectSpecificationMethods.browserClose(ProjectSpecificationMethods.java:21)
at base.ProjectSpecificationMethods.browserClose(ProjectSpecificationMethods.java:21)
at base.ProjectSpecificationMethods.browserClose(ProjectSpecificationMethods.java:21)
at base.ProjectSpecificationMethods.browserClose(ProjectSpecificationMethods.java:21)
at base.ProjectSpecificationMethods.browserClose(ProjectSpecificationMethods.java:21)
at base.ProjectSpecificationMethods.browserClose(ProjectSpecificationMethods.java:21)
at base.ProjectSpecificationMethods.browserClose(ProjectSpecificationMethods.java:21)
at base.ProjectSpecificationMethods.browserClose(ProjectSpecificationMethods.java:21)
at base.ProjectSpecificationMethods.browserClose(ProjectSpecificationMethods.java:21)
at base.ProjectSpecificationMethods.browserClose(ProjectSpecificationMethods.java:21)
at base.ProjectSpecificationMethods.browserClose(ProjectSpecificationMethods.java:21)
at base.ProjectSpecificationMethods.browserClose(ProjectSpecificationMethods.java:21)
at base.ProjectSpecificationMethods.browserClose(ProjectSpecificationMethods.java:21)
at base.ProjectSpecificationMethods.browserClose(ProjectSpecificationMethods.java:21)
at base.ProjectSpecificationMethods.browserClose(ProjectSpecificationMethods.java:21)
at base.ProjectSpecificationMethods.browserClose(ProjectSpecificationMethods.java:21)
at base.ProjectSpecificationMethods.browserClose(ProjectSpecificationMethods.java:21)
at base.ProjectSpecificationMethods.browserClose(ProjectSpecificationMethods.java:21)
at base.ProjectSpecificationMethods.browserClose(ProjectSpecificationMethods.java:21)
at base.ProjectSpecificationMethods.browserClose(ProjectSpecificationMethods.java:21)
at base.ProjectSpecificationMethods.browserClose(ProjectSpecificationMethods.java:21)
at base.ProjectSpecificationMethods.browserClose(ProjectSpecificationMethods.java:21)
at base.ProjectSpecificationMethods.browserClose(ProjectSpecificationMethods.java:21)
at base.ProjectSpecificationMethods.browserClose(ProjectSpecificationMethods.java:21)
at base.ProjectSpecificationMethods.browserClose(ProjectSpecificationMethods.java:21)
at base.ProjectSpecificationMethods.browserClose(ProjectSpecificationMethods.java:21)
at base.ProjectSpecificationMethods.browserClose(ProjectSpecificationMethods.java:21)
at base.ProjectSpecificationMethods.browserClose(ProjectSpecificationMethods.java:21)
at base.ProjectSpecificationMethods.browserClose(ProjectSpecificationMethods.java:21)
at base.ProjectSpecificationMethods.browserClose(ProjectSpecificationMethods.java:21)
at base.ProjectSpecificationMethods.browserClose(ProjectSpecificationMethods.java:21)
at base.ProjectSpecificationMethods.browserClose(ProjectSpecificationMethods.java:21)
at base.ProjectSpecificationMethods.browserClose(ProjectSpecificationMethods.java:21)
at base.ProjectSpecificationMethods.browserClose(ProjectSpecificationMethods.java:21)
at base.ProjectSpecificationMethods.browserClose(ProjectSpecificationMethods.java:21)
at base.ProjectSpecificationMethods.browserClose(ProjectSpecificationMethods.java:21)
at base.ProjectSpecificationMethods.browserClose(ProjectSpecificationMethods.java:21)
at base.ProjectSpecificationMethods.browserClose(ProjectSpecificationMethods.java:21)
at base.ProjectSpecificationMethods.browserClose(ProjectSpecificationMethods.java:21)
at base.ProjectSpecificationMethods.browserClose(ProjectSpecificationMethods.java:21)
at base.ProjectSpecificationMethods.browserClose(ProjectSpecificationMethods.java:21)
at base.ProjectSpecificationMethods.browserClose(ProjectSpecificationMethods.java:21)
at base.ProjectSpecificationMethods.browserClose(ProjectSpecificationMethods.java:21)
at base.ProjectSpecificationMethods.browserClose(ProjectSpecificationMethods.java:21)
at base.ProjectSpecificationMethods.browserClose(ProjectSpecificationMethods.java:21)
at base.ProjectSpecificationMethods.browserClose(ProjectSpecificationMethods.java:21)
at base.ProjectSpecificationMethods.browserClose(ProjectSpecificationMethods.java:21)
at base.ProjectSpecificationMethods.browserClose(ProjectSpecificationMethods.java:21)
at base.ProjectSpecificationMethods.browserClose(ProjectSpecificationMethods.java:21)
at base.ProjectSpecificationMethods.browserClose(ProjectSpecificationMethods.java:21)
at base.ProjectSpecificationMethods.browserClose(ProjectSpecificationMethods.java:21)
at base.ProjectSpecificationMethods.browserClose(ProjectSpecificationMethods.java:21)
at base.ProjectSpecificationMethods.browserClose(ProjectSpecificationMethods.java:21)
at base.ProjectSpecificationMethods.browserClose(ProjectSpecificationMethods.java:21)
at base.ProjectSpecificationMethods.browserClose(ProjectSpecificationMethods.java:21)
at base.ProjectSpecificationMethods.browserClose(ProjectSpecificationMethods.java:21)
at base.ProjectSpecificationMethods.browserClose(ProjectSpecificationMethods.java:21)
at base.ProjectSpecificationMethods.browserClose(ProjectSpecificationMethods.java:21)
at base.ProjectSpecificationMethods.browserClose(ProjectSpecificationMethods.java:21)
at base.ProjectSpecificationMethods.browserClose(ProjectSpecificationMethods.java:21)
at base.ProjectSpecificationMethods.browserClose(ProjectSpecificationMethods.java:21)
at base.ProjectSpecificationMethods.browserClose(ProjectSpecificationMethods.java:21)
at base.ProjectSpecificationMethods.browserClose(ProjectSpecificationMethods.java:21)
at base.ProjectSpecificationMethods.browserClose(ProjectSpecificationMethods.java:21)
at base.ProjectSpecificationMethods.browserClose(ProjectSpecificationMethods.java:21)
at base.ProjectSpecificationMethods.browserClose(ProjectSpecificationMethods.java:21)
at base.ProjectSpecificationMethods.browserClose(ProjectSpecificationMethods.java:21)
at base.ProjectSpecificationMethods.browserClose(ProjectSpecificationMethods.java:21)
at base.ProjectSpecificationMethods.browserClose(ProjectSpecificationMethods.java:21)
at base.ProjectSpecificationMethods.browserClose(ProjectSpecificationMethods.java:21)
at base.ProjectSpecificationMethods.browserClose(ProjectSpecificationMethods.java:21)
at base.ProjectSpecificationMethods.browserClose(ProjectSpecificationMethods.java:21)
at base.ProjectSpecificationMethods.browserClose(ProjectSpecificationMethods.java:21)
at base.ProjectSpecificationMethods.browserClose(ProjectSpecificationMethods.java:21)
at base.ProjectSpecificationMethods.browserClose(ProjectSpecificationMethods.java:21)
at base.ProjectSpecificationMethods.browserClose(ProjectSpecificationMethods.java:21)
at base.ProjectSpecificationMethods.browserClose(ProjectSpecificationMethods.java:21)
at base.ProjectSpecificationMethods.browserClose(ProjectSpecificationMethods.java:21)
at base.ProjectSpecificationMethods.browserClose(ProjectSpecificationMethods.java:21)
at base.ProjectSpecificationMethods.browserClose(ProjectSpecificationMethods.java:21)
at base.ProjectSpecificationMethods.browserClose(ProjectSpecificationMethods.java:21)
at base.ProjectSpecificationMethods.browserClose(ProjectSpecificationMethods.java:21)
at base.ProjectSpecificationMethods.browserClose(ProjectSpecificationMethods.java:21)
at base.ProjectSpecificationMethods.browserClose(ProjectSpecificationMethods.java:21)
at base.ProjectSpecificationMethods.browserClose(ProjectSpecificationMethods.java:21)
at base.ProjectSpecificationMethods.browserClose(ProjectSpecificationMethods.java:21)
at base.ProjectSpecificationMethods.browserClose(ProjectSpecificationMethods.java:21)
at base.ProjectSpecificationMethods.browserClose(ProjectSpecificationMethods.java:21)
at base.ProjectSpecificationMethods.browserClose(ProjectSpecificationMethods.java:21)
at base.ProjectSpecificationMethods.browserClose(ProjectSpecificationMethods.java:21)
at base.ProjectSpecificationMethods.browserClose(ProjectSpecificationMethods.java:21)
at base.ProjectSpecificationMethods.browserClose(ProjectSpecificationMethods.java:21)
at base.ProjectSpecificationMethods.browserClose(ProjectSpecificationMethods.java:21)
at base.ProjectSpecificationMethods.browserClose(ProjectSpecificationMethods.java:21)
at base.ProjectSpecificationMethods.browserClose(ProjectSpecificationMethods.java:21)
at base.ProjectSpecificationMethods.browserClose(ProjectSpecificationMethods.java:21)
at base.ProjectSpecificationMethods.browserClose(ProjectSpecificationMethods.java:21)
at base.ProjectSpecificationMethods.browserClose(ProjectSpecificationMethods.java:21)
at base.ProjectSpecificationMethods.browserClose(ProjectSpecificationMethods.java:21)
at base.ProjectSpecificationMethods.browserClose(ProjectSpecificationMethods.java:21)
at base.ProjectSpecificationMethods.browserClose(ProjectSpecificationMethods.java:21)
at base.ProjectSpecificationMethods.browserClose(ProjectSpecificationMethods.java:21)
at base.ProjectSpecificationMethods.browserClose(ProjectSpecificationMethods.java:21)
at base.ProjectSpecificationMethods.browserClose(ProjectSpecificationMethods.java:21)
at base.ProjectSpecificationMethods.browserClose(ProjectSpecificationMethods.java:21)
at base.ProjectSpecificationMethods.browserClose(ProjectSpecificationMethods.java:21)
at base.ProjectSpecificationMethods.browserClose(ProjectSpecificationMethods.java:21)
at base.ProjectSpecificationMethods.browserClose(ProjectSpecificationMethods.java:21)
at base.ProjectSpecificationMethods.browserClose(ProjectSpecificationMethods.java:21)
at base.ProjectSpecificationMethods.browserClose(ProjectSpecificationMethods.java:21)
at base.ProjectSpecificationMethods.browserClose(ProjectSpecificationMethods.java:21)
at base.ProjectSpecificationMethods.browserClose(ProjectSpecificationMethods.java:21)
at base.ProjectSpecificationMethods.browserClose(ProjectSpecificationMethods.java:21)
at base.ProjectSpecificationMethods.browserClose(ProjectSpecificationMethods.java:21)
at base.ProjectSpecificationMethods.browserClose(ProjectSpecificationMethods.java:21)
at base.ProjectSpecificationMethods.browserClose(ProjectSpecificationMethods.java:21)
at base.ProjectSpecificationMethods.browserClose(ProjectSpecificationMethods.java:21)
at base.ProjectSpecificationMethods.browserClose(ProjectSpecificationMethods.java:21)
at base.ProjectSpecificationMethods.browserClose(ProjectSpecificationMethods.java:21)
at base.ProjectSpecificationMethods.browserClose(ProjectSpecificationMethods.java:21)
at base.ProjectSpecificationMethods.browserClose(ProjectSpecificationMethods.java:21)
at base.ProjectSpecificationMethods.browserClose(ProjectSpecificationMethods.java:21)
at base.ProjectSpecificationMethods.browserClose(ProjectSpecificationMethods.java:21)
at base.ProjectSpecificationMethods.browserClose(ProjectSpecificationMethods.java:21)
at base.ProjectSpecificationMethods.browserClose(ProjectSpecificationMethods.java:21)
at base.ProjectSpecificationMethods.browserClose(ProjectSpecificationMethods.java:21)
at base.ProjectSpecificationMethods.browserClose(ProjectSpecificationMethods.java:21)
at base.ProjectSpecificationMethods.browserClose(ProjectSpecificationMethods.java:21)
at base.ProjectSpecificationMethods.browserClose(ProjectSpecificationMethods.java:21)
at base.ProjectSpecificationMethods.browserClose(ProjectSpecificationMethods.java:21)
at base.ProjectSpecificationMethods.browserClose(ProjectSpecificationMethods.java:21)
at base.ProjectSpecificationMethods.browserClose(ProjectSpecificationMethods.java:21)
at base.ProjectSpecificationMethods.browserClose(ProjectSpecificationMethods.java:21)
at base.ProjectSpecificationMethods.browserClose(ProjectSpecificationMethods.java:21)
at base.ProjectSpecificationMethods.browserClose(ProjectSpecificationMethods.java:21)
at base.ProjectSpecificationMethods.browserClose(ProjectSpecificationMethods.java:21)
at base.ProjectSpecificationMethods.browserClose(ProjectSpecificationMethods.java:21)
at base.ProjectSpecificationMethods.browserClose(ProjectSpecificationMethods.java:21)
at base.ProjectSpecificationMethods.browserClose(ProjectSpecificationMethods.java:21)
at base.ProjectSpecificationMethods.browserClose(ProjectSpecificationMethods.java:21)
at base.ProjectSpecificationMethods.browserClose(ProjectSpecificationMethods.java:21)
at base.ProjectSpecificationMethods.browserClose(ProjectSpecificationMethods.java:21)
at base.ProjectSpecificationMethods.browserClose(ProjectSpecificationMethods.java:21)
at base.ProjectSpecificationMethods.browserClose(ProjectSpecificationMethods.java:21)
at base.ProjectSpecificationMethods.browserClose(ProjectSpecificationMethods.java:21)
at base.ProjectSpecificationMethods.browserClose(ProjectSpecificationMethods.java:21)
at base.ProjectSpecificationMethods.browserClose(ProjectSpecificationMethods.java:21)
at base.ProjectSpecificationMethods.browserClose(ProjectSpecificationMethods.java:21)
at base.ProjectSpecificationMethods.browserClose(ProjectSpecificationMethods.java:21)
at base.ProjectSpecificationMethods.browserClose(ProjectSpecificationMethods.java:21)
at base.ProjectSpecificationMethods.browserClose(ProjectSpecificationMethods.java:21)
at base.ProjectSpecificationMethods.browserClose(ProjectSpecificationMethods.java:21)
at base.ProjectSpecificationMethods.browserClose(ProjectSpecificationMethods.java:21)
at base.ProjectSpecificationMethods.browserClose(ProjectSpecificationMethods.java:21)
at base.ProjectSpecificationMethods.browserClose(ProjectSpecificationMethods.java:21)
at base.ProjectSpecificationMethods.browserClose(ProjectSpecificationMethods.java:21)
at base.ProjectSpecificationMethods.browserClose(ProjectSpecificationMethods.java:21)
at base.ProjectSpecificationMethods.browserClose(ProjectSpecificationMethods.java:21)
at base.ProjectSpecificationMethods.browserClose(ProjectSpecificationMethods.java:21)
at base.ProjectSpecificationMethods.browserClose(ProjectSpecificationMethods.java:21)
at base.ProjectSpecificationMethods.browserClose(ProjectSpecificationMethods.java:21)
at base.ProjectSpecificationMethods.browserClose(ProjectSpecificationMethods.java:21)
at base.ProjectSpecificationMethods.browserClose(ProjectSpecificationMethods.java:21)
at base.ProjectSpecificationMethods.browserClose(ProjectSpecificationMethods.java:21)
at base.ProjectSpecificationMethods.browserClose(ProjectSpecificationMethods.java:21)
at base.ProjectSpecificationMethods.browserClose(ProjectSpecificationMethods.java:21)
at base.ProjectSpecificationMethods.browserClose(ProjectSpecificationMethods.java:21)
at base.ProjectSpecificationMethods.browserClose(ProjectSpecificationMethods.java:21)
at base.ProjectSpecificationMethods.browserClose(ProjectSpecificationMethods.java:21)
at base.ProjectSpecificationMethods.browserClose(ProjectSpecificationMethods.java:21)
at base.ProjectSpecificationMethods.browserClose(ProjectSpecificationMethods.java:21)
at base.ProjectSpecificationMethods.browserClose(ProjectSpecificationMethods.java:21)
at base.ProjectSpecificationMethods.browserClose(ProjectSpecificationMethods.java:21)
at base.ProjectSpecificationMethods.browserClose(ProjectSpecificationMethods.java:21)
at base.ProjectSpecificationMethods.browserClose(ProjectSpecificationMethods.java:21)
at base.ProjectSpecificationMethods.browserClose(ProjectSpecificationMethods.java:21)
at base.ProjectSpecificationMethods.browserClose(ProjectSpecificationMethods.java:21)
at base.ProjectSpecificationMethods.browserClose(ProjectSpecificationMethods.java:21)
at base.ProjectSpecificationMethods.browserClose(ProjectSpecificationMethods.java:21)
at base.ProjectSpecificationMethods.browserClose(ProjectSpecificationMethods.java:21)
[...]
at base.ProjectSpecificationMethods.browserClose(ProjectSpecificationMethods.java:21)
at base.ProjectSpecificationMethods.browserClose(ProjectSpecificationMethods.java:21)
at base.ProjectSpecificationMethods.browserClose(ProjectSpecificationMethods.java:21)
at base.ProjectSpecificationMethods.browserClose(ProjectSpecificationMethods.java:21)
at base.ProjectSpecificationMethods.browserClose(ProjectSpecificationMethods.java:21)
at base.ProjectSpecificationMethods.browserClose(ProjectSpecificationMethods.java:21)
at base.ProjectSpecificationMethods.browserClose(ProjectSpecificationMethods.java:21)
at base.ProjectSpecificationMethods.browserClose(ProjectSpecificationMethods.java:21)
at base.ProjectSpecificationMethods.browserClose(ProjectSpecificationMethods.java:21)
at base.ProjectSpecificationMethods.browserClose(ProjectSpecificationMethods.java:21)
at base.ProjectSpecificationMethods.browserClose(ProjectSpecificationMethods.java:21)
at base.ProjectSpecificationMethods.browserClose(ProjectSpecificationMethods.java:21)
at base.ProjectSpecificationMethods.browserClose(ProjectSpecificationMethods.java:21)
at base.ProjectSpecificationMethods.browserClose(ProjectSpecificationMethods.java:21)
at base.ProjectSpecificationMethods.browserClose(ProjectSpecificationMethods.java:21)
at base.ProjectSpecificationMethods.browserClose(ProjectSpecificationMethods.java:21)
at base.ProjectSpecificationMethods.browserClose(ProjectSpecificationMethods.java:21)
at base.ProjectSpecificationMethods.browserClose(ProjectSpecificationMethods.java:21)
at base.ProjectSpecificationMethods.browserClose(ProjectSpecificationMethods.java:21)
at base.ProjectSpecificationMethods.browserClose(ProjectSpecificationMethods.java:21)
at base.ProjectSpecificationMethods.browserClose(ProjectSpecificationMethods.java:21)
at base.ProjectSpecificationMethods.browserClose(ProjectSpecificationMethods.java:21)
at base.ProjectSpecificationMethods.browserClose(ProjectSpecificationMethods.java:21)
at base.ProjectSpecificationMethods.browserClose(ProjectSpecificationMethods.java:21)
at base.ProjectSpecificationMethods.browserClose(ProjectSpecificationMethods.java:21)
at base.ProjectSpecificationMethods.browserClose(ProjectSpecificationMethods.java:21)
at base.ProjectSpecificationMethods.browserClose(ProjectSpecificationMethods.java:21)
at base.ProjectSpecificationMethods.browserClose(ProjectSpecificationMethods.java:21)
at base.ProjectSpecificationMethods.browserClose(ProjectSpecificationMethods.java:21)
at base.ProjectSpecificationMethods.browserClose(ProjectSpecificationMethods.java:21)
at base.ProjectSpecificationMethods.browserClose(ProjectSpecificationMethods.java:21)
at base.ProjectSpecificationMethods.browserClose(ProjectSpecificationMethods.java:21)
at base.ProjectSpecificationMethods.browserClose(ProjectSpecificationMethods.java:21)
at base.ProjectSpecificationMethods.browserClose(ProjectSpecificationMethods.java:21)
at base.ProjectSpecificationMethods.browserClose(ProjectSpecificationMethods.java:21)
at base.ProjectSpecificationMethods.browserClose(ProjectSpecificationMethods.java:21)
at base.ProjectSpecificationMethods.browserClose(ProjectSpecificationMethods.java:21)
at base.ProjectSpecificationMethods.browserClose(ProjectSpecificationMethods.java:21)
at base.ProjectSpecificationMethods.browserClose(ProjectSpecificationMethods.java:21)
at base.ProjectSpecificationMethods.browserClose(ProjectSpecificationMethods.java:21)
at base.ProjectSpecificationMethods.browserClose(ProjectSpecificationMethods.java:21)
at base.ProjectSpecificationMethods.browserClose(ProjectSpecificationMethods.java:21)
at base.ProjectSpecificationMethods.browserClose(ProjectSpecificationMethods.java:21)
at base.ProjectSpecificationMethods.browserClose(ProjectSpecificationMethods.java:21)
at base.ProjectSpecificationMethods.browserClose(ProjectSpecificationMethods.java:21)
at base.ProjectSpecificationMethods.browserClose(ProjectSpecificationMethods.java:21)
at base.ProjectSpecificationMethods.browserClose(ProjectSpecificationMethods.java:21)
at base.ProjectSpecificationMethods.browserClose(ProjectSpecificationMethods.java:21)
at base.ProjectSpecificationMethods.browserClose(ProjectSpecificationMethods.java:21)
at base.ProjectSpecificationMethods.browserClose(ProjectSpecificationMethods.java:21)
at base.ProjectSpecificationMethods.browserClose(ProjectSpecificationMethods.java:21)
at base.ProjectSpecificationMethods.browserClose(ProjectSpecificationMethods.java:21)
at base.ProjectSpecificationMethods.browserClose(ProjectSpecificationMethods.java:21)
at base.ProjectSpecificationMethods.browserClose(ProjectSpecificationMethods.java:21)
at base.ProjectSpecificationMethods.browserClose(ProjectSpecificationMethods.java:21)
at base.ProjectSpecificationMethods.browserClose(ProjectSpecificationMethods.java:21)
at base.ProjectSpecificationMethods.browserClose(ProjectSpecificationMethods.java:21)
at base.ProjectSpecificationMethods.browserClose(ProjectSpecificationMethods.java:21)
at base.ProjectSpecificationMethods.browserClose(ProjectSpecificationMethods.java:21)
at base.ProjectSpecificationMethods.browserClose(ProjectSpecificationMethods.java:21)
at base.ProjectSpecificationMethods.browserClose(ProjectSpecificationMethods.java:21)
at base.ProjectSpecificationMethods.browserClose(ProjectSpecificationMethods.java:21)
at base.ProjectSpecificationMethods.browserClose(ProjectSpecificationMethods.java:21)
at base.ProjectSpecificationMethods.browserClose(ProjectSpecificationMethods.java:21)
at base.ProjectSpecificationMethods.browserClose(ProjectSpecificationMethods.java:21)
at base.ProjectSpecificationMethods.browserClose(ProjectSpecificationMethods.java:21)
at base.ProjectSpecificationMethods.browserClose(ProjectSpecificationMethods.java:21)
at base.ProjectSpecificationMethods.browserClose(ProjectSpecificationMethods.java:21)
at base.ProjectSpecificationMethods.browserClose(ProjectSpecificationMethods.java:21)
at base.ProjectSpecificationMethods.browserClose(ProjectSpecificationMethods.java:21)
at base.ProjectSpecificationMethods.browserClose(ProjectSpecificationMethods.java:21)
at base.ProjectSpecificationMethods.browserClose(ProjectSpecificationMethods.java:21)
at base.ProjectSpecificationMethods.browserClose(ProjectSpecificationMethods.java:21)
at base.ProjectSpecificationMethods.browserClose(ProjectSpecificationMethods.java:21)
at base.ProjectSpecificationMethods.browserClose(ProjectSpecificationMethods.java:21)
at base.ProjectSpecificationMethods.browserClose(ProjectSpecificationMethods.java:21)
at base.ProjectSpecificationMethods.browserClose(ProjectSpecificationMethods.java:21)
at base.ProjectSpecificationMethods.browserClose(ProjectSpecificationMethods.java:21)
at base.ProjectSpecificationMethods.browserClose(ProjectSpecificationMethods.java:21)
at base.ProjectSpecificationMethods.browserClose(ProjectSpecificationMethods.java:21)
at base.ProjectSpecificationMethods.browserClose(ProjectSpecificationMethods.java:21)
at base.ProjectSpecificationMethods.browserClose(ProjectSpecificationMethods.java:21)
at base.ProjectSpecificationMethods.browserClose(ProjectSpecificationMethods.java:21)
at base.ProjectSpecificationMethods.browserClose(ProjectSpecificationMethods.java:21)
at base.ProjectSpecificationMethods.browserClose(ProjectSpecificationMethods.java:21)
at base.ProjectSpecificationMethods.browserClose(ProjectSpecificationMethods.java:21)
at base.ProjectSpecificationMethods.browserClose(ProjectSpecificationMethods.java:21)
at base.ProjectSpecificationMethods.browserClose(ProjectSpecificationMethods.java:21)
at base.ProjectSpecificationMethods.browserClose(ProjectSpecificationMethods.java:21)
at base.ProjectSpecificationMethods.browserClose(ProjectSpecificationMethods.java:21)
at base.ProjectSpecificationMethods.browserClose(ProjectSpecificationMethods.java:21)
at base.ProjectSpecificationMethods.browserClose(ProjectSpecificationMethods.java:21)
at base.ProjectSpecificationMethods.browserClose(ProjectSpecificationMethods.java:21)
at base.ProjectSpecificationMethods.browserClose(ProjectSpecificationMethods.java:21)
at base.ProjectSpecificationMethods.browserClose(ProjectSpecificationMethods.java:21)
at base.ProjectSpecificationMethods.browserClose(ProjectSpecificationMethods.java:21)
at base.ProjectSpecificationMethods.browserClose(ProjectSpecificationMethods.java:21)
at base.ProjectSpecificationMethods.browserClose(ProjectSpecificationMethods.java:21)
at base.ProjectSpecificationMethods.browserClose(ProjectSpecificationMethods.java:21)
at base.ProjectSpecificationMethods.browserClose(ProjectSpecificationMethods.java:21)
at base.ProjectSpecificationMethods.browserClose(ProjectSpecificationMethods.java:21)
at base.ProjectSpecificationMethods.browserClose(ProjectSpecificationMethods.java:21)
at base.ProjectSpecificationMethods.browserClose(ProjectSpecificationMethods.java:21)
at base.ProjectSpecificationMethods.browserClose(ProjectSpecificationMethods.java:21)
at base.ProjectSpecificationMethods.browserClose(ProjectSpecificationMethods.java:21)
at base.ProjectSpecificationMethods.browserClose(ProjectSpecificationMethods.java:21)
at base.ProjectSpecificationMethods.browserClose(ProjectSpecificationMethods.java:21)
at base.ProjectSpecificationMethods.browserClose(ProjectSpecificationMethods.java:21)
at base.ProjectSpecificationMethods.browserClose(ProjectSpecificationMethods.java:21)
at base.ProjectSpecificationMethods.browserClose(ProjectSpecificationMethods.java:21)
at base.ProjectSpecificationMethods.browserClose(ProjectSpecificationMethods.java:21)
at base.ProjectSpecificationMethods.browserClose(ProjectSpecificationMethods.java:21)
at base.ProjectSpecificationMethods.browserClose(ProjectSpecificationMethods.java:21)
at base.ProjectSpecificationMethods.browserClose(ProjectSpecificationMethods.java:21)
at base.ProjectSpecificationMethods.browserClose(ProjectSpecificationMethods.java:21)
at base.ProjectSpecificationMethods.browserClose(ProjectSpecificationMethods.java:21)
at base.ProjectSpecificationMethods.browserClose(ProjectSpecificationMethods.java:21)
at base.ProjectSpecificationMethods.browserClose(ProjectSpecificationMethods.java:21)
at base.ProjectSpecificationMethods.browserClose(ProjectSpecificationMethods.java:21)
at base.ProjectSpecificationMethods.browserClose(ProjectSpecificationMethods.java:21)
at base.ProjectSpecificationMethods.browserClose(ProjectSpecificationMethods.java:21)
at base.ProjectSpecificationMethods.browserClose(ProjectSpecificationMethods.java:21)
at base.ProjectSpecificationMethods.browserClose(ProjectSpecificationMethods.java:21)
at base.ProjectSpecificationMethods.browserClose(ProjectSpecificationMethods.java:21)
at base.ProjectSpecificationMethods.browserClose(ProjectSpecificationMethods.java:21)
at base.ProjectSpecificationMethods.browserClose(ProjectSpecificationMethods.java:21)
at base.ProjectSpecificationMethods.browserClose(ProjectSpecificationMethods.java:21)
at base.ProjectSpecificationMethods.browserClose(ProjectSpecificationMethods.java:21)
at base.ProjectSpecificationMethods.browserClose(ProjectSpecificationMethods.java:21)
at base.ProjectSpecificationMethods.browserClose(ProjectSpecificationMethods.java:21)
at base.ProjectSpecificationMethods.browserClose(ProjectSpecificationMethods.java:21)
at base.ProjectSpecificationMethods.browserClose(ProjectSpecificationMethods.java:21)
at base.ProjectSpecificationMethods.browserClose(ProjectSpecificationMethods.java:21)
at base.ProjectSpecificationMethods.browserClose(ProjectSpecificationMethods.java:21)
at base.ProjectSpecificationMethods.browserClose(ProjectSpecificationMethods.java:21)
at base.ProjectSpecificationMethods.browserClose(ProjectSpecificationMethods.java:21)
at base.ProjectSpecificationMethods.browserClose(ProjectSpecificationMethods.java:21)
at base.ProjectSpecificationMethods.browserClose(ProjectSpecificationMethods.java:21)
at base.ProjectSpecificationMethods.browserClose(ProjectSpecificationMethods.java:21)
at base.ProjectSpecificationMethods.browserClose(ProjectSpecificationMethods.java:21)
at base.ProjectSpecificationMethods.browserClose(ProjectSpecificationMethods.java:21)
at base.ProjectSpecificationMethods.browserClose(ProjectSpecificationMethods.java:21)
at base.ProjectSpecificationMethods.browserClose(ProjectSpecificationMethods.java:21)
at base.ProjectSpecificationMethods.browserClose(ProjectSpecificationMethods.java:21)
at base.ProjectSpecificationMethods.browserClose(ProjectSpecificationMethods.java:21)
at base.ProjectSpecificationMethods.browserClose(ProjectSpecificationMethods.java:21)
at base.ProjectSpecificationMethods.browserClose(ProjectSpecificationMethods.java:21)
at base.ProjectSpecificationMethods.browserClose(ProjectSpecificationMethods.java:21)
at base.ProjectSpecificationMethods.browserClose(ProjectSpecificationMethods.java:21)
at base.ProjectSpecificationMethods.browserClose(ProjectSpecificationMethods.java:21)
at base.ProjectSpecificationMethods.browserClose(ProjectSpecificationMethods.java:21)
at base.ProjectSpecificationMethods.browserClose(ProjectSpecificationMethods.java:21)
at base.ProjectSpecificationMethods.browserClose(ProjectSpecificationMethods.java:21)
at base.ProjectSpecificationMethods.browserClose(ProjectSpecificationMethods.java:21)
at base.ProjectSpecificationMethods.browserClose(ProjectSpecificationMethods.java:21)
at base.ProjectSpecificationMethods.browserClose(ProjectSpecificationMethods.java:21)
at base.ProjectSpecificationMethods.browserClose(ProjectSpecificationMethods.java:21)
at base.ProjectSpecificationMethods.browserClose(ProjectSpecificationMethods.java:21)
at base.ProjectSpecificationMethods.browserClose(ProjectSpecificationMethods.java:21)
at base.ProjectSpecificationMethods.browserClose(ProjectSpecificationMethods.java:21)
at base.ProjectSpecificationMethods.browserClose(ProjectSpecificationMethods.java:21)
at base.ProjectSpecificationMethods.browserClose(ProjectSpecificationMethods.java:21)
at base.ProjectSpecificationMethods.browserClose(ProjectSpecificationMethods.java:21)
at base.ProjectSpecificationMethods.browserClose(ProjectSpecificationMethods.java:21)
at base.ProjectSpecificationMethods.browserClose(ProjectSpecificationMethods.java:21)
at base.ProjectSpecificationMethods.browserClose(ProjectSpecificationMethods.java:21)
at base.ProjectSpecificationMethods.browserClose(ProjectSpecificationMethods.java:21)
at base.ProjectSpecificationMethods.browserClose(ProjectSpecificationMethods.java:21)
at base.ProjectSpecificationMethods.browserClose(ProjectSpecificationMethods.java:21)
at base.ProjectSpecificationMethods.browserClose(ProjectSpecificationMethods.java:21)
at base.ProjectSpecificationMethods.browserClose(ProjectSpecificationMethods.java:21)
at base.ProjectSpecificationMethods.browserClose(ProjectSpecificationMethods.java:21)
at base.ProjectSpecificationMethods.browserClose(ProjectSpecificationMethods.java:21)
at base.ProjectSpecificationMethods.browserClose(ProjectSpecificationMethods.java:21)
at base.ProjectSpecificationMethods.browserClose(ProjectSpecificationMethods.java:21)
at base.ProjectSpecificationMethods.browserClose(ProjectSpecificationMethods.java:21)
at base.ProjectSpecificationMethods.browserClose(ProjectSpecificationMethods.java:21)
at base.ProjectSpecificationMethods.browserClose(ProjectSpecificationMethods.java:21)
at base.ProjectSpecificationMethods.browserClose(ProjectSpecificationMethods.java:21)
at base.ProjectSpecificationMethods.browserClose(ProjectSpecificationMethods.java:21)
at base.ProjectSpecificationMethods.browserClose(ProjectSpecificationMethods.java:21)
at base.ProjectSpecificationMethods.browserClose(ProjectSpecificationMethods.java:21)
at base.ProjectSpecificationMethods.browserClose(ProjectSpecificationMethods.java:21)
at base.ProjectSpecificationMethods.browserClose(ProjectSpecificationMethods.java:21)
at base.ProjectSpecificationMethods.browserClose(ProjectSpecificationMethods.java:21)
at base.ProjectSpecificationMethods.browserClose(ProjectSpecificationMethods.java:21)
at base.ProjectSpecificationMethods.browserClose(ProjectSpecificationMethods.java:21)
at base.ProjectSpecificationMethods.browserClose(ProjectSpecificationMethods.java:21)
at base.ProjectSpecificationMethods.browserClose(ProjectSpecificationMethods.java:21)
at base.ProjectSpecificationMethods.browserClose(ProjectSpecificationMethods.java:21)
at base.ProjectSpecificationMethods.browserClose(ProjectSpecificationMethods.java:21)
at base.ProjectSpecificationMethods.browserClose(ProjectSpecificationMethods.java:21)
at base.ProjectSpecificationMethods.browserClose(ProjectSpecificationMethods.java:21)
at base.ProjectSpecificationMethods.browserClose(ProjectSpecificationMethods.java:21)
at base.ProjectSpecificationMethods.browserClose(ProjectSpecificationMethods.java:21)
at base.ProjectSpecificationMethods.browserClose(ProjectSpecificationMethods.java:21)
at base.ProjectSpecificationMethods.browserClose(ProjectSpecificationMethods.java:21)
at base.ProjectSpecificationMethods.browserClose(ProjectSpecificationMethods.java:21)
at base.ProjectSpecificationMethods.browserClose(ProjectSpecificationMethods.java:21)
at base.ProjectSpecificationMethods.browserClose(ProjectSpecificationMethods.java:21)
at base.ProjectSpecificationMethods.browserClose(ProjectSpecificationMethods.java:21)
at base.ProjectSpecificationMethods.browserClose(ProjectSpecificationMethods.java:21)
at base.ProjectSpecificationMethods.browserClose(ProjectSpecificationMethods.java:21)
at base.ProjectSpecificationMethods.browserClose(ProjectSpecificationMethods.java:21)
at base.ProjectSpecificationMethods.browserClose(ProjectSpecificationMethods.java:21)
at base.ProjectSpecificationMethods.browserClose(ProjectSpecificationMethods.java:21)
at base.ProjectSpecificationMethods.browserClose(ProjectSpecificationMethods.java:21)
at base.ProjectSpecificationMethods.browserClose(ProjectSpecificationMethods.java:21)
at base.ProjectSpecificationMethods.browserClose(ProjectSpecificationMethods.java:21)
at base.ProjectSpecificationMethods.browserClose(ProjectSpecificationMethods.java:21)
at base.ProjectSpecificationMethods.browserClose(ProjectSpecificationMethods.java:21)
at base.ProjectSpecificationMethods.browserClose(ProjectSpecificationMethods.java:21)
at base.ProjectSpecificationMethods.browserClose(ProjectSpecificationMethods.java:21)
at base.ProjectSpecificationMethods.browserClose(ProjectSpecificationMethods.java:21)
at base.ProjectSpecificationMethods.browserClose(ProjectSpecificationMethods.java:21)
at base.ProjectSpecificationMethods.browserClose(ProjectSpecificationMethods.java:21)
at base.ProjectSpecificationMethods.browserClose(ProjectSpecificationMethods.java:21)
at base.ProjectSpecificationMethods.browserClose(ProjectSpecificationMethods.java:21)
at base.ProjectSpecificationMethods.browserClose(ProjectSpecificationMethods.java:21)
at base.ProjectSpecificationMethods.browserClose(ProjectSpecificationMethods.java:21)
at base.ProjectSpecificationMethods.browserClose(ProjectSpecificationMethods.java:21)
at base.ProjectSpecificationMethods.browserClose(ProjectSpecificationMethods.java:21)
at base.ProjectSpecificationMethods.browserClose(ProjectSpecificationMethods.java:21)
at base.ProjectSpecificationMethods.browserClose(ProjectSpecificationMethods.java:21)
at base.ProjectSpecificationMethods.browserClose(ProjectSpecificationMethods.java:21)
at base.ProjectSpecificationMethods.browserClose(ProjectSpecificationMethods.java:21)
]]>
    </error>
  </testcase> <!-- browserClose -->
  <system-out/>
  <testcase classname="test.TC_001_RegisterTest" name="registerTest" time="4.972"/>
  <system-out/>
  <testcase classname="test.TC_001_RegisterTest" name="regTestInvalidTestData" time="0.000">
    <skipped/>
  </testcase> <!-- regTestInvalidTestData -->
  <system-out/>
  <testcase classname="test.TC_001_RegisterTest" name="regTestInvalidTestData" time="0.000">
    <skipped/>
  </testcase> <!-- regTestInvalidTestData -->
  <system-out/>
</testsuite> <!-- test.TC_001_RegisterTest -->
