<?xml version="1.0" encoding="UTF-8"?>
<!-- Generated by org.testng.reporters.JUnitReportReporter -->
<testsuite hostname="DESKTOP-GDN8ABU" failures="0" tests="4" name="test.TC_002_LoginTest" time="14.055" errors="2" timestamp="2024-12-11T17:29:06 IST" skipped="0">
  <testcase classname="test.TC_002_LoginTest" name="browserClose" time="4.550">
    <error type="java.lang.StackOverflowError">
      <![CDATA[java.lang.StackOverflowError
at base.ProjectSpecificationMethods.browserClose(ProjectSpecificationMethods.java:21)
at base.ProjectSpecificationMethods.browserClose(ProjectSpecificationMethods.java:21)
at base.ProjectSpecificationMethods.browserClose(ProjectSpecificationMethods.java:21)
at base.ProjectSpecificationMethods.browserClose(ProjectSpecificationMethods.java:21)
at base.ProjectSpecificationMethods.browserClose(ProjectSpecificationMethods.java:21)
at base.ProjectSpecificationMethods.browserClose(ProjectSpecificationMethods.java:21)
at base.ProjectSpecificationMethods.browserClose(ProjectSpecificationMethods.java:21)
at base.ProjectSpecificationMethods.browserClose(ProjectSpecificationMethods.java:21)
at base.ProjectSpecificationMethods.browserClose(ProjectSpecificationMethods.java:21)
at base.ProjectSpecificationMethods.browserClose(ProjectSpecificationMethods.java:21)
at base.ProjectSpecificationMethods.browserClose(ProjectSpecificationMethods.java:21)
at base.ProjectSpecificationMethods.browserClose(ProjectSpecificationMethods.java:21)
at base.ProjectSpecificationMethods.browserClose(ProjectSpecificationMethods.java:21)
at base.ProjectSpecificationMethods.browserClose(ProjectSpecificationMethods.java:21)
at base.ProjectSpecificationMethods.browserClose(ProjectSpecificationMethods.java:21)
at base.ProjectSpecificationMethods.browserClose(ProjectSpecificationMethods.java:21)
at base.ProjectSpecificationMethods.browserClose(ProjectSpecificationMethods.java:21)
at base.ProjectSpecificationMethods.browserClose(ProjectSpecificationMethods.java:21)
at base.ProjectSpecificationMethods.browserClose(ProjectSpecificationMethods.java:21)
at base.ProjectSpecificationMethods.browserClose(ProjectSpecificationMethods.java:21)
at base.ProjectSpecificationMethods.browserClose(ProjectSpecificationMethods.java:21)
at base.ProjectSpecificationMethods.browserClose(ProjectSpecificationMethods.java:21)
at base.ProjectSpecificationMethods.browserClose(ProjectSpecificationMethods.java:21)
at base.ProjectSpecificationMethods.browserClose(ProjectSpecificationMethods.java:21)
at base.ProjectSpecificationMethods.browserClose(ProjectSpecificationMethods.java:21)
at base.ProjectSpecificationMethods.browserClose(ProjectSpecificationMethods.java:21)
at base.ProjectSpecificationMethods.browserClose(ProjectSpecificationMethods.java:21)
at base.ProjectSpecificationMethods.browserClose(ProjectSpecificationMethods.java:21)
at base.ProjectSpecificationMethods.browserClose(ProjectSpecificationMethods.java:21)
at base.ProjectSpecificationMethods.browserClose(ProjectSpecificationMethods.java:21)
at base.ProjectSpecificationMethods.browserClose(ProjectSpecificationMethods.java:21)
at base.ProjectSpecificationMethods.browserClose(ProjectSpecificationMethods.java:21)
at base.ProjectSpecificationMethods.browserClose(ProjectSpecificationMethods.java:21)
at base.ProjectSpecificationMethods.browserClose(ProjectSpecificationMethods.java:21)
at base.ProjectSpecificationMethods.browserClose(ProjectSpecificationMethods.java:21)
at base.ProjectSpecificationMethods.browserClose(ProjectSpecificationMethods.java:21)
at base.ProjectSpecificationMethods.browserClose(ProjectSpecificationMethods.java:21)
at base.ProjectSpecificationMethods.browserClose(ProjectSpecificationMethods.java:21)
at base.ProjectSpecificationMethods.browserClose(ProjectSpecificationMethods.java:21)
at base.ProjectSpecificationMethods.browserClose(ProjectSpecificationMethods.java:21)
at base.ProjectSpecificationMethods.browserClose(ProjectSpecificationMethods.java:21)
at base.ProjectSpecificationMethods.browserClose(ProjectSpecificationMethods.java:21)
at base.ProjectSpecificationMethods.browserClose(ProjectSpecificationMethods.java:21)
at base.ProjectSpecificationMethods.browserClose(ProjectSpecificationMethods.java:21)
at base.ProjectSpecificationMethods.browserClose(ProjectSpecificationMethods.java:21)
at base.ProjectSpecificationMethods.browserClose(ProjectSpecificationMethods.java:21)
at base.ProjectSpecificationMethods.browserClose(ProjectSpecificationMethods.java:21)
at base.ProjectSpecificationMethods.browserClose(ProjectSpecificationMethods.java:21)
at base.ProjectSpecificationMethods.browserClose(ProjectSpecificationMethods.java:21)
at base.ProjectSpecificationMethods.browserClose(ProjectSpecificationMethods.java:21)
at base.ProjectSpecificationMethods.browserClose(ProjectSpecificationMethods.java:21)
at base.ProjectSpecificationMethods.browserClose(ProjectSpecificationMethods.java:21)
at base.ProjectSpecificationMethods.browserClose(ProjectSpecificationMethods.java:21)
at base.ProjectSpecificationMethods.browserClose(ProjectSpecificationMethods.java:21)
at base.ProjectSpecificationMethods.browserClose(ProjectSpecificationMethods.java:21)
at base.ProjectSpecificationMethods.browserClose(ProjectSpecificationMethods.java:21)
at base.ProjectSpecificationMethods.browserClose(ProjectSpecificationMethods.java:21)
at base.ProjectSpecificationMethods.browserClose(ProjectSpecificationMethods.java:21)
at base.ProjectSpecificationMethods.browserClose(ProjectSpecificationMethods.java:21)
at base.ProjectSpecificationMethods.browserClose(ProjectSpecificationMethods.java:21)
at base.ProjectSpecificationMethods.browserClose(ProjectSpecificationMethods.java:21)
at base.ProjectSpecificationMethods.browserClose(ProjectSpecificationMethods.java:21)
at base.ProjectSpecificationMethods.browserClose(ProjectSpecificationMethods.java:21)
at base.ProjectSpecificationMethods.browserClose(ProjectSpecificationMethods.java:21)
at base.ProjectSpecificationMethods.browserClose(ProjectSpecificationMethods.java:21)
at base.ProjectSpecificationMethods.browserClose(ProjectSpecificationMethods.java:21)
at base.ProjectSpecificationMethods.browserClose(ProjectSpecificationMethods.java:21)
at base.ProjectSpecificationMethods.browserClose(ProjectSpecificationMethods.java:21)
at base.ProjectSpecificationMethods.browserClose(ProjectSpecificationMethods.java:21)
at base.ProjectSpecificationMethods.browserClose(ProjectSpecificationMethods.java:21)
at base.ProjectSpecificationMethods.browserClose(ProjectSpecificationMethods.java:21)
at base.ProjectSpecificationMethods.browserClose(ProjectSpecificationMethods.java:21)
at base.ProjectSpecificationMethods.browserClose(ProjectSpecificationMethods.java:21)
at base.ProjectSpecificationMethods.browserClose(ProjectSpecificationMethods.java:21)
at base.ProjectSpecificationMethods.browserClose(ProjectSpecificationMethods.java:21)
at base.ProjectSpecificationMethods.browserClose(ProjectSpecificationMethods.java:21)
at base.ProjectSpecificationMethods.browserClose(ProjectSpecificationMethods.java:21)
at base.ProjectSpecificationMethods.browserClose(ProjectSpecificationMethods.java:21)
at base.ProjectSpecificationMethods.browserClose(ProjectSpecificationMethods.java:21)
at base.ProjectSpecificationMethods.browserClose(ProjectSpecificationMethods.java:21)
at base.ProjectSpecificationMethods.browserClose(ProjectSpecificationMethods.java:21)
at base.ProjectSpecificationMethods.browserClose(ProjectSpecificationMethods.java:21)
at base.ProjectSpecificationMethods.browserClose(ProjectSpecificationMethods.java:21)
at base.ProjectSpecificationMethods.browserClose(ProjectSpecificationMethods.java:21)
at base.ProjectSpecificationMethods.browserClose(ProjectSpecificationMethods.java:21)
at base.ProjectSpecificationMethods.browserClose(ProjectSpecificationMethods.java:21)
at base.ProjectSpecificationMethods.browserClose(ProjectSpecificationMethods.java:21)
at base.ProjectSpecificationMethods.browserClose(ProjectSpecificationMethods.java:21)
at base.ProjectSpecificationMethods.browserClose(ProjectSpecificationMethods.java:21)
at base.ProjectSpecificationMethods.browserClose(ProjectSpecificationMethods.java:21)
at base.ProjectSpecificationMethods.browserClose(ProjectSpecificationMethods.java:21)
at base.ProjectSpecificationMethods.browserClose(ProjectSpecificationMethods.java:21)
at base.ProjectSpecificationMethods.browserClose(ProjectSpecificationMethods.java:21)
at base.ProjectSpecificationMethods.browserClose(ProjectSpecificationMethods.java:21)
at base.ProjectSpecificationMethods.browserClose(ProjectSpecificationMethods.java:21)
at base.ProjectSpecificationMethods.browserClose(ProjectSpecificationMethods.java:21)
at base.ProjectSpecificationMethods.browserClose(ProjectSpecificationMethods.java:21)
at base.ProjectSpecificationMethods.browserClose(ProjectSpecificationMethods.java:21)
at base.ProjectSpecificationMethods.browserClose(ProjectSpecificationMethods.java:21)
at base.ProjectSpecificationMethods.browserClose(ProjectSpecificationMethods.java:21)
at base.ProjectSpecificationMethods.browserClose(ProjectSpecificationMethods.java:21)
at base.ProjectSpecificationMethods.browserClose(ProjectSpecificationMethods.java:21)
at base.ProjectSpecificationMethods.browserClose(ProjectSpecificationMethods.java:21)
at base.ProjectSpecificationMethods.browserClose(ProjectSpecificationMethods.java:21)
at base.ProjectSpecificationMethods.browserClose(ProjectSpecificationMethods.java:21)
at base.ProjectSpecificationMethods.browserClose(ProjectSpecificationMethods.java:21)
at base.ProjectSpecificationMethods.browserClose(ProjectSpecificationMethods.java:21)
at base.ProjectSpecificationMethods.browserClose(ProjectSpecificationMethods.java:21)
at base.ProjectSpecificationMethods.browserClose(ProjectSpecificationMethods.java:21)
at base.ProjectSpecificationMethods.browserClose(ProjectSpecificationMethods.java:21)
at base.ProjectSpecificationMethods.browserClose(ProjectSpecificationMethods.java:21)
at base.ProjectSpecificationMethods.browserClose(ProjectSpecificationMethods.java:21)
at base.ProjectSpecificationMethods.browserClose(ProjectSpecificationMethods.java:21)
at base.ProjectSpecificationMethods.browserClose(ProjectSpecificationMethods.java:21)
at base.ProjectSpecificationMethods.browserClose(ProjectSpecificationMethods.java:21)
at base.ProjectSpecificationMethods.browserClose(ProjectSpecificationMethods.java:21)
at base.ProjectSpecificationMethods.browserClose(ProjectSpecificationMethods.java:21)
at base.ProjectSpecificationMethods.browserClose(ProjectSpecificationMethods.java:21)
at base.ProjectSpecificationMethods.browserClose(ProjectSpecificationMethods.java:21)
at base.ProjectSpecificationMethods.browserClose(ProjectSpecificationMethods.java:21)
at base.ProjectSpecificationMethods.browserClose(ProjectSpecificationMethods.java:21)
at base.ProjectSpecificationMethods.browserClose(ProjectSpecificationMethods.java:21)
at base.ProjectSpecificationMethods.browserClose(ProjectSpecificationMethods.java:21)
at base.ProjectSpecificationMethods.browserClose(ProjectSpecificationMethods.java:21)
at base.ProjectSpecificationMethods.browserClose(ProjectSpecificationMethods.java:21)
at base.ProjectSpecificationMethods.browserClose(ProjectSpecificationMethods.java:21)
at base.ProjectSpecificationMethods.browserClose(ProjectSpecificationMethods.java:21)
at base.ProjectSpecificationMethods.browserClose(ProjectSpecificationMethods.java:21)
at base.ProjectSpecificationMethods.browserClose(ProjectSpecificationMethods.java:21)
at base.ProjectSpecificationMethods.browserClose(ProjectSpecificationMethods.java:21)
at base.ProjectSpecificationMethods.browserClose(ProjectSpecificationMethods.java:21)
at base.ProjectSpecificationMethods.browserClose(ProjectSpecificationMethods.java:21)
at base.ProjectSpecificationMethods.browserClose(ProjectSpecificationMethods.java:21)
at base.ProjectSpecificationMethods.browserClose(ProjectSpecificationMethods.java:21)
at base.ProjectSpecificationMethods.browserClose(ProjectSpecificationMethods.java:21)
at base.ProjectSpecificationMethods.browserClose(ProjectSpecificationMethods.java:21)
at base.ProjectSpecificationMethods.browserClose(ProjectSpecificationMethods.java:21)
at base.ProjectSpecificationMethods.browserClose(ProjectSpecificationMethods.java:21)
at base.ProjectSpecificationMethods.browserClose(ProjectSpecificationMethods.java:21)
at base.ProjectSpecificationMethods.browserClose(ProjectSpecificationMethods.java:21)
at base.ProjectSpecificationMethods.browserClose(ProjectSpecificationMethods.java:21)
at base.ProjectSpecificationMethods.browserClose(ProjectSpecificationMethods.java:21)
at base.ProjectSpecificationMethods.browserClose(ProjectSpecificationMethods.java:21)
at base.ProjectSpecificationMethods.browserClose(ProjectSpecificationMethods.java:21)
at base.ProjectSpecificationMethods.browserClose(ProjectSpecificationMethods.java:21)
at base.ProjectSpecificationMethods.browserClose(ProjectSpecificationMethods.java:21)
at base.ProjectSpecificationMethods.browserClose(ProjectSpecificationMethods.java:21)
at base.ProjectSpecificationMethods.browserClose(ProjectSpecificationMethods.java:21)
at base.ProjectSpecificationMethods.browserClose(ProjectSpecificationMethods.java:21)
at base.ProjectSpecificationMethods.browserClose(ProjectSpecificationMethods.java:21)
at base.ProjectSpecificationMethods.browserClose(ProjectSpecificationMethods.java:21)
at base.ProjectSpecificationMethods.browserClose(ProjectSpecificationMethods.java:21)
at base.ProjectSpecificationMethods.browserClose(ProjectSpecificationMethods.java:21)
at base.ProjectSpecificationMethods.browserClose(ProjectSpecificationMethods.java:21)
at base.ProjectSpecificationMethods.browserClose(ProjectSpecificationMethods.java:21)
at base.ProjectSpecificationMethods.browserClose(ProjectSpecificationMethods.java:21)
at base.ProjectSpecificationMethods.browserClose(ProjectSpecificationMethods.java:21)
at base.ProjectSpecificationMethods.browserClose(ProjectSpecificationMethods.java:21)
at base.ProjectSpecificationMethods.browserClose(ProjectSpecificationMethods.java:21)
at base.ProjectSpecificationMethods.browserClose(ProjectSpecificationMethods.java:21)
at base.ProjectSpecificationMethods.browserClose(ProjectSpecificationMethods.java:21)
at base.ProjectSpecificationMethods.browserClose(ProjectSpecificationMethods.java:21)
at base.ProjectSpecificationMethods.browserClose(ProjectSpecificationMethods.java:21)
at base.ProjectSpecificationMethods.browserClose(ProjectSpecificationMethods.java:21)
at base.ProjectSpecificationMethods.browserClose(ProjectSpecificationMethods.java:21)
at base.ProjectSpecificationMethods.browserClose(ProjectSpecificationMethods.java:21)
at base.ProjectSpecificationMethods.browserClose(ProjectSpecificationMethods.java:21)
at base.ProjectSpecificationMethods.browserClose(ProjectSpecificationMethods.java:21)
at base.ProjectSpecificationMethods.browserClose(ProjectSpecificationMethods.java:21)
at base.ProjectSpecificationMethods.browserClose(ProjectSpecificationMethods.java:21)
at base.ProjectSpecificationMethods.browserClose(ProjectSpecificationMethods.java:21)
at base.ProjectSpecificationMethods.browserClose(ProjectSpecificationMethods.java:21)
at base.ProjectSpecificationMethods.browserClose(ProjectSpecificationMethods.java:21)
at base.ProjectSpecificationMethods.browserClose(ProjectSpecificationMethods.java:21)
at base.ProjectSpecificationMethods.browserClose(ProjectSpecificationMethods.java:21)
at base.ProjectSpecificationMethods.browserClose(ProjectSpecificationMethods.java:21)
at base.ProjectSpecificationMethods.browserClose(ProjectSpecificationMethods.java:21)
at base.ProjectSpecificationMethods.browserClose(ProjectSpecificationMethods.java:21)
at base.ProjectSpecificationMethods.browserClose(ProjectSpecificationMethods.java:21)
at base.ProjectSpecificationMethods.browserClose(ProjectSpecificationMethods.java:21)
at base.ProjectSpecificationMethods.browserClose(ProjectSpecificationMethods.java:21)
at base.ProjectSpecificationMethods.browserClose(ProjectSpecificationMethods.java:21)
at base.ProjectSpecificationMethods.browserClose(ProjectSpecificationMethods.java:21)
at base.ProjectSpecificationMethods.browserClose(ProjectSpecificationMethods.java:21)
at base.ProjectSpecificationMethods.browserClose(ProjectSpecificationMethods.java:21)
at base.ProjectSpecificationMethods.browserClose(ProjectSpecificationMethods.java:21)
at base.ProjectSpecificationMethods.browserClose(ProjectSpecificationMethods.java:21)
at base.ProjectSpecificationMethods.browserClose(ProjectSpecificationMethods.java:21)
at base.ProjectSpecificationMethods.browserClose(ProjectSpecificationMethods.java:21)
at base.ProjectSpecificationMethods.browserClose(ProjectSpecificationMethods.java:21)
at base.ProjectSpecificationMethods.browserClose(ProjectSpecificationMethods.java:21)
at base.ProjectSpecificationMethods.browserClose(ProjectSpecificationMethods.java:21)
at base.ProjectSpecificationMethods.browserClose(ProjectSpecificationMethods.java:21)
at base.ProjectSpecificationMethods.browserClose(ProjectSpecificationMethods.java:21)
at base.ProjectSpecificationMethods.browserClose(ProjectSpecificationMethods.java:21)
at base.ProjectSpecificationMethods.browserClose(ProjectSpecificationMethods.java:21)
at base.ProjectSpecificationMethods.browserClose(ProjectSpecificationMethods.java:21)
at base.ProjectSpecificationMethods.browserClose(ProjectSpecificationMethods.java:21)
at base.ProjectSpecificationMethods.browserClose(ProjectSpecificationMethods.java:21)
at base.ProjectSpecificationMethods.browserClose(ProjectSpecificationMethods.java:21)
at base.ProjectSpecificationMethods.browserClose(ProjectSpecificationMethods.java:21)
at base.ProjectSpecificationMethods.browserClose(ProjectSpecificationMethods.java:21)
at base.ProjectSpecificationMethods.browserClose(ProjectSpecificationMethods.java:21)
at base.ProjectSpecificationMethods.browserClose(ProjectSpecificationMethods.java:21)
at base.ProjectSpecificationMethods.browserClose(ProjectSpecificationMethods.java:21)
at base.ProjectSpecificationMethods.browserClose(ProjectSpecificationMethods.java:21)
at base.ProjectSpecificationMethods.browserClose(ProjectSpecificationMethods.java:21)
at base.ProjectSpecificationMethods.browserClose(ProjectSpecificationMethods.java:21)
at base.ProjectSpecificationMethods.browserClose(ProjectSpecificationMethods.java:21)
at base.ProjectSpecificationMethods.browserClose(ProjectSpecificationMethods.java:21)
at base.ProjectSpecificationMethods.browserClose(ProjectSpecificationMethods.java:21)
at base.ProjectSpecificationMethods.browserClose(ProjectSpecificationMethods.java:21)
at base.ProjectSpecificationMethods.browserClose(ProjectSpecificationMethods.java:21)
at base.ProjectSpecificationMethods.browserClose(ProjectSpecificationMethods.java:21)
at base.ProjectSpecificationMethods.browserClose(ProjectSpecificationMethods.java:21)
at base.ProjectSpecificationMethods.browserClose(ProjectSpecificationMethods.java:21)
at base.ProjectSpecificationMethods.browserClose(ProjectSpecificationMethods.java:21)
at base.ProjectSpecificationMethods.browserClose(ProjectSpecificationMethods.java:21)
at base.ProjectSpecificationMethods.browserClose(ProjectSpecificationMethods.java:21)
at base.ProjectSpecificationMethods.browserClose(ProjectSpecificationMethods.java:21)
at base.ProjectSpecificationMethods.browserClose(ProjectSpecificationMethods.java:21)
at base.ProjectSpecificationMethods.browserClose(ProjectSpecificationMethods.java:21)
at base.ProjectSpecificationMethods.browserClose(ProjectSpecificationMethods.java:21)
at base.ProjectSpecificationMethods.browserClose(ProjectSpecificationMethods.java:21)
at base.ProjectSpecificationMethods.browserClose(ProjectSpecificationMethods.java:21)
at base.ProjectSpecificationMethods.browserClose(ProjectSpecificationMethods.java:21)
at base.ProjectSpecificationMethods.browserClose(ProjectSpecificationMethods.java:21)
at base.ProjectSpecificationMethods.browserClose(ProjectSpecificationMethods.java:21)
at base.ProjectSpecificationMethods.browserClose(ProjectSpecificationMethods.java:21)
at base.ProjectSpecificationMethods.browserClose(ProjectSpecificationMethods.java:21)
at base.ProjectSpecificationMethods.browserClose(ProjectSpecificationMethods.java:21)
at base.ProjectSpecificationMethods.browserClose(ProjectSpecificationMethods.java:21)
at base.ProjectSpecificationMethods.browserClose(ProjectSpecificationMethods.java:21)
at base.ProjectSpecificationMethods.browserClose(ProjectSpecificationMethods.java:21)
at base.ProjectSpecificationMethods.browserClose(ProjectSpecificationMethods.java:21)
at base.ProjectSpecificationMethods.browserClose(ProjectSpecificationMethods.java:21)
at base.ProjectSpecificationMethods.browserClose(ProjectSpecificationMethods.java:21)
at base.ProjectSpecificationMethods.browserClose(ProjectSpecificationMethods.java:21)
at base.ProjectSpecificationMethods.browserClose(ProjectSpecificationMethods.java:21)
at base.ProjectSpecificationMethods.browserClose(ProjectSpecificationMethods.java:21)
at base.ProjectSpecificationMethods.browserClose(ProjectSpecificationMethods.java:21)
at base.ProjectSpecificationMethods.browserClose(ProjectSpecificationMethods.java:21)
at base.ProjectSpecificationMethods.browserClose(ProjectSpecificationMethods.java:21)
at base.ProjectSpecificationMethods.browserClose(ProjectSpecificationMethods.java:21)
at base.ProjectSpecificationMethods.browserClose(ProjectSpecificationMethods.java:21)
at base.ProjectSpecificationMethods.browserClose(ProjectSpecificationMethods.java:21)
at base.ProjectSpecificationMethods.browserClose(ProjectSpecificationMethods.java:21)
at base.ProjectSpecificationMethods.browserClose(ProjectSpecificationMethods.java:21)
at base.ProjectSpecificationMethods.browserClose(ProjectSpecificationMethods.java:21)
at base.ProjectSpecificationMethods.browserClose(ProjectSpecificationMethods.java:21)
at base.ProjectSpecificationMethods.browserClose(ProjectSpecificationMethods.java:21)
at base.ProjectSpecificationMethods.browserClose(ProjectSpecificationMethods.java:21)
at base.ProjectSpecificationMethods.browserClose(ProjectSpecificationMethods.java:21)
at base.ProjectSpecificationMethods.browserClose(ProjectSpecificationMethods.java:21)
at base.ProjectSpecificationMethods.browserClose(ProjectSpecificationMethods.java:21)
at base.ProjectSpecificationMethods.browserClose(ProjectSpecificationMethods.java:21)
at base.ProjectSpecificationMethods.browserClose(ProjectSpecificationMethods.java:21)
at base.ProjectSpecificationMethods.browserClose(ProjectSpecificationMethods.java:21)
at base.ProjectSpecificationMethods.browserClose(ProjectSpecificationMethods.java:21)
at base.ProjectSpecificationMethods.browserClose(ProjectSpecificationMethods.java:21)
at base.ProjectSpecificationMethods.browserClose(ProjectSpecificationMethods.java:21)
at base.ProjectSpecificationMethods.browserClose(ProjectSpecificationMethods.java:21)
at base.ProjectSpecificationMethods.browserClose(ProjectSpecificationMethods.java:21)
at base.ProjectSpecificationMethods.browserClose(ProjectSpecificationMethods.java:21)
at base.ProjectSpecificationMethods.browserClose(ProjectSpecificationMethods.java:21)
at base.ProjectSpecificationMethods.browserClose(ProjectSpecificationMethods.java:21)
at base.ProjectSpecificationMethods.browserClose(ProjectSpecificationMethods.java:21)
at base.ProjectSpecificationMethods.browserClose(ProjectSpecificationMethods.java:21)
at base.ProjectSpecificationMethods.browserClose(ProjectSpecificationMethods.java:21)
at base.ProjectSpecificationMethods.browserClose(ProjectSpecificationMethods.java:21)
at base.ProjectSpecificationMethods.browserClose(ProjectSpecificationMethods.java:21)
at base.ProjectSpecificationMethods.browserClose(ProjectSpecificationMethods.java:21)
at base.ProjectSpecificationMethods.browserClose(ProjectSpecificationMethods.java:21)
at base.ProjectSpecificationMethods.browserClose(ProjectSpecificationMethods.java:21)
at base.ProjectSpecificationMethods.browserClose(ProjectSpecificationMethods.java:21)
at base.ProjectSpecificationMethods.browserClose(ProjectSpecificationMethods.java:21)
at base.ProjectSpecificationMethods.browserClose(ProjectSpecificationMethods.java:21)
at base.ProjectSpecificationMethods.browserClose(ProjectSpecificationMethods.java:21)
at base.ProjectSpecificationMethods.browserClose(ProjectSpecificationMethods.java:21)
at base.ProjectSpecificationMethods.browserClose(ProjectSpecificationMethods.java:21)
at base.ProjectSpecificationMethods.browserClose(ProjectSpecificationMethods.java:21)
at base.ProjectSpecificationMethods.browserClose(ProjectSpecificationMethods.java:21)
at base.ProjectSpecificationMethods.browserClose(ProjectSpecificationMethods.java:21)
at base.ProjectSpecificationMethods.browserClose(ProjectSpecificationMethods.java:21)
at base.ProjectSpecificationMethods.browserClose(ProjectSpecificationMethods.java:21)
at base.ProjectSpecificationMethods.browserClose(ProjectSpecificationMethods.java:21)
at base.ProjectSpecificationMethods.browserClose(ProjectSpecificationMethods.java:21)
at base.ProjectSpecificationMethods.browserClose(ProjectSpecificationMethods.java:21)
at base.ProjectSpecificationMethods.browserClose(ProjectSpecificationMethods.java:21)
at base.ProjectSpecificationMethods.browserClose(ProjectSpecificationMethods.java:21)
at base.ProjectSpecificationMethods.browserClose(ProjectSpecificationMethods.java:21)
at base.ProjectSpecificationMethods.browserClose(ProjectSpecificationMethods.java:21)
at base.ProjectSpecificationMethods.browserClose(ProjectSpecificationMethods.java:21)
at base.ProjectSpecificationMethods.browserClose(ProjectSpecificationMethods.java:21)
at base.ProjectSpecificationMethods.browserClose(ProjectSpecificationMethods.java:21)
at base.ProjectSpecificationMethods.browserClose(ProjectSpecificationMethods.java:21)
at base.ProjectSpecificationMethods.browserClose(ProjectSpecificationMethods.java:21)
at base.ProjectSpecificationMethods.browserClose(ProjectSpecificationMethods.java:21)
at base.ProjectSpecificationMethods.browserClose(ProjectSpecificationMethods.java:21)
at base.ProjectSpecificationMethods.browserClose(ProjectSpecificationMethods.java:21)
at base.ProjectSpecificationMethods.browserClose(ProjectSpecificationMethods.java:21)
at base.ProjectSpecificationMethods.browserClose(ProjectSpecificationMethods.java:21)
at base.ProjectSpecificationMethods.browserClose(ProjectSpecificationMethods.java:21)
at base.ProjectSpecificationMethods.browserClose(ProjectSpecificationMethods.java:21)
at base.ProjectSpecificationMethods.browserClose(ProjectSpecificationMethods.java:21)
at base.ProjectSpecificationMethods.browserClose(ProjectSpecificationMethods.java:21)
at base.ProjectSpecificationMethods.browserClose(ProjectSpecificationMethods.java:21)
at base.ProjectSpecificationMethods.browserClose(ProjectSpecificationMethods.java:21)
at base.ProjectSpecificationMethods.browserClose(ProjectSpecificationMethods.java:21)
at base.ProjectSpecificationMethods.browserClose(ProjectSpecificationMethods.java:21)
at base.ProjectSpecificationMethods.browserClose(ProjectSpecificationMethods.java:21)
at base.ProjectSpecificationMethods.browserClose(ProjectSpecificationMethods.java:21)
at base.ProjectSpecificationMethods.browserClose(ProjectSpecificationMethods.java:21)
at base.ProjectSpecificationMethods.browserClose(ProjectSpecificationMethods.java:21)
at base.ProjectSpecificationMethods.browserClose(ProjectSpecificationMethods.java:21)
at base.ProjectSpecificationMethods.browserClose(ProjectSpecificationMethods.java:21)
at base.ProjectSpecificationMethods.browserClose(ProjectSpecificationMethods.java:21)
at base.ProjectSpecificationMethods.browserClose(ProjectSpecificationMethods.java:21)
at base.ProjectSpecificationMethods.browserClose(ProjectSpecificationMethods.java:21)
at base.ProjectSpecificationMethods.browserClose(ProjectSpecificationMethods.java:21)
at base.ProjectSpecificationMethods.browserClose(ProjectSpecificationMethods.java:21)
at base.ProjectSpecificationMethods.browserClose(ProjectSpecificationMethods.java:21)
at base.ProjectSpecificationMethods.browserClose(ProjectSpecificationMethods.java:21)
at base.ProjectSpecificationMethods.browserClose(ProjectSpecificationMethods.java:21)
at base.ProjectSpecificationMethods.browserClose(ProjectSpecificationMethods.java:21)
at base.ProjectSpecificationMethods.browserClose(ProjectSpecificationMethods.java:21)
at base.ProjectSpecificationMethods.browserClose(ProjectSpecificationMethods.java:21)
at base.ProjectSpecificationMethods.browserClose(ProjectSpecificationMethods.java:21)
at base.ProjectSpecificationMethods.browserClose(ProjectSpecificationMethods.java:21)
at base.ProjectSpecificationMethods.browserClose(ProjectSpecificationMethods.java:21)
at base.ProjectSpecificationMethods.browserClose(ProjectSpecificationMethods.java:21)
at base.ProjectSpecificationMethods.browserClose(ProjectSpecificationMethods.java:21)
at base.ProjectSpecificationMethods.browserClose(ProjectSpecificationMethods.java:21)
at base.ProjectSpecificationMethods.browserClose(ProjectSpecificationMethods.java:21)
at base.ProjectSpecificationMethods.browserClose(ProjectSpecificationMethods.java:21)
at base.ProjectSpecificationMethods.browserClose(ProjectSpecificationMethods.java:21)
at base.ProjectSpecificationMethods.browserClose(ProjectSpecificationMethods.java:21)
at base.ProjectSpecificationMethods.browserClose(ProjectSpecificationMethods.java:21)
at base.ProjectSpecificationMethods.browserClose(ProjectSpecificationMethods.java:21)
at base.ProjectSpecificationMethods.browserClose(ProjectSpecificationMethods.java:21)
at base.ProjectSpecificationMethods.browserClose(ProjectSpecificationMethods.java:21)
at base.ProjectSpecificationMethods.browserClose(ProjectSpecificationMethods.java:21)
at base.ProjectSpecificationMethods.browserClose(ProjectSpecificationMethods.java:21)
at base.ProjectSpecificationMethods.browserClose(ProjectSpecificationMethods.java:21)
at base.ProjectSpecificationMethods.browserClose(ProjectSpecificationMethods.java:21)
at base.ProjectSpecificationMethods.browserClose(ProjectSpecificationMethods.java:21)
at base.ProjectSpecificationMethods.browserClose(ProjectSpecificationMethods.java:21)
at base.ProjectSpecificationMethods.browserClose(ProjectSpecificationMethods.java:21)
at base.ProjectSpecificationMethods.browserClose(ProjectSpecificationMethods.java:21)
at base.ProjectSpecificationMethods.browserClose(ProjectSpecificationMethods.java:21)
at base.ProjectSpecificationMethods.browserClose(ProjectSpecificationMethods.java:21)
at base.ProjectSpecificationMethods.browserClose(ProjectSpecificationMethods.java:21)
at base.ProjectSpecificationMethods.browserClose(ProjectSpecificationMethods.java:21)
at base.ProjectSpecificationMethods.browserClose(ProjectSpecificationMethods.java:21)
at base.ProjectSpecificationMethods.browserClose(ProjectSpecificationMethods.java:21)
at base.ProjectSpecificationMethods.browserClose(ProjectSpecificationMethods.java:21)
at base.ProjectSpecificationMethods.browserClose(ProjectSpecificationMethods.java:21)
at base.ProjectSpecificationMethods.browserClose(ProjectSpecificationMethods.java:21)
at base.ProjectSpecificationMethods.browserClose(ProjectSpecificationMethods.java:21)
at base.ProjectSpecificationMethods.browserClose(ProjectSpecificationMethods.java:21)
at base.ProjectSpecificationMethods.browserClose(ProjectSpecificationMethods.java:21)
at base.ProjectSpecificationMethods.browserClose(ProjectSpecificationMethods.java:21)
at base.ProjectSpecificationMethods.browserClose(ProjectSpecificationMethods.java:21)
at base.ProjectSpecificationMethods.browserClose(ProjectSpecificationMethods.java:21)
at base.ProjectSpecificationMethods.browserClose(ProjectSpecificationMethods.java:21)
at base.ProjectSpecificationMethods.browserClose(ProjectSpecificationMethods.java:21)
at base.ProjectSpecificationMethods.browserClose(ProjectSpecificationMethods.java:21)
at base.ProjectSpecificationMethods.browserClose(ProjectSpecificationMethods.java:21)
at base.ProjectSpecificationMethods.browserClose(ProjectSpecificationMethods.java:21)
at base.ProjectSpecificationMethods.browserClose(ProjectSpecificationMethods.java:21)
at base.ProjectSpecificationMethods.browserClose(ProjectSpecificationMethods.java:21)
at base.ProjectSpecificationMethods.browserClose(ProjectSpecificationMethods.java:21)
at base.ProjectSpecificationMethods.browserClose(ProjectSpecificationMethods.java:21)
at base.ProjectSpecificationMethods.browserClose(ProjectSpecificationMethods.java:21)
at base.ProjectSpecificationMethods.browserClose(ProjectSpecificationMethods.java:21)
at base.ProjectSpecificationMethods.browserClose(ProjectSpecificationMethods.java:21)
at base.ProjectSpecificationMethods.browserClose(ProjectSpecificationMethods.java:21)
at base.ProjectSpecificationMethods.browserClose(ProjectSpecificationMethods.java:21)
at base.ProjectSpecificationMethods.browserClose(ProjectSpecificationMethods.java:21)
at base.ProjectSpecificationMethods.browserClose(ProjectSpecificationMethods.java:21)
at base.ProjectSpecificationMethods.browserClose(ProjectSpecificationMethods.java:21)
at base.ProjectSpecificationMethods.browserClose(ProjectSpecificationMethods.java:21)
at base.ProjectSpecificationMethods.browserClose(ProjectSpecificationMethods.java:21)
at base.ProjectSpecificationMethods.browserClose(ProjectSpecificationMethods.java:21)
at base.ProjectSpecificationMethods.browserClose(ProjectSpecificationMethods.java:21)
at base.ProjectSpecificationMethods.browserClose(ProjectSpecificationMethods.java:21)
at base.ProjectSpecificationMethods.browserClose(ProjectSpecificationMethods.java:21)
at base.ProjectSpecificationMethods.browserClose(ProjectSpecificationMethods.java:21)
at base.ProjectSpecificationMethods.browserClose(ProjectSpecificationMethods.java:21)
at base.ProjectSpecificationMethods.browserClose(ProjectSpecificationMethods.java:21)
at base.ProjectSpecificationMethods.browserClose(ProjectSpecificationMethods.java:21)
at base.ProjectSpecificationMethods.browserClose(ProjectSpecificationMethods.java:21)
at base.ProjectSpecificationMethods.browserClose(ProjectSpecificationMethods.java:21)
at base.ProjectSpecificationMethods.browserClose(ProjectSpecificationMethods.java:21)
at base.ProjectSpecificationMethods.browserClose(ProjectSpecificationMethods.java:21)
at base.ProjectSpecificationMethods.browserClose(ProjectSpecificationMethods.java:21)
at base.ProjectSpecificationMethods.browserClose(ProjectSpecificationMethods.java:21)
at base.ProjectSpecificationMethods.browserClose(ProjectSpecificationMethods.java:21)
at base.ProjectSpecificationMethods.browserClose(ProjectSpecificationMethods.java:21)
at base.ProjectSpecificationMethods.browserClose(ProjectSpecificationMethods.java:21)
at base.ProjectSpecificationMethods.browserClose(ProjectSpecificationMethods.java:21)
at base.ProjectSpecificationMethods.browserClose(ProjectSpecificationMethods.java:21)
at base.ProjectSpecificationMethods.browserClose(ProjectSpecificationMethods.java:21)
at base.ProjectSpecificationMethods.browserClose(ProjectSpecificationMethods.java:21)
at base.ProjectSpecificationMethods.browserClose(ProjectSpecificationMethods.java:21)
at base.ProjectSpecificationMethods.browserClose(ProjectSpecificationMethods.java:21)
at base.ProjectSpecificationMethods.browserClose(ProjectSpecificationMethods.java:21)
at base.ProjectSpecificationMethods.browserClose(ProjectSpecificationMethods.java:21)
at base.ProjectSpecificationMethods.browserClose(ProjectSpecificationMethods.java:21)
at base.ProjectSpecificationMethods.browserClose(ProjectSpecificationMethods.java:21)
at base.ProjectSpecificationMethods.browserClose(ProjectSpecificationMethods.java:21)
at base.ProjectSpecificationMethods.browserClose(ProjectSpecificationMethods.java:21)
at base.ProjectSpecificationMethods.browserClose(ProjectSpecificationMethods.java:21)
at base.ProjectSpecificationMethods.browserClose(ProjectSpecificationMethods.java:21)
at base.ProjectSpecificationMethods.browserClose(ProjectSpecificationMethods.java:21)
at base.ProjectSpecificationMethods.browserClose(ProjectSpecificationMethods.java:21)
at base.ProjectSpecificationMethods.browserClose(ProjectSpecificationMethods.java:21)
at base.ProjectSpecificationMethods.browserClose(ProjectSpecificationMethods.java:21)
at base.ProjectSpecificationMethods.browserClose(ProjectSpecificationMethods.java:21)
at base.ProjectSpecificationMethods.browserClose(ProjectSpecificationMethods.java:21)
at base.ProjectSpecificationMethods.browserClose(ProjectSpecificationMethods.java:21)
at base.ProjectSpecificationMethods.browserClose(ProjectSpecificationMethods.java:21)
at base.ProjectSpecificationMethods.browserClose(ProjectSpecificationMethods.java:21)
at base.ProjectSpecificationMethods.browserClose(ProjectSpecificationMethods.java:21)
at base.ProjectSpecificationMethods.browserClose(ProjectSpecificationMethods.java:21)
at base.ProjectSpecificationMethods.browserClose(ProjectSpecificationMethods.java:21)
at base.ProjectSpecificationMethods.browserClose(ProjectSpecificationMethods.java:21)
at base.ProjectSpecificationMethods.browserClose(ProjectSpecificationMethods.java:21)
at base.ProjectSpecificationMethods.browserClose(ProjectSpecificationMethods.java:21)
at base.ProjectSpecificationMethods.browserClose(ProjectSpecificationMethods.java:21)
at base.ProjectSpecificationMethods.browserClose(ProjectSpecificationMethods.java:21)
at base.ProjectSpecificationMethods.browserClose(ProjectSpecificationMethods.java:21)
at base.ProjectSpecificationMethods.browserClose(ProjectSpecificationMethods.java:21)
at base.ProjectSpecificationMethods.browserClose(ProjectSpecificationMethods.java:21)
at base.ProjectSpecificationMethods.browserClose(ProjectSpecificationMethods.java:21)
at base.ProjectSpecificationMethods.browserClose(ProjectSpecificationMethods.java:21)
at base.ProjectSpecificationMethods.browserClose(ProjectSpecificationMethods.java:21)
at base.ProjectSpecificationMethods.browserClose(ProjectSpecificationMethods.java:21)
at base.ProjectSpecificationMethods.browserClose(ProjectSpecificationMethods.java:21)
at base.ProjectSpecificationMethods.browserClose(ProjectSpecificationMethods.java:21)
at base.ProjectSpecificationMethods.browserClose(ProjectSpecificationMethods.java:21)
at base.ProjectSpecificationMethods.browserClose(ProjectSpecificationMethods.java:21)
at base.ProjectSpecificationMethods.browserClose(ProjectSpecificationMethods.java:21)
at base.ProjectSpecificationMethods.browserClose(ProjectSpecificationMethods.java:21)
at base.ProjectSpecificationMethods.browserClose(ProjectSpecificationMethods.java:21)
at base.ProjectSpecificationMethods.browserClose(ProjectSpecificationMethods.java:21)
at base.ProjectSpecificationMethods.browserClose(ProjectSpecificationMethods.java:21)
at base.ProjectSpecificationMethods.browserClose(ProjectSpecificationMethods.java:21)
at base.ProjectSpecificationMethods.browserClose(ProjectSpecificationMethods.java:21)
at base.ProjectSpecificationMethods.browserClose(ProjectSpecificationMethods.java:21)
at base.ProjectSpecificationMethods.browserClose(ProjectSpecificationMethods.java:21)
at base.ProjectSpecificationMethods.browserClose(ProjectSpecificationMethods.java:21)
at base.ProjectSpecificationMethods.browserClose(ProjectSpecificationMethods.java:21)
at base.ProjectSpecificationMethods.browserClose(ProjectSpecificationMethods.java:21)
at base.ProjectSpecificationMethods.browserClose(ProjectSpecificationMethods.java:21)
at base.ProjectSpecificationMethods.browserClose(ProjectSpecificationMethods.java:21)
at base.ProjectSpecificationMethods.browserClose(ProjectSpecificationMethods.java:21)
at base.ProjectSpecificationMethods.browserClose(ProjectSpecificationMethods.java:21)
at base.ProjectSpecificationMethods.browserClose(ProjectSpecificationMethods.java:21)
at base.ProjectSpecificationMethods.browserClose(ProjectSpecificationMethods.java:21)
at base.ProjectSpecificationMethods.browserClose(ProjectSpecificationMethods.java:21)
at base.ProjectSpecificationMethods.browserClose(ProjectSpecificationMethods.java:21)
at base.ProjectSpecificationMethods.browserClose(ProjectSpecificationMethods.java:21)
at base.ProjectSpecificationMethods.browserClose(ProjectSpecificationMethods.java:21)
at base.ProjectSpecificationMethods.browserClose(ProjectSpecificationMethods.java:21)
at base.ProjectSpecificationMethods.browserClose(ProjectSpecificationMethods.java:21)
at base.ProjectSpecificationMethods.browserClose(ProjectSpecificationMethods.java:21)
at base.ProjectSpecificationMethods.browserClose(ProjectSpecificationMethods.java:21)
at base.ProjectSpecificationMethods.browserClose(ProjectSpecificationMethods.java:21)
at base.ProjectSpecificationMethods.browserClose(ProjectSpecificationMethods.java:21)
at base.ProjectSpecificationMethods.browserClose(ProjectSpecificationMethods.java:21)
at base.ProjectSpecificationMethods.browserClose(ProjectSpecificationMethods.java:21)
at base.ProjectSpecificationMethods.browserClose(ProjectSpecificationMethods.java:21)
at base.ProjectSpecificationMethods.browserClose(ProjectSpecificationMethods.java:21)
at base.ProjectSpecificationMethods.browserClose(ProjectSpecificationMethods.java:21)
at base.ProjectSpecificationMethods.browserClose(ProjectSpecificationMethods.java:21)
at base.ProjectSpecificationMethods.browserClose(ProjectSpecificationMethods.java:21)
at base.ProjectSpecificationMethods.browserClose(ProjectSpecificationMethods.java:21)
at base.ProjectSpecificationMethods.browserClose(ProjectSpecificationMethods.java:21)
at base.ProjectSpecificationMethods.browserClose(ProjectSpecificationMethods.java:21)
at base.ProjectSpecificationMethods.browserClose(ProjectSpecificationMethods.java:21)
at base.ProjectSpecificationMethods.browserClose(ProjectSpecificationMethods.java:21)
at base.ProjectSpecificationMethods.browserClose(ProjectSpecificationMethods.java:21)
at base.ProjectSpecificationMethods.browserClose(ProjectSpecificationMethods.java:21)
at base.ProjectSpecificationMethods.browserClose(ProjectSpecificationMethods.java:21)
at base.ProjectSpecificationMethods.browserClose(ProjectSpecificationMethods.java:21)
at base.ProjectSpecificationMethods.browserClose(ProjectSpecificationMethods.java:21)
at base.ProjectSpecificationMethods.browserClose(ProjectSpecificationMethods.java:21)
at base.ProjectSpecificationMethods.browserClose(ProjectSpecificationMethods.java:21)
at base.ProjectSpecificationMethods.browserClose(ProjectSpecificationMethods.java:21)
at base.ProjectSpecificationMethods.browserClose(ProjectSpecificationMethods.java:21)
at base.ProjectSpecificationMethods.browserClose(ProjectSpecificationMethods.java:21)
at base.ProjectSpecificationMethods.browserClose(ProjectSpecificationMethods.java:21)
at base.ProjectSpecificationMethods.browserClose(ProjectSpecificationMethods.java:21)
at base.ProjectSpecificationMethods.browserClose(ProjectSpecificationMethods.java:21)
at base.ProjectSpecificationMethods.browserClose(ProjectSpecificationMethods.java:21)
at base.ProjectSpecificationMethods.browserClose(ProjectSpecificationMethods.java:21)
at base.ProjectSpecificationMethods.browserClose(ProjectSpecificationMethods.java:21)
at base.ProjectSpecificationMethods.browserClose(ProjectSpecificationMethods.java:21)
at base.ProjectSpecificationMethods.browserClose(ProjectSpecificationMethods.java:21)
at base.ProjectSpecificationMethods.browserClose(ProjectSpecificationMethods.java:21)
at base.ProjectSpecificationMethods.browserClose(ProjectSpecificationMethods.java:21)
at base.ProjectSpecificationMethods.browserClose(ProjectSpecificationMethods.java:21)
at base.ProjectSpecificationMethods.browserClose(ProjectSpecificationMethods.java:21)
at base.ProjectSpecificationMethods.browserClose(ProjectSpecificationMethods.java:21)
at base.ProjectSpecificationMethods.browserClose(ProjectSpecificationMethods.java:21)
at base.ProjectSpecificationMethods.browserClose(ProjectSpecificationMethods.java:21)
at base.ProjectSpecificationMethods.browserClose(ProjectSpecificationMethods.java:21)
at base.ProjectSpecificationMethods.browserClose(ProjectSpecificationMethods.java:21)
at base.ProjectSpecificationMethods.browserClose(ProjectSpecificationMethods.java:21)
at base.ProjectSpecificationMethods.browserClose(ProjectSpecificationMethods.java:21)
at base.ProjectSpecificationMethods.browserClose(ProjectSpecificationMethods.java:21)
at base.ProjectSpecificationMethods.browserClose(ProjectSpecificationMethods.java:21)
at base.ProjectSpecificationMethods.browserClose(ProjectSpecificationMethods.java:21)
at base.ProjectSpecificationMethods.browserClose(ProjectSpecificationMethods.java:21)
at base.ProjectSpecificationMethods.browserClose(ProjectSpecificationMethods.java:21)
at base.ProjectSpecificationMethods.browserClose(ProjectSpecificationMethods.java:21)
at base.ProjectSpecificationMethods.browserClose(ProjectSpecificationMethods.java:21)
at base.ProjectSpecificationMethods.browserClose(ProjectSpecificationMethods.java:21)
at base.ProjectSpecificationMethods.browserClose(ProjectSpecificationMethods.java:21)
at base.ProjectSpecificationMethods.browserClose(ProjectSpecificationMethods.java:21)
at base.ProjectSpecificationMethods.browserClose(ProjectSpecificationMethods.java:21)
at base.ProjectSpecificationMethods.browserClose(ProjectSpecificationMethods.java:21)
at base.ProjectSpecificationMethods.browserClose(ProjectSpecificationMethods.java:21)
at base.ProjectSpecificationMethods.browserClose(ProjectSpecificationMethods.java:21)
at base.ProjectSpecificationMethods.browserClose(ProjectSpecificationMethods.java:21)
at base.ProjectSpecificationMethods.browserClose(ProjectSpecificationMethods.java:21)
at base.ProjectSpecificationMethods.browserClose(ProjectSpecificationMethods.java:21)
at base.ProjectSpecificationMethods.browserClose(ProjectSpecificationMethods.java:21)
at base.ProjectSpecificationMethods.browserClose(ProjectSpecificationMethods.java:21)
at base.ProjectSpecificationMethods.browserClose(ProjectSpecificationMethods.java:21)
at base.ProjectSpecificationMethods.browserClose(ProjectSpecificationMethods.java:21)
at base.ProjectSpecificationMethods.browserClose(ProjectSpecificationMethods.java:21)
at base.ProjectSpecificationMethods.browserClose(ProjectSpecificationMethods.java:21)
at base.ProjectSpecificationMethods.browserClose(ProjectSpecificationMethods.java:21)
at base.ProjectSpecificationMethods.browserClose(ProjectSpecificationMethods.java:21)
at base.ProjectSpecificationMethods.browserClose(ProjectSpecificationMethods.java:21)
at base.ProjectSpecificationMethods.browserClose(ProjectSpecificationMethods.java:21)
at base.ProjectSpecificationMethods.browserClose(ProjectSpecificationMethods.java:21)
at base.ProjectSpecificationMethods.browserClose(ProjectSpecificationMethods.java:21)
at base.ProjectSpecificationMethods.browserClose(ProjectSpecificationMethods.java:21)
at base.ProjectSpecificationMethods.browserClose(ProjectSpecificationMethods.java:21)
at base.ProjectSpecificationMethods.browserClose(ProjectSpecificationMethods.java:21)
at base.ProjectSpecificationMethods.browserClose(ProjectSpecificationMethods.java:21)
at base.ProjectSpecificationMethods.browserClose(ProjectSpecificationMethods.java:21)
at base.ProjectSpecificationMethods.browserClose(ProjectSpecificationMethods.java:21)
at base.ProjectSpecificationMethods.browserClose(ProjectSpecificationMethods.java:21)
at base.ProjectSpecificationMethods.browserClose(ProjectSpecificationMethods.java:21)
at base.ProjectSpecificationMethods.browserClose(ProjectSpecificationMethods.java:21)
at base.ProjectSpecificationMethods.browserClose(ProjectSpecificationMethods.java:21)
at base.ProjectSpecificationMethods.browserClose(ProjectSpecificationMethods.java:21)
at base.ProjectSpecificationMethods.browserClose(ProjectSpecificationMethods.java:21)
at base.ProjectSpecificationMethods.browserClose(ProjectSpecificationMethods.java:21)
at base.ProjectSpecificationMethods.browserClose(ProjectSpecificationMethods.java:21)
at base.ProjectSpecificationMethods.browserClose(ProjectSpecificationMethods.java:21)
at base.ProjectSpecificationMethods.browserClose(ProjectSpecificationMethods.java:21)
at base.ProjectSpecificationMethods.browserClose(ProjectSpecificationMethods.java:21)
at base.ProjectSpecificationMethods.browserClose(ProjectSpecificationMethods.java:21)
at base.ProjectSpecificationMethods.browserClose(ProjectSpecificationMethods.java:21)
at base.ProjectSpecificationMethods.browserClose(ProjectSpecificationMethods.java:21)
at base.ProjectSpecificationMethods.browserClose(ProjectSpecificationMethods.java:21)
at base.ProjectSpecificationMethods.browserClose(ProjectSpecificationMethods.java:21)
at base.ProjectSpecificationMethods.browserClose(ProjectSpecificationMethods.java:21)
at base.ProjectSpecificationMethods.browserClose(ProjectSpecificationMethods.java:21)
at base.ProjectSpecificationMethods.browserClose(ProjectSpecificationMethods.java:21)
at base.ProjectSpecificationMethods.browserClose(ProjectSpecificationMethods.java:21)
at base.ProjectSpecificationMethods.browserClose(ProjectSpecificationMethods.java:21)
at base.ProjectSpecificationMethods.browserClose(ProjectSpecificationMethods.java:21)
at base.ProjectSpecificationMethods.browserClose(ProjectSpecificationMethods.java:21)
at base.ProjectSpecificationMethods.browserClose(ProjectSpecificationMethods.java:21)
at base.ProjectSpecificationMethods.browserClose(ProjectSpecificationMethods.java:21)
at base.ProjectSpecificationMethods.browserClose(ProjectSpecificationMethods.java:21)
at base.ProjectSpecificationMethods.browserClose(ProjectSpecificationMethods.java:21)
at base.ProjectSpecificationMethods.browserClose(ProjectSpecificationMethods.java:21)
at base.ProjectSpecificationMethods.browserClose(ProjectSpecificationMethods.java:21)
at base.ProjectSpecificationMethods.browserClose(ProjectSpecificationMethods.java:21)
at base.ProjectSpecificationMethods.browserClose(ProjectSpecificationMethods.java:21)
at base.ProjectSpecificationMethods.browserClose(ProjectSpecificationMethods.java:21)
at base.ProjectSpecificationMethods.browserClose(ProjectSpecificationMethods.java:21)
at base.ProjectSpecificationMethods.browserClose(ProjectSpecificationMethods.java:21)
at base.ProjectSpecificationMethods.browserClose(ProjectSpecificationMethods.java:21)
at base.ProjectSpecificationMethods.browserClose(ProjectSpecificationMethods.java:21)
at base.ProjectSpecificationMethods.browserClose(ProjectSpecificationMethods.java:21)
at base.ProjectSpecificationMethods.browserClose(ProjectSpecificationMethods.java:21)
at base.ProjectSpecificationMethods.browserClose(ProjectSpecificationMethods.java:21)
at base.ProjectSpecificationMethods.browserClose(ProjectSpecificationMethods.java:21)
at base.ProjectSpecificationMethods.browserClose(ProjectSpecificationMethods.java:21)
at base.ProjectSpecificationMethods.browserClose(ProjectSpecificationMethods.java:21)
at base.ProjectSpecificationMethods.browserClose(ProjectSpecificationMethods.java:21)
at base.ProjectSpecificationMethods.browserClose(ProjectSpecificationMethods.java:21)
at base.ProjectSpecificationMethods.browserClose(ProjectSpecificationMethods.java:21)
at base.ProjectSpecificationMethods.browserClose(ProjectSpecificationMethods.java:21)
at base.ProjectSpecificationMethods.browserClose(ProjectSpecificationMethods.java:21)
at base.ProjectSpecificationMethods.browserClose(ProjectSpecificationMethods.java:21)
at base.ProjectSpecificationMethods.browserClose(ProjectSpecificationMethods.java:21)
at base.ProjectSpecificationMethods.browserClose(ProjectSpecificationMethods.java:21)
at base.ProjectSpecificationMethods.browserClose(ProjectSpecificationMethods.java:21)
at base.ProjectSpecificationMethods.browserClose(ProjectSpecificationMethods.java:21)
at base.ProjectSpecificationMethods.browserClose(ProjectSpecificationMethods.java:21)
at base.ProjectSpecificationMethods.browserClose(ProjectSpecificationMethods.java:21)
at base.ProjectSpecificationMethods.browserClose(ProjectSpecificationMethods.java:21)
at base.ProjectSpecificationMethods.browserClose(ProjectSpecificationMethods.java:21)
at base.ProjectSpecificationMethods.browserClose(ProjectSpecificationMethods.java:21)
at base.ProjectSpecificationMethods.browserClose(ProjectSpecificationMethods.java:21)
at base.ProjectSpecificationMethods.browserClose(ProjectSpecificationMethods.java:21)
at base.ProjectSpecificationMethods.browserClose(ProjectSpecificationMethods.java:21)
at base.ProjectSpecificationMethods.browserClose(ProjectSpecificationMethods.java:21)
at base.ProjectSpecificationMethods.browserClose(ProjectSpecificationMethods.java:21)
at base.ProjectSpecificationMethods.browserClose(ProjectSpecificationMethods.java:21)
at base.ProjectSpecificationMethods.browserClose(ProjectSpecificationMethods.java:21)
at base.ProjectSpecificationMethods.browserClose(ProjectSpecificationMethods.java:21)
at base.ProjectSpecificationMethods.browserClose(ProjectSpecificationMethods.java:21)
at base.ProjectSpecificationMethods.browserClose(ProjectSpecificationMethods.java:21)
at base.ProjectSpecificationMethods.browserClose(ProjectSpecificationMethods.java:21)
at base.ProjectSpecificationMethods.browserClose(ProjectSpecificationMethods.java:21)
at base.ProjectSpecificationMethods.browserClose(ProjectSpecificationMethods.java:21)
at base.ProjectSpecificationMethods.browserClose(ProjectSpecificationMethods.java:21)
at base.ProjectSpecificationMethods.browserClose(ProjectSpecificationMethods.java:21)
at base.ProjectSpecificationMethods.browserClose(ProjectSpecificationMethods.java:21)
at base.ProjectSpecificationMethods.browserClose(ProjectSpecificationMethods.java:21)
at base.ProjectSpecificationMethods.browserClose(ProjectSpecificationMethods.java:21)
at base.ProjectSpecificationMethods.browserClose(ProjectSpecificationMethods.java:21)
at base.ProjectSpecificationMethods.browserClose(ProjectSpecificationMethods.java:21)
at base.ProjectSpecificationMethods.browserClose(ProjectSpecificationMethods.java:21)
at base.ProjectSpecificationMethods.browserClose(ProjectSpecificationMethods.java:21)
at base.ProjectSpecificationMethods.browserClose(ProjectSpecificationMethods.java:21)
at base.ProjectSpecificationMethods.browserClose(ProjectSpecificationMethods.java:21)
at base.ProjectSpecificationMethods.browserClose(ProjectSpecificationMethods.java:21)
at base.ProjectSpecificationMethods.browserClose(ProjectSpecificationMethods.java:21)
at base.ProjectSpecificationMethods.browserClose(ProjectSpecificationMethods.java:21)
at base.ProjectSpecificationMethods.browserClose(ProjectSpecificationMethods.java:21)
at base.ProjectSpecificationMethods.browserClose(ProjectSpecificationMethods.java:21)
at base.ProjectSpecificationMethods.browserClose(ProjectSpecificationMethods.java:21)
at base.ProjectSpecificationMethods.browserClose(ProjectSpecificationMethods.java:21)
at base.ProjectSpecificationMethods.browserClose(ProjectSpecificationMethods.java:21)
at base.ProjectSpecificationMethods.browserClose(ProjectSpecificationMethods.java:21)
at base.ProjectSpecificationMethods.browserClose(ProjectSpecificationMethods.java:21)
at base.ProjectSpecificationMethods.browserClose(ProjectSpecificationMethods.java:21)
at base.ProjectSpecificationMethods.browserClose(ProjectSpecificationMethods.java:21)
at base.ProjectSpecificationMethods.browserClose(ProjectSpecificationMethods.java:21)
at base.ProjectSpecificationMethods.browserClose(ProjectSpecificationMethods.java:21)
at base.ProjectSpecificationMethods.browserClose(ProjectSpecificationMethods.java:21)
at base.ProjectSpecificationMethods.browserClose(ProjectSpecificationMethods.java:21)
at base.ProjectSpecificationMethods.browserClose(ProjectSpecificationMethods.java:21)
at base.ProjectSpecificationMethods.browserClose(ProjectSpecificationMethods.java:21)
at base.ProjectSpecificationMethods.browserClose(ProjectSpecificationMethods.java:21)
at base.ProjectSpecificationMethods.browserClose(ProjectSpecificationMethods.java:21)
at base.ProjectSpecificationMethods.browserClose(ProjectSpecificationMethods.java:21)
at base.ProjectSpecificationMethods.browserClose(ProjectSpecificationMethods.java:21)
at base.ProjectSpecificationMethods.browserClose(ProjectSpecificationMethods.java:21)
at base.ProjectSpecificationMethods.browserClose(ProjectSpecificationMethods.java:21)
at base.ProjectSpecificationMethods.browserClose(ProjectSpecificationMethods.java:21)
at base.ProjectSpecificationMethods.browserClose(ProjectSpecificationMethods.java:21)
at base.ProjectSpecificationMethods.browserClose(ProjectSpecificationMethods.java:21)
at base.ProjectSpecificationMethods.browserClose(ProjectSpecificationMethods.java:21)
at base.ProjectSpecificationMethods.browserClose(ProjectSpecificationMethods.java:21)
at base.ProjectSpecificationMethods.browserClose(ProjectSpecificationMethods.java:21)
at base.ProjectSpecificationMethods.browserClose(ProjectSpecificationMethods.java:21)
at base.ProjectSpecificationMethods.browserClose(ProjectSpecificationMethods.java:21)
at base.ProjectSpecificationMethods.browserClose(ProjectSpecificationMethods.java:21)
at base.ProjectSpecificationMethods.browserClose(ProjectSpecificationMethods.java:21)
at base.ProjectSpecificationMethods.browserClose(ProjectSpecificationMethods.java:21)
at base.ProjectSpecificationMethods.browserClose(ProjectSpecificationMethods.java:21)
at base.ProjectSpecificationMethods.browserClose(ProjectSpecificationMethods.java:21)
at base.ProjectSpecificationMethods.browserClose(ProjectSpecificationMethods.java:21)
at base.ProjectSpecificationMethods.browserClose(ProjectSpecificationMethods.java:21)
at base.ProjectSpecificationMethods.browserClose(ProjectSpecificationMethods.java:21)
at base.ProjectSpecificationMethods.browserClose(ProjectSpecificationMethods.java:21)
at base.ProjectSpecificationMethods.browserClose(ProjectSpecificationMethods.java:21)
at base.ProjectSpecificationMethods.browserClose(ProjectSpecificationMethods.java:21)
at base.ProjectSpecificationMethods.browserClose(ProjectSpecificationMethods.java:21)
at base.ProjectSpecificationMethods.browserClose(ProjectSpecificationMethods.java:21)
at base.ProjectSpecificationMethods.browserClose(ProjectSpecificationMethods.java:21)
at base.ProjectSpecificationMethods.browserClose(ProjectSpecificationMethods.java:21)
at base.ProjectSpecificationMethods.browserClose(ProjectSpecificationMethods.java:21)
at base.ProjectSpecificationMethods.browserClose(ProjectSpecificationMethods.java:21)
at base.ProjectSpecificationMethods.browserClose(ProjectSpecificationMethods.java:21)
at base.ProjectSpecificationMethods.browserClose(ProjectSpecificationMethods.java:21)
at base.ProjectSpecificationMethods.browserClose(ProjectSpecificationMethods.java:21)
at base.ProjectSpecificationMethods.browserClose(ProjectSpecificationMethods.java:21)
at base.ProjectSpecificationMethods.browserClose(ProjectSpecificationMethods.java:21)
at base.ProjectSpecificationMethods.browserClose(ProjectSpecificationMethods.java:21)
at base.ProjectSpecificationMethods.browserClose(ProjectSpecificationMethods.java:21)
at base.ProjectSpecificationMethods.browserClose(ProjectSpecificationMethods.java:21)
at base.ProjectSpecificationMethods.browserClose(ProjectSpecificationMethods.java:21)
at base.ProjectSpecificationMethods.browserClose(ProjectSpecificationMethods.java:21)
at base.ProjectSpecificationMethods.browserClose(ProjectSpecificationMethods.java:21)
at base.ProjectSpecificationMethods.browserClose(ProjectSpecificationMethods.java:21)
at base.ProjectSpecificationMethods.browserClose(ProjectSpecificationMethods.java:21)
at base.ProjectSpecificationMethods.browserClose(ProjectSpecificationMethods.java:21)
at base.ProjectSpecificationMethods.browserClose(ProjectSpecificationMethods.java:21)
at base.ProjectSpecificationMethods.browserClose(ProjectSpecificationMethods.java:21)
at base.ProjectSpecificationMethods.browserClose(ProjectSpecificationMethods.java:21)
at base.ProjectSpecificationMethods.browserClose(ProjectSpecificationMethods.java:21)
at base.ProjectSpecificationMethods.browserClose(ProjectSpecificationMethods.java:21)
at base.ProjectSpecificationMethods.browserClose(ProjectSpecificationMethods.java:21)
at base.ProjectSpecificationMethods.browserClose(ProjectSpecificationMethods.java:21)
at base.ProjectSpecificationMethods.browserClose(ProjectSpecificationMethods.java:21)
at base.ProjectSpecificationMethods.browserClose(ProjectSpecificationMethods.java:21)
at base.ProjectSpecificationMethods.browserClose(ProjectSpecificationMethods.java:21)
at base.ProjectSpecificationMethods.browserClose(ProjectSpecificationMethods.java:21)
at base.ProjectSpecificationMethods.browserClose(ProjectSpecificationMethods.java:21)
at base.ProjectSpecificationMethods.browserClose(ProjectSpecificationMethods.java:21)
at base.ProjectSpecificationMethods.browserClose(ProjectSpecificationMethods.java:21)
at base.ProjectSpecificationMethods.browserClose(ProjectSpecificationMethods.java:21)
at base.ProjectSpecificationMethods.browserClose(ProjectSpecificationMethods.java:21)
at base.ProjectSpecificationMethods.browserClose(ProjectSpecificationMethods.java:21)
at base.ProjectSpecificationMethods.browserClose(ProjectSpecificationMethods.java:21)
at base.ProjectSpecificationMethods.browserClose(ProjectSpecificationMethods.java:21)
at base.ProjectSpecificationMethods.browserClose(ProjectSpecificationMethods.java:21)
at base.ProjectSpecificationMethods.browserClose(ProjectSpecificationMethods.java:21)
at base.ProjectSpecificationMethods.browserClose(ProjectSpecificationMethods.java:21)
at base.ProjectSpecificationMethods.browserClose(ProjectSpecificationMethods.java:21)
at base.ProjectSpecificationMethods.browserClose(ProjectSpecificationMethods.java:21)
at base.ProjectSpecificationMethods.browserClose(ProjectSpecificationMethods.java:21)
at base.ProjectSpecificationMethods.browserClose(ProjectSpecificationMethods.java:21)
at base.ProjectSpecificationMethods.browserClose(ProjectSpecificationMethods.java:21)
at base.ProjectSpecificationMethods.browserClose(ProjectSpecificationMethods.java:21)
at base.ProjectSpecificationMethods.browserClose(ProjectSpecificationMethods.java:21)
at base.ProjectSpecificationMethods.browserClose(ProjectSpecificationMethods.java:21)
at base.ProjectSpecificationMethods.browserClose(ProjectSpecificationMethods.java:21)
at base.ProjectSpecificationMethods.browserClose(ProjectSpecificationMethods.java:21)
at base.ProjectSpecificationMethods.browserClose(ProjectSpecificationMethods.java:21)
at base.ProjectSpecificationMethods.browserClose(ProjectSpecificationMethods.java:21)
at base.ProjectSpecificationMethods.browserClose(ProjectSpecificationMethods.java:21)
at base.ProjectSpecificationMethods.browserClose(ProjectSpecificationMethods.java:21)
at base.ProjectSpecificationMethods.browserClose(ProjectSpecificationMethods.java:21)
at base.ProjectSpecificationMethods.browserClose(ProjectSpecificationMethods.java:21)
at base.ProjectSpecificationMethods.browserClose(ProjectSpecificationMethods.java:21)
at base.ProjectSpecificationMethods.browserClose(ProjectSpecificationMethods.java:21)
at base.ProjectSpecificationMethods.browserClose(ProjectSpecificationMethods.java:21)
at base.ProjectSpecificationMethods.browserClose(ProjectSpecificationMethods.java:21)
at base.ProjectSpecificationMethods.browserClose(ProjectSpecificationMethods.java:21)
at base.ProjectSpecificationMethods.browserClose(ProjectSpecificationMethods.java:21)
at base.ProjectSpecificationMethods.browserClose(ProjectSpecificationMethods.java:21)
at base.ProjectSpecificationMethods.browserClose(ProjectSpecificationMethods.java:21)
at base.ProjectSpecificationMethods.browserClose(ProjectSpecificationMethods.java:21)
at base.ProjectSpecificationMethods.browserClose(ProjectSpecificationMethods.java:21)
at base.ProjectSpecificationMethods.browserClose(ProjectSpecificationMethods.java:21)
at base.ProjectSpecificationMethods.browserClose(ProjectSpecificationMethods.java:21)
at base.ProjectSpecificationMethods.browserClose(ProjectSpecificationMethods.java:21)
at base.ProjectSpecificationMethods.browserClose(ProjectSpecificationMethods.java:21)
at base.ProjectSpecificationMethods.browserClose(ProjectSpecificationMethods.java:21)
at base.ProjectSpecificationMethods.browserClose(ProjectSpecificationMethods.java:21)
at base.ProjectSpecificationMethods.browserClose(ProjectSpecificationMethods.java:21)
at base.ProjectSpecificationMethods.browserClose(ProjectSpecificationMethods.java:21)
at base.ProjectSpecificationMethods.browserClose(ProjectSpecificationMethods.java:21)
at base.ProjectSpecificationMethods.browserClose(ProjectSpecificationMethods.java:21)
at base.ProjectSpecificationMethods.browserClose(ProjectSpecificationMethods.java:21)
at base.ProjectSpecificationMethods.browserClose(ProjectSpecificationMethods.java:21)
at base.ProjectSpecificationMethods.browserClose(ProjectSpecificationMethods.java:21)
at base.ProjectSpecificationMethods.browserClose(ProjectSpecificationMethods.java:21)
at base.ProjectSpecificationMethods.browserClose(ProjectSpecificationMethods.java:21)
at base.ProjectSpecificationMethods.browserClose(ProjectSpecificationMethods.java:21)
at base.ProjectSpecificationMethods.browserClose(ProjectSpecificationMethods.java:21)
at base.ProjectSpecificationMethods.browserClose(ProjectSpecificationMethods.java:21)
at base.ProjectSpecificationMethods.browserClose(ProjectSpecificationMethods.java:21)
at base.ProjectSpecificationMethods.browserClose(ProjectSpecificationMethods.java:21)
at base.ProjectSpecificationMethods.browserClose(ProjectSpecificationMethods.java:21)
at base.ProjectSpecificationMethods.browserClose(ProjectSpecificationMethods.java:21)
at base.ProjectSpecificationMethods.browserClose(ProjectSpecificationMethods.java:21)
at base.ProjectSpecificationMethods.browserClose(ProjectSpecificationMethods.java:21)
at base.ProjectSpecificationMethods.browserClose(ProjectSpecificationMethods.java:21)
at base.ProjectSpecificationMethods.browserClose(ProjectSpecificationMethods.java:21)
at base.ProjectSpecificationMethods.browserClose(ProjectSpecificationMethods.java:21)
at base.ProjectSpecificationMethods.browserClose(ProjectSpecificationMethods.java:21)
at base.ProjectSpecificationMethods.browserClose(ProjectSpecificationMethods.java:21)
at base.ProjectSpecificationMethods.browserClose(ProjectSpecificationMethods.java:21)
at base.ProjectSpecificationMethods.browserClose(ProjectSpecificationMethods.java:21)
at base.ProjectSpecificationMethods.browserClose(ProjectSpecificationMethods.java:21)
at base.ProjectSpecificationMethods.browserClose(ProjectSpecificationMethods.java:21)
at base.ProjectSpecificationMethods.browserClose(ProjectSpecificationMethods.java:21)
at base.ProjectSpecificationMethods.browserClose(ProjectSpecificationMethods.java:21)
at base.ProjectSpecificationMethods.browserClose(ProjectSpecificationMethods.java:21)
at base.ProjectSpecificationMethods.browserClose(ProjectSpecificationMethods.java:21)
at base.ProjectSpecificationMethods.browserClose(ProjectSpecificationMethods.java:21)
at base.ProjectSpecificationMethods.browserClose(ProjectSpecificationMethods.java:21)
at base.ProjectSpecificationMethods.browserClose(ProjectSpecificationMethods.java:21)
at base.ProjectSpecificationMethods.browserClose(ProjectSpecificationMethods.java:21)
at base.ProjectSpecificationMethods.browserClose(ProjectSpecificationMethods.java:21)
at base.ProjectSpecificationMethods.browserClose(ProjectSpecificationMethods.java:21)
at base.ProjectSpecificationMethods.browserClose(ProjectSpecificationMethods.java:21)
at base.ProjectSpecificationMethods.browserClose(ProjectSpecificationMethods.java:21)
at base.ProjectSpecificationMethods.browserClose(ProjectSpecificationMethods.java:21)
at base.ProjectSpecificationMethods.browserClose(ProjectSpecificationMethods.java:21)
at base.ProjectSpecificationMethods.browserClose(ProjectSpecificationMethods.java:21)
at base.ProjectSpecificationMethods.browserClose(ProjectSpecificationMethods.java:21)
at base.ProjectSpecificationMethods.browserClose(ProjectSpecificationMethods.java:21)
at base.ProjectSpecificationMethods.browserClose(ProjectSpecificationMethods.java:21)
at base.ProjectSpecificationMethods.browserClose(ProjectSpecificationMethods.java:21)
at base.ProjectSpecificationMethods.browserClose(ProjectSpecificationMethods.java:21)
at base.ProjectSpecificationMethods.browserClose(ProjectSpecificationMethods.java:21)
at base.ProjectSpecificationMethods.browserClose(ProjectSpecificationMethods.java:21)
at base.ProjectSpecificationMethods.browserClose(ProjectSpecificationMethods.java:21)
at base.ProjectSpecificationMethods.browserClose(ProjectSpecificationMethods.java:21)
at base.ProjectSpecificationMethods.browserClose(ProjectSpecificationMethods.java:21)
at base.ProjectSpecificationMethods.browserClose(ProjectSpecificationMethods.java:21)
at base.ProjectSpecificationMethods.browserClose(ProjectSpecificationMethods.java:21)
at base.ProjectSpecificationMethods.browserClose(ProjectSpecificationMethods.java:21)
at base.ProjectSpecificationMethods.browserClose(ProjectSpecificationMethods.java:21)
at base.ProjectSpecificationMethods.browserClose(ProjectSpecificationMethods.java:21)
at base.ProjectSpecificationMethods.browserClose(ProjectSpecificationMethods.java:21)
at base.ProjectSpecificationMethods.browserClose(ProjectSpecificationMethods.java:21)
at base.ProjectSpecificationMethods.browserClose(ProjectSpecificationMethods.java:21)
at base.ProjectSpecificationMethods.browserClose(ProjectSpecificationMethods.java:21)
at base.ProjectSpecificationMethods.browserClose(ProjectSpecificationMethods.java:21)
at base.ProjectSpecificationMethods.browserClose(ProjectSpecificationMethods.java:21)
at base.ProjectSpecificationMethods.browserClose(ProjectSpecificationMethods.java:21)
at base.ProjectSpecificationMethods.browserClose(ProjectSpecificationMethods.java:21)
at base.ProjectSpecificationMethods.browserClose(ProjectSpecificationMethods.java:21)
at base.ProjectSpecificationMethods.browserClose(ProjectSpecificationMethods.java:21)
at base.ProjectSpecificationMethods.browserClose(ProjectSpecificationMethods.java:21)
at base.ProjectSpecificationMethods.browserClose(ProjectSpecificationMethods.java:21)
at base.ProjectSpecificationMethods.browserClose(ProjectSpecificationMethods.java:21)
at base.ProjectSpecificationMethods.browserClose(ProjectSpecificationMethods.java:21)
at base.ProjectSpecificationMethods.browserClose(ProjectSpecificationMethods.java:21)
at base.ProjectSpecificationMethods.browserClose(ProjectSpecificationMethods.java:21)
at base.ProjectSpecificationMethods.browserClose(ProjectSpecificationMethods.java:21)
at base.ProjectSpecificationMethods.browserClose(ProjectSpecificationMethods.java:21)
at base.ProjectSpecificationMethods.browserClose(ProjectSpecificationMethods.java:21)
at base.ProjectSpecificationMethods.browserClose(ProjectSpecificationMethods.java:21)
at base.ProjectSpecificationMethods.browserClose(ProjectSpecificationMethods.java:21)
at base.ProjectSpecificationMethods.browserClose(ProjectSpecificationMethods.java:21)
at base.ProjectSpecificationMethods.browserClose(ProjectSpecificationMethods.java:21)
at base.ProjectSpecificationMethods.browserClose(ProjectSpecificationMethods.java:21)
at base.ProjectSpecificationMethods.browserClose(ProjectSpecificationMethods.java:21)
at base.ProjectSpecificationMethods.browserClose(ProjectSpecificationMethods.java:21)
at base.ProjectSpecificationMethods.browserClose(ProjectSpecificationMethods.java:21)
at base.ProjectSpecificationMethods.browserClose(ProjectSpecificationMethods.java:21)
at base.ProjectSpecificationMethods.browserClose(ProjectSpecificationMethods.java:21)
at base.ProjectSpecificationMethods.browserClose(ProjectSpecificationMethods.java:21)
at base.ProjectSpecificationMethods.browserClose(ProjectSpecificationMethods.java:21)
at base.ProjectSpecificationMethods.browserClose(ProjectSpecificationMethods.java:21)
at base.ProjectSpecificationMethods.browserClose(ProjectSpecificationMethods.java:21)
at base.ProjectSpecificationMethods.browserClose(ProjectSpecificationMethods.java:21)
at base.ProjectSpecificationMethods.browserClose(ProjectSpecificationMethods.java:21)
at base.ProjectSpecificationMethods.browserClose(ProjectSpecificationMethods.java:21)
at base.ProjectSpecificationMethods.browserClose(ProjectSpecificationMethods.java:21)
at base.ProjectSpecificationMethods.browserClose(ProjectSpecificationMethods.java:21)
at base.ProjectSpecificationMethods.browserClose(ProjectSpecificationMethods.java:21)
at base.ProjectSpecificationMethods.browserClose(ProjectSpecificationMethods.java:21)
at base.ProjectSpecificationMethods.browserClose(ProjectSpecificationMethods.java:21)
at base.ProjectSpecificationMethods.browserClose(ProjectSpecificationMethods.java:21)
at base.ProjectSpecificationMethods.browserClose(ProjectSpecificationMethods.java:21)
at base.ProjectSpecificationMethods.browserClose(ProjectSpecificationMethods.java:21)
at base.ProjectSpecificationMethods.browserClose(ProjectSpecificationMethods.java:21)
at base.ProjectSpecificationMethods.browserClose(ProjectSpecificationMethods.java:21)
at base.ProjectSpecificationMethods.browserClose(ProjectSpecificationMethods.java:21)
at base.ProjectSpecificationMethods.browserClose(ProjectSpecificationMethods.java:21)
at base.ProjectSpecificationMethods.browserClose(ProjectSpecificationMethods.java:21)
at base.ProjectSpecificationMethods.browserClose(ProjectSpecificationMethods.java:21)
at base.ProjectSpecificationMethods.browserClose(ProjectSpecificationMethods.java:21)
at base.ProjectSpecificationMethods.browserClose(ProjectSpecificationMethods.java:21)
at base.ProjectSpecificationMethods.browserClose(ProjectSpecificationMethods.java:21)
at base.ProjectSpecificationMethods.browserClose(ProjectSpecificationMethods.java:21)
at base.ProjectSpecificationMethods.browserClose(ProjectSpecificationMethods.java:21)
at base.ProjectSpecificationMethods.browserClose(ProjectSpecificationMethods.java:21)
at base.ProjectSpecificationMethods.browserClose(ProjectSpecificationMethods.java:21)
at base.ProjectSpecificationMethods.browserClose(ProjectSpecificationMethods.java:21)
at base.ProjectSpecificationMethods.browserClose(ProjectSpecificationMethods.java:21)
at base.ProjectSpecificationMethods.browserClose(ProjectSpecificationMethods.java:21)
at base.ProjectSpecificationMethods.browserClose(ProjectSpecificationMethods.java:21)
at base.ProjectSpecificationMethods.browserClose(ProjectSpecificationMethods.java:21)
at base.ProjectSpecificationMethods.browserClose(ProjectSpecificationMethods.java:21)
at base.ProjectSpecificationMethods.browserClose(ProjectSpecificationMethods.java:21)
at base.ProjectSpecificationMethods.browserClose(ProjectSpecificationMethods.java:21)
at base.ProjectSpecificationMethods.browserClose(ProjectSpecificationMethods.java:21)
at base.ProjectSpecificationMethods.browserClose(ProjectSpecificationMethods.java:21)
at base.ProjectSpecificationMethods.browserClose(ProjectSpecificationMethods.java:21)
at base.ProjectSpecificationMethods.browserClose(ProjectSpecificationMethods.java:21)
at base.ProjectSpecificationMethods.browserClose(ProjectSpecificationMethods.java:21)
at base.ProjectSpecificationMethods.browserClose(ProjectSpecificationMethods.java:21)
at base.ProjectSpecificationMethods.browserClose(ProjectSpecificationMethods.java:21)
at base.ProjectSpecificationMethods.browserClose(ProjectSpecificationMethods.java:21)
at base.ProjectSpecificationMethods.browserClose(ProjectSpecificationMethods.java:21)
at base.ProjectSpecificationMethods.browserClose(ProjectSpecificationMethods.java:21)
at base.ProjectSpecificationMethods.browserClose(ProjectSpecificationMethods.java:21)
at base.ProjectSpecificationMethods.browserClose(ProjectSpecificationMethods.java:21)
at base.ProjectSpecificationMethods.browserClose(ProjectSpecificationMethods.java:21)
at base.ProjectSpecificationMethods.browserClose(ProjectSpecificationMethods.java:21)
at base.ProjectSpecificationMethods.browserClose(ProjectSpecificationMethods.java:21)
at base.ProjectSpecificationMethods.browserClose(ProjectSpecificationMethods.java:21)
at base.ProjectSpecificationMethods.browserClose(ProjectSpecificationMethods.java:21)
at base.ProjectSpecificationMethods.browserClose(ProjectSpecificationMethods.java:21)
at base.ProjectSpecificationMethods.browserClose(ProjectSpecificationMethods.java:21)
at base.ProjectSpecificationMethods.browserClose(ProjectSpecificationMethods.java:21)
at base.ProjectSpecificationMethods.browserClose(ProjectSpecificationMethods.java:21)
at base.ProjectSpecificationMethods.browserClose(ProjectSpecificationMethods.java:21)
at base.ProjectSpecificationMethods.browserClose(ProjectSpecificationMethods.java:21)
at base.ProjectSpecificationMethods.browserClose(ProjectSpecificationMethods.java:21)
at base.ProjectSpecificationMethods.browserClose(ProjectSpecificationMethods.java:21)
at base.ProjectSpecificationMethods.browserClose(ProjectSpecificationMethods.java:21)
at base.ProjectSpecificationMethods.browserClose(ProjectSpecificationMethods.java:21)
at base.ProjectSpecificationMethods.browserClose(ProjectSpecificationMethods.java:21)
at base.ProjectSpecificationMethods.browserClose(ProjectSpecificationMethods.java:21)
at base.ProjectSpecificationMethods.browserClose(ProjectSpecificationMethods.java:21)
at base.ProjectSpecificationMethods.browserClose(ProjectSpecificationMethods.java:21)
at base.ProjectSpecificationMethods.browserClose(ProjectSpecificationMethods.java:21)
at base.ProjectSpecificationMethods.browserClose(ProjectSpecificationMethods.java:21)
at base.ProjectSpecificationMethods.browserClose(ProjectSpecificationMethods.java:21)
at base.ProjectSpecificationMethods.browserClose(ProjectSpecificationMethods.java:21)
at base.ProjectSpecificationMethods.browserClose(ProjectSpecificationMethods.java:21)
at base.ProjectSpecificationMethods.browserClose(ProjectSpecificationMethods.java:21)
at base.ProjectSpecificationMethods.browserClose(ProjectSpecificationMethods.java:21)
at base.ProjectSpecificationMethods.browserClose(ProjectSpecificationMethods.java:21)
at base.ProjectSpecificationMethods.browserClose(ProjectSpecificationMethods.java:21)
at base.ProjectSpecificationMethods.browserClose(ProjectSpecificationMethods.java:21)
at base.ProjectSpecificationMethods.browserClose(ProjectSpecificationMethods.java:21)
at base.ProjectSpecificationMethods.browserClose(ProjectSpecificationMethods.java:21)
at base.ProjectSpecificationMethods.browserClose(ProjectSpecificationMethods.java:21)
at base.ProjectSpecificationMethods.browserClose(ProjectSpecificationMethods.java:21)
at base.ProjectSpecificationMethods.browserClose(ProjectSpecificationMethods.java:21)
at base.ProjectSpecificationMethods.browserClose(ProjectSpecificationMethods.java:21)
at base.ProjectSpecificationMethods.browserClose(ProjectSpecificationMethods.java:21)
at base.ProjectSpecificationMethods.browserClose(ProjectSpecificationMethods.java:21)
at base.ProjectSpecificationMethods.browserClose(ProjectSpecificationMethods.java:21)
at base.ProjectSpecificationMethods.browserClose(ProjectSpecificationMethods.java:21)
at base.ProjectSpecificationMethods.browserClose(ProjectSpecificationMethods.java:21)
at base.ProjectSpecificationMethods.browserClose(ProjectSpecificationMethods.java:21)
at base.ProjectSpecificationMethods.browserClose(ProjectSpecificationMethods.java:21)
at base.ProjectSpecificationMethods.browserClose(ProjectSpecificationMethods.java:21)
at base.ProjectSpecificationMethods.browserClose(ProjectSpecificationMethods.java:21)
at base.ProjectSpecificationMethods.browserClose(ProjectSpecificationMethods.java:21)
at base.ProjectSpecificationMethods.browserClose(ProjectSpecificationMethods.java:21)
at base.ProjectSpecificationMethods.browserClose(ProjectSpecificationMethods.java:21)
[...]
at base.ProjectSpecificationMethods.browserClose(ProjectSpecificationMethods.java:21)
at base.ProjectSpecificationMethods.browserClose(ProjectSpecificationMethods.java:21)
at base.ProjectSpecificationMethods.browserClose(ProjectSpecificationMethods.java:21)
at base.ProjectSpecificationMethods.browserClose(ProjectSpecificationMethods.java:21)
at base.ProjectSpecificationMethods.browserClose(ProjectSpecificationMethods.java:21)
at base.ProjectSpecificationMethods.browserClose(ProjectSpecificationMethods.java:21)
at base.ProjectSpecificationMethods.browserClose(ProjectSpecificationMethods.java:21)
at base.ProjectSpecificationMethods.browserClose(ProjectSpecificationMethods.java:21)
at base.ProjectSpecificationMethods.browserClose(ProjectSpecificationMethods.java:21)
at base.ProjectSpecificationMethods.browserClose(ProjectSpecificationMethods.java:21)
at base.ProjectSpecificationMethods.browserClose(ProjectSpecificationMethods.java:21)
at base.ProjectSpecificationMethods.browserClose(ProjectSpecificationMethods.java:21)
at base.ProjectSpecificationMethods.browserClose(ProjectSpecificationMethods.java:21)
at base.ProjectSpecificationMethods.browserClose(ProjectSpecificationMethods.java:21)
at base.ProjectSpecificationMethods.browserClose(ProjectSpecificationMethods.java:21)
at base.ProjectSpecificationMethods.browserClose(ProjectSpecificationMethods.java:21)
at base.ProjectSpecificationMethods.browserClose(ProjectSpecificationMethods.java:21)
at base.ProjectSpecificationMethods.browserClose(ProjectSpecificationMethods.java:21)
at base.ProjectSpecificationMethods.browserClose(ProjectSpecificationMethods.java:21)
at base.ProjectSpecificationMethods.browserClose(ProjectSpecificationMethods.java:21)
at base.ProjectSpecificationMethods.browserClose(ProjectSpecificationMethods.java:21)
at base.ProjectSpecificationMethods.browserClose(ProjectSpecificationMethods.java:21)
at base.ProjectSpecificationMethods.browserClose(ProjectSpecificationMethods.java:21)
at base.ProjectSpecificationMethods.browserClose(ProjectSpecificationMethods.java:21)
at base.ProjectSpecificationMethods.browserClose(ProjectSpecificationMethods.java:21)
at base.ProjectSpecificationMethods.browserClose(ProjectSpecificationMethods.java:21)
at base.ProjectSpecificationMethods.browserClose(ProjectSpecificationMethods.java:21)
at base.ProjectSpecificationMethods.browserClose(ProjectSpecificationMethods.java:21)
at base.ProjectSpecificationMethods.browserClose(ProjectSpecificationMethods.java:21)
at base.ProjectSpecificationMethods.browserClose(ProjectSpecificationMethods.java:21)
at base.ProjectSpecificationMethods.browserClose(ProjectSpecificationMethods.java:21)
at base.ProjectSpecificationMethods.browserClose(ProjectSpecificationMethods.java:21)
at base.ProjectSpecificationMethods.browserClose(ProjectSpecificationMethods.java:21)
at base.ProjectSpecificationMethods.browserClose(ProjectSpecificationMethods.java:21)
at base.ProjectSpecificationMethods.browserClose(ProjectSpecificationMethods.java:21)
at base.ProjectSpecificationMethods.browserClose(ProjectSpecificationMethods.java:21)
at base.ProjectSpecificationMethods.browserClose(ProjectSpecificationMethods.java:21)
at base.ProjectSpecificationMethods.browserClose(ProjectSpecificationMethods.java:21)
at base.ProjectSpecificationMethods.browserClose(ProjectSpecificationMethods.java:21)
at base.ProjectSpecificationMethods.browserClose(ProjectSpecificationMethods.java:21)
at base.ProjectSpecificationMethods.browserClose(ProjectSpecificationMethods.java:21)
at base.ProjectSpecificationMethods.browserClose(ProjectSpecificationMethods.java:21)
at base.ProjectSpecificationMethods.browserClose(ProjectSpecificationMethods.java:21)
at base.ProjectSpecificationMethods.browserClose(ProjectSpecificationMethods.java:21)
at base.ProjectSpecificationMethods.browserClose(ProjectSpecificationMethods.java:21)
at base.ProjectSpecificationMethods.browserClose(ProjectSpecificationMethods.java:21)
at base.ProjectSpecificationMethods.browserClose(ProjectSpecificationMethods.java:21)
at base.ProjectSpecificationMethods.browserClose(ProjectSpecificationMethods.java:21)
at base.ProjectSpecificationMethods.browserClose(ProjectSpecificationMethods.java:21)
at base.ProjectSpecificationMethods.browserClose(ProjectSpecificationMethods.java:21)
at base.ProjectSpecificationMethods.browserClose(ProjectSpecificationMethods.java:21)
at base.ProjectSpecificationMethods.browserClose(ProjectSpecificationMethods.java:21)
at base.ProjectSpecificationMethods.browserClose(ProjectSpecificationMethods.java:21)
at base.ProjectSpecificationMethods.browserClose(ProjectSpecificationMethods.java:21)
at base.ProjectSpecificationMethods.browserClose(ProjectSpecificationMethods.java:21)
at base.ProjectSpecificationMethods.browserClose(ProjectSpecificationMethods.java:21)
at base.ProjectSpecificationMethods.browserClose(ProjectSpecificationMethods.java:21)
at base.ProjectSpecificationMethods.browserClose(ProjectSpecificationMethods.java:21)
at base.ProjectSpecificationMethods.browserClose(ProjectSpecificationMethods.java:21)
at base.ProjectSpecificationMethods.browserClose(ProjectSpecificationMethods.java:21)
at base.ProjectSpecificationMethods.browserClose(ProjectSpecificationMethods.java:21)
at base.ProjectSpecificationMethods.browserClose(ProjectSpecificationMethods.java:21)
at base.ProjectSpecificationMethods.browserClose(ProjectSpecificationMethods.java:21)
at base.ProjectSpecificationMethods.browserClose(ProjectSpecificationMethods.java:21)
at base.ProjectSpecificationMethods.browserClose(ProjectSpecificationMethods.java:21)
at base.ProjectSpecificationMethods.browserClose(ProjectSpecificationMethods.java:21)
at base.ProjectSpecificationMethods.browserClose(ProjectSpecificationMethods.java:21)
at base.ProjectSpecificationMethods.browserClose(ProjectSpecificationMethods.java:21)
at base.ProjectSpecificationMethods.browserClose(ProjectSpecificationMethods.java:21)
at base.ProjectSpecificationMethods.browserClose(ProjectSpecificationMethods.java:21)
at base.ProjectSpecificationMethods.browserClose(ProjectSpecificationMethods.java:21)
at base.ProjectSpecificationMethods.browserClose(ProjectSpecificationMethods.java:21)
at base.ProjectSpecificationMethods.browserClose(ProjectSpecificationMethods.java:21)
at base.ProjectSpecificationMethods.browserClose(ProjectSpecificationMethods.java:21)
at base.ProjectSpecificationMethods.browserClose(ProjectSpecificationMethods.java:21)
at base.ProjectSpecificationMethods.browserClose(ProjectSpecificationMethods.java:21)
at base.ProjectSpecificationMethods.browserClose(ProjectSpecificationMethods.java:21)
at base.ProjectSpecificationMethods.browserClose(ProjectSpecificationMethods.java:21)
at base.ProjectSpecificationMethods.browserClose(ProjectSpecificationMethods.java:21)
at base.ProjectSpecificationMethods.browserClose(ProjectSpecificationMethods.java:21)
at base.ProjectSpecificationMethods.browserClose(ProjectSpecificationMethods.java:21)
at base.ProjectSpecificationMethods.browserClose(ProjectSpecificationMethods.java:21)
at base.ProjectSpecificationMethods.browserClose(ProjectSpecificationMethods.java:21)
at base.ProjectSpecificationMethods.browserClose(ProjectSpecificationMethods.java:21)
at base.ProjectSpecificationMethods.browserClose(ProjectSpecificationMethods.java:21)
at base.ProjectSpecificationMethods.browserClose(ProjectSpecificationMethods.java:21)
at base.ProjectSpecificationMethods.browserClose(ProjectSpecificationMethods.java:21)
at base.ProjectSpecificationMethods.browserClose(ProjectSpecificationMethods.java:21)
at base.ProjectSpecificationMethods.browserClose(ProjectSpecificationMethods.java:21)
at base.ProjectSpecificationMethods.browserClose(ProjectSpecificationMethods.java:21)
at base.ProjectSpecificationMethods.browserClose(ProjectSpecificationMethods.java:21)
at base.ProjectSpecificationMethods.browserClose(ProjectSpecificationMethods.java:21)
at base.ProjectSpecificationMethods.browserClose(ProjectSpecificationMethods.java:21)
at base.ProjectSpecificationMethods.browserClose(ProjectSpecificationMethods.java:21)
at base.ProjectSpecificationMethods.browserClose(ProjectSpecificationMethods.java:21)
at base.ProjectSpecificationMethods.browserClose(ProjectSpecificationMethods.java:21)
at base.ProjectSpecificationMethods.browserClose(ProjectSpecificationMethods.java:21)
at base.ProjectSpecificationMethods.browserClose(ProjectSpecificationMethods.java:21)
at base.ProjectSpecificationMethods.browserClose(ProjectSpecificationMethods.java:21)
at base.ProjectSpecificationMethods.browserClose(ProjectSpecificationMethods.java:21)
at base.ProjectSpecificationMethods.browserClose(ProjectSpecificationMethods.java:21)
at base.ProjectSpecificationMethods.browserClose(ProjectSpecificationMethods.java:21)
at base.ProjectSpecificationMethods.browserClose(ProjectSpecificationMethods.java:21)
at base.ProjectSpecificationMethods.browserClose(ProjectSpecificationMethods.java:21)
at base.ProjectSpecificationMethods.browserClose(ProjectSpecificationMethods.java:21)
at base.ProjectSpecificationMethods.browserClose(ProjectSpecificationMethods.java:21)
at base.ProjectSpecificationMethods.browserClose(ProjectSpecificationMethods.java:21)
at base.ProjectSpecificationMethods.browserClose(ProjectSpecificationMethods.java:21)
at base.ProjectSpecificationMethods.browserClose(ProjectSpecificationMethods.java:21)
at base.ProjectSpecificationMethods.browserClose(ProjectSpecificationMethods.java:21)
at base.ProjectSpecificationMethods.browserClose(ProjectSpecificationMethods.java:21)
at base.ProjectSpecificationMethods.browserClose(ProjectSpecificationMethods.java:21)
at base.ProjectSpecificationMethods.browserClose(ProjectSpecificationMethods.java:21)
at base.ProjectSpecificationMethods.browserClose(ProjectSpecificationMethods.java:21)
at base.ProjectSpecificationMethods.browserClose(ProjectSpecificationMethods.java:21)
at base.ProjectSpecificationMethods.browserClose(ProjectSpecificationMethods.java:21)
at base.ProjectSpecificationMethods.browserClose(ProjectSpecificationMethods.java:21)
at base.ProjectSpecificationMethods.browserClose(ProjectSpecificationMethods.java:21)
at base.ProjectSpecificationMethods.browserClose(ProjectSpecificationMethods.java:21)
at base.ProjectSpecificationMethods.browserClose(ProjectSpecificationMethods.java:21)
at base.ProjectSpecificationMethods.browserClose(ProjectSpecificationMethods.java:21)
at base.ProjectSpecificationMethods.browserClose(ProjectSpecificationMethods.java:21)
at base.ProjectSpecificationMethods.browserClose(ProjectSpecificationMethods.java:21)
at base.ProjectSpecificationMethods.browserClose(ProjectSpecificationMethods.java:21)
at base.ProjectSpecificationMethods.browserClose(ProjectSpecificationMethods.java:21)
at base.ProjectSpecificationMethods.browserClose(ProjectSpecificationMethods.java:21)
at base.ProjectSpecificationMethods.browserClose(ProjectSpecificationMethods.java:21)
at base.ProjectSpecificationMethods.browserClose(ProjectSpecificationMethods.java:21)
at base.ProjectSpecificationMethods.browserClose(ProjectSpecificationMethods.java:21)
at base.ProjectSpecificationMethods.browserClose(ProjectSpecificationMethods.java:21)
at base.ProjectSpecificationMethods.browserClose(ProjectSpecificationMethods.java:21)
at base.ProjectSpecificationMethods.browserClose(ProjectSpecificationMethods.java:21)
at base.ProjectSpecificationMethods.browserClose(ProjectSpecificationMethods.java:21)
at base.ProjectSpecificationMethods.browserClose(ProjectSpecificationMethods.java:21)
at base.ProjectSpecificationMethods.browserClose(ProjectSpecificationMethods.java:21)
at base.ProjectSpecificationMethods.browserClose(ProjectSpecificationMethods.java:21)
at base.ProjectSpecificationMethods.browserClose(ProjectSpecificationMethods.java:21)
at base.ProjectSpecificationMethods.browserClose(ProjectSpecificationMethods.java:21)
at base.ProjectSpecificationMethods.browserClose(ProjectSpecificationMethods.java:21)
at base.ProjectSpecificationMethods.browserClose(ProjectSpecificationMethods.java:21)
at base.ProjectSpecificationMethods.browserClose(ProjectSpecificationMethods.java:21)
at base.ProjectSpecificationMethods.browserClose(ProjectSpecificationMethods.java:21)
at base.ProjectSpecificationMethods.browserClose(ProjectSpecificationMethods.java:21)
at base.ProjectSpecificationMethods.browserClose(ProjectSpecificationMethods.java:21)
at base.ProjectSpecificationMethods.browserClose(ProjectSpecificationMethods.java:21)
at base.ProjectSpecificationMethods.browserClose(ProjectSpecificationMethods.java:21)
at base.ProjectSpecificationMethods.browserClose(ProjectSpecificationMethods.java:21)
at base.ProjectSpecificationMethods.browserClose(ProjectSpecificationMethods.java:21)
at base.ProjectSpecificationMethods.browserClose(ProjectSpecificationMethods.java:21)
at base.ProjectSpecificationMethods.browserClose(ProjectSpecificationMethods.java:21)
at base.ProjectSpecificationMethods.browserClose(ProjectSpecificationMethods.java:21)
at base.ProjectSpecificationMethods.browserClose(ProjectSpecificationMethods.java:21)
at base.ProjectSpecificationMethods.browserClose(ProjectSpecificationMethods.java:21)
at base.ProjectSpecificationMethods.browserClose(ProjectSpecificationMethods.java:21)
at base.ProjectSpecificationMethods.browserClose(ProjectSpecificationMethods.java:21)
at base.ProjectSpecificationMethods.browserClose(ProjectSpecificationMethods.java:21)
at base.ProjectSpecificationMethods.browserClose(ProjectSpecificationMethods.java:21)
at base.ProjectSpecificationMethods.browserClose(ProjectSpecificationMethods.java:21)
at base.ProjectSpecificationMethods.browserClose(ProjectSpecificationMethods.java:21)
at base.ProjectSpecificationMethods.browserClose(ProjectSpecificationMethods.java:21)
at base.ProjectSpecificationMethods.browserClose(ProjectSpecificationMethods.java:21)
at base.ProjectSpecificationMethods.browserClose(ProjectSpecificationMethods.java:21)
at base.ProjectSpecificationMethods.browserClose(ProjectSpecificationMethods.java:21)
at base.ProjectSpecificationMethods.browserClose(ProjectSpecificationMethods.java:21)
at base.ProjectSpecificationMethods.browserClose(ProjectSpecificationMethods.java:21)
at base.ProjectSpecificationMethods.browserClose(ProjectSpecificationMethods.java:21)
at base.ProjectSpecificationMethods.browserClose(ProjectSpecificationMethods.java:21)
at base.ProjectSpecificationMethods.browserClose(ProjectSpecificationMethods.java:21)
at base.ProjectSpecificationMethods.browserClose(ProjectSpecificationMethods.java:21)
at base.ProjectSpecificationMethods.browserClose(ProjectSpecificationMethods.java:21)
at base.ProjectSpecificationMethods.browserClose(ProjectSpecificationMethods.java:21)
at base.ProjectSpecificationMethods.browserClose(ProjectSpecificationMethods.java:21)
at base.ProjectSpecificationMethods.browserClose(ProjectSpecificationMethods.java:21)
at base.ProjectSpecificationMethods.browserClose(ProjectSpecificationMethods.java:21)
at base.ProjectSpecificationMethods.browserClose(ProjectSpecificationMethods.java:21)
at base.ProjectSpecificationMethods.browserClose(ProjectSpecificationMethods.java:21)
at base.ProjectSpecificationMethods.browserClose(ProjectSpecificationMethods.java:21)
at base.ProjectSpecificationMethods.browserClose(ProjectSpecificationMethods.java:21)
at base.ProjectSpecificationMethods.browserClose(ProjectSpecificationMethods.java:21)
at base.ProjectSpecificationMethods.browserClose(ProjectSpecificationMethods.java:21)
at base.ProjectSpecificationMethods.browserClose(ProjectSpecificationMethods.java:21)
at base.ProjectSpecificationMethods.browserClose(ProjectSpecificationMethods.java:21)
at base.ProjectSpecificationMethods.browserClose(ProjectSpecificationMethods.java:21)
at base.ProjectSpecificationMethods.browserClose(ProjectSpecificationMethods.java:21)
at base.ProjectSpecificationMethods.browserClose(ProjectSpecificationMethods.java:21)
at base.ProjectSpecificationMethods.browserClose(ProjectSpecificationMethods.java:21)
at base.ProjectSpecificationMethods.browserClose(ProjectSpecificationMethods.java:21)
at base.ProjectSpecificationMethods.browserClose(ProjectSpecificationMethods.java:21)
at base.ProjectSpecificationMethods.browserClose(ProjectSpecificationMethods.java:21)
at base.ProjectSpecificationMethods.browserClose(ProjectSpecificationMethods.java:21)
at base.ProjectSpecificationMethods.browserClose(ProjectSpecificationMethods.java:21)
at base.ProjectSpecificationMethods.browserClose(ProjectSpecificationMethods.java:21)
at base.ProjectSpecificationMethods.browserClose(ProjectSpecificationMethods.java:21)
at base.ProjectSpecificationMethods.browserClose(ProjectSpecificationMethods.java:21)
at base.ProjectSpecificationMethods.browserClose(ProjectSpecificationMethods.java:21)
at base.ProjectSpecificationMethods.browserClose(ProjectSpecificationMethods.java:21)
at base.ProjectSpecificationMethods.browserClose(ProjectSpecificationMethods.java:21)
at base.ProjectSpecificationMethods.browserClose(ProjectSpecificationMethods.java:21)
at base.ProjectSpecificationMethods.browserClose(ProjectSpecificationMethods.java:21)
at base.ProjectSpecificationMethods.browserClose(ProjectSpecificationMethods.java:21)
at base.ProjectSpecificationMethods.browserClose(ProjectSpecificationMethods.java:21)
at base.ProjectSpecificationMethods.browserClose(ProjectSpecificationMethods.java:21)
at base.ProjectSpecificationMethods.browserClose(ProjectSpecificationMethods.java:21)
at base.ProjectSpecificationMethods.browserClose(ProjectSpecificationMethods.java:21)
at base.ProjectSpecificationMethods.browserClose(ProjectSpecificationMethods.java:21)
at base.ProjectSpecificationMethods.browserClose(ProjectSpecificationMethods.java:21)
at base.ProjectSpecificationMethods.browserClose(ProjectSpecificationMethods.java:21)
at base.ProjectSpecificationMethods.browserClose(ProjectSpecificationMethods.java:21)
at base.ProjectSpecificationMethods.browserClose(ProjectSpecificationMethods.java:21)
at base.ProjectSpecificationMethods.browserClose(ProjectSpecificationMethods.java:21)
at base.ProjectSpecificationMethods.browserClose(ProjectSpecificationMethods.java:21)
at base.ProjectSpecificationMethods.browserClose(ProjectSpecificationMethods.java:21)
at base.ProjectSpecificationMethods.browserClose(ProjectSpecificationMethods.java:21)
at base.ProjectSpecificationMethods.browserClose(ProjectSpecificationMethods.java:21)
at base.ProjectSpecificationMethods.browserClose(ProjectSpecificationMethods.java:21)
at base.ProjectSpecificationMethods.browserClose(ProjectSpecificationMethods.java:21)
at base.ProjectSpecificationMethods.browserClose(ProjectSpecificationMethods.java:21)
at base.ProjectSpecificationMethods.browserClose(ProjectSpecificationMethods.java:21)
at base.ProjectSpecificationMethods.browserClose(ProjectSpecificationMethods.java:21)
at base.ProjectSpecificationMethods.browserClose(ProjectSpecificationMethods.java:21)
at base.ProjectSpecificationMethods.browserClose(ProjectSpecificationMethods.java:21)
at base.ProjectSpecificationMethods.browserClose(ProjectSpecificationMethods.java:21)
at base.ProjectSpecificationMethods.browserClose(ProjectSpecificationMethods.java:21)
at base.ProjectSpecificationMethods.browserClose(ProjectSpecificationMethods.java:21)
at base.ProjectSpecificationMethods.browserClose(ProjectSpecificationMethods.java:21)
at base.ProjectSpecificationMethods.browserClose(ProjectSpecificationMethods.java:21)
at base.ProjectSpecificationMethods.browserClose(ProjectSpecificationMethods.java:21)
at base.ProjectSpecificationMethods.browserClose(ProjectSpecificationMethods.java:21)
at base.ProjectSpecificationMethods.browserClose(ProjectSpecificationMethods.java:21)
at base.ProjectSpecificationMethods.browserClose(ProjectSpecificationMethods.java:21)
]]>
    </error>
  </testcase> <!-- browserClose -->
  <system-out/>
  <testcase classname="test.TC_002_LoginTest" name="loginTest" time="1.688"/>
  <system-out/>
</testsuite> <!-- test.TC_002_LoginTest -->
